#
# A fatal error has been detected by the Java Runtime Environment:
#
#  SIGBUS (0x7) at pc=0x00007f134747c2fe, pid=34, tid=0x00007f12e3cfe640
#
# JRE version: OpenJDK Runtime Environment (8.0_302-b07) (build 1.8.0_302-b07)
# Java VM: OpenJDK 64-Bit Server VM GraalVM CE 21.2.0 (25.302-b07-jvmci-21.2-b08 mixed mode linux-amd64 compressed oops)
# Problematic frame:
# V  [libjvm.so+0xb4c2fe]  ObjectSynchronizer::inflate(Thread*, oopDesc*, ObjectSynchronizer::InflateCause)+0x16e
#
# Core dump written. Default location: /home/runner/eaglecraft-server-1-backup/java/bukkit_command/core or core.34
#
# If you would like to submit a bug report, please visit:
#   https://github.com/oracle/graal/issues
#

---------------  T H R E A D  ---------------

Current thread (0x00007f1340368000):  JavaThread "Server thread" [_thread_in_vm, id=102, stack(0x00007f12e3bfe000,0x00007f12e3cff000)]

siginfo: si_signo: 7 (SIGBUS), si_code: 2 (BUS_ADRERR), si_addr: 0x00007f1346285050

Registers:
RAX=0x00007f1346285050, RBX=0x0000000000000001, RCX=0x0000000000000000, RDX=0x0000000000000001
RSP=0x00007f12e3cfcc70, RBP=0x00007f12e3cfce10, RSI=0x00000000f7c2ad08, RDI=0x00007f1340368000
R8 =0x0000000000000000, R9 =0x00007f12e3cfcfa8, R10=0x00000000f7c2ad08, R11=0x0000000000000005
R12=0x00007f1340368000, R13=0x00007f12e3cfcfa8, R14=0x00000000f7c2ad08, R15=0x00007f13140047e8
RIP=0x00007f134747c2fe, EFLAGS=0x0000000000010202, CSGSFS=0x002b000000000033, ERR=0x0000000000000006
  TRAPNO=0x000000000000000e

Top of Stack: (sp=0x00007f12e3cfcc70)
0x00007f12e3cfcc70:   00007f12e3cfcd10 00007f1346c40270
0x00007f12e3cfcc80:   00000000f7c2ad08 00007f1347a4b620
0x00007f12e3cfcc90:   00000002e3cfcc90 00007f12e3cfccd0
0x00007f12e3cfcca0:   0000000000000000 0000000000000000
0x00007f12e3cfccb0:   00007f12e3cfcc00 00007f13474c057b
0x00007f12e3cfccc0:   00007f12e3cfcd10 00007f1346c08081
0x00007f12e3cfccd0:   0000000000000005 0000000000000001
0x00007f12e3cfcce0:   00007f1340368000 00007f13100416e0
0x00007f12e3cfccf0:   00007f1347a3db80 000000010010b720
0x00007f12e3cfcd00:   00007f134033a5d0 0000000000000002
0x00007f12e3cfcd10:   00007f12e3cfce10 00007f1346c41b41
0x00007f12e3cfcd20:   00007f1347a41db3 00000000000003d8
0x00007f12e3cfcd30:   00007f1310041ac8 00007f13100416f0
0x00007f12e3cfcd40:   00007f13100416e0 00007f1340368948
0x00007f12e3cfcd50:   00007f134007f7b0 00007f1340363c30
0x00007f12e3cfcd60:   00007f12e3cfcdd0 0000000000000000
0x00007f12e3cfcd70:   00007f12e3cfce10 00007f1346c019c6
0x00007f12e3cfcd80:   0000000000000000 0000000000000000
0x00007f12e3cfcd90:   00000000f7c2ad00 00007f1300000000
0x00007f12e3cfcda0:   00007f1200000041 0000000000000000
0x00007f12e3cfcdb0:   00007f1200000000 00007f12e3cfce60
0x00007f12e3cfcdc0:   0000000000000000 00007f12e93036e0
0x00007f12e3cfcdd0:   00007f12e9311d20 00007f1340368000
0x00007f12e3cfcde0:   00007f12e3cfcee8 00007f1340368000
0x00007f12e3cfcdf0:   0000000000000000 00007f1340368948
0x00007f12e3cfce00:   00007f12e3cfcf48 00007f1340368000
0x00007f12e3cfce10:   00007f12e3cfce40 00007f134747ccff
0x00007f12e3cfce20:   00007f12e3cfceb0 00007f1340368000
0x00007f12e3cfce30:   0000000000000000 00007f12e3cfcf48
0x00007f12e3cfce40:   00007f12e3cfceb0 00007f1347087202
0x00007f12e3cfce50:   0000000000000000 00007f1340368948
0x00007f12e3cfce60:   0000000000000005 00007f1340368000 

Instructions: (pc=0x00007f134747c2fe)
0x00007f134747c2de:   49 0f b1 16 49 39 c5 0f 85 45 03 00 00 48 8b 05
0x00007f134747c2ee:   be 82 58 00 48 8b 00 48 85 c0 74 08 48 8b 40 28
0x00007f134747c2fe:   48 83 00 01 48 8b 05 37 37 58 00 80 38 00 0f 84
0x00007f134747c30e:   e8 00 00 00 48 8b 15 bf 4e 58 00 80 3a 00 0f 85 

Register to memory mapping:

RAX=0x00007f1346285050 is an unknown value
RBX=0x0000000000000001 is an unknown value
RCX=0x0000000000000000 is an unknown value
RDX=0x0000000000000001 is an unknown value
RSP=0x00007f12e3cfcc70 is pointing into the stack for thread: 0x00007f1340368000
RBP=0x00007f12e3cfce10 is pointing into the stack for thread: 0x00007f1340368000
RSI=0x00000000f7c2ad08 is an oop
java.lang.UNIXProcess 
 - klass: 'java/lang/UNIXProcess'
RDI=0x00007f1340368000 is a thread
R8 =0x0000000000000000 is an unknown value
R9 =0x00007f12e3cfcfa8 is pointing into the stack for thread: 0x00007f1340368000
R10=0x00000000f7c2ad08 is an oop
java.lang.UNIXProcess 
 - klass: 'java/lang/UNIXProcess'
R11=0x0000000000000005 is an unknown value
R12=0x00007f1340368000 is a thread
R13=0x00007f12e3cfcfa8 is pointing into the stack for thread: 0x00007f1340368000
R14=0x00000000f7c2ad08 is an oop
java.lang.UNIXProcess 
 - klass: 'java/lang/UNIXProcess'
R15=0x00007f13140047e8 is an unknown value


Stack: [0x00007f12e3bfe000,0x00007f12e3cff000],  sp=0x00007f12e3cfcc70,  free space=1019k
Native frames: (J=compiled Java code, j=interpreted, Vv=VM code, C=native code)
V  [libjvm.so+0xb4c2fe]  ObjectSynchronizer::inflate(Thread*, oopDesc*, ObjectSynchronizer::InflateCause)+0x16e
V  [libjvm.so+0xb4ccff]  ObjectSynchronizer::wait(Handle, long, Thread*)+0x3f
V  [libjvm.so+0x757202]  JVM_MonitorWait+0xa2
j  java.lang.Object.wait(J)V+0
j  java.lang.Object.wait()V+2
j  java.lang.UNIXProcess.waitFor()I+8
j  org.bukkit.craftbukkit.libs.jline.internal.TerminalLineSettings.exec([Ljava/lang/String;)Ljava/lang/String;+120
j  org.bukkit.craftbukkit.libs.jline.internal.TerminalLineSettings.exec(Ljava/lang/String;)Ljava/lang/String;+39
j  org.bukkit.craftbukkit.libs.jline.internal.TerminalLineSettings.stty(Ljava/lang/String;)Ljava/lang/String;+39
j  org.bukkit.craftbukkit.libs.jline.internal.TerminalLineSettings.get(Ljava/lang/String;)Ljava/lang/String;+2
j  org.bukkit.craftbukkit.libs.jline.internal.TerminalLineSettings.getProperty(Ljava/lang/String;)I+46
j  org.bukkit.craftbukkit.libs.jline.UnixTerminal.getWidth()I+6
j  org.bukkit.craftbukkit.libs.jline.console.ConsoleReader.drawBuffer(I)V+202
j  org.bukkit.craftbukkit.libs.jline.console.ConsoleReader.drawBuffer()V+2
j  org.bukkit.craftbukkit.libs.jline.console.ConsoleReader.drawLine()V+67
j  org.bukkit.craftbukkit.v1_5_R3.util.TerminalConsoleHandler.flush()V+30
j  java.util.logging.ConsoleHandler.publish(Ljava/util/logging/LogRecord;)V+6
j  java.util.logging.Logger.log(Ljava/util/logging/LogRecord;)V+87
j  org.bukkit.plugin.PluginLogger.log(Ljava/util/logging/LogRecord;)V+30
j  java.util.logging.Logger.doLog(Ljava/util/logging/LogRecord;)V+46
j  java.util.logging.Logger.log(Ljava/util/logging/Level;Ljava/lang/String;)V+21
j  java.util.logging.Logger.info(Ljava/lang/String;)V+5
j  com.metagamingnetwork.autosaver.autosaver$1.run()V+64
J 4253 JVMCI-native org.bukkit.craftbukkit.v1_5_R3.scheduler.CraftScheduler.mainThreadHeartbeat(I)V (275 bytes) @ 0x00007f1331a02004 [0x00007f1331a01a40+0x5c4]
J 4495 JVMCI-native net.minecraft.server.v1_5_R3.MinecraftServer.r()V (417 bytes) @ 0x00007f13314c7684 [0x00007f13314c7620+0x64]
J 4330 JVMCI-native net.minecraft.server.v1_5_R3.MinecraftServer.q()V (326 bytes) @ 0x00007f1331a4a134 [0x00007f1331a49fe0+0x154]
J 4190% JVMCI-native net.minecraft.server.v1_5_R3.MinecraftServer.run()V (674 bytes) @ 0x00007f133186aa2c [0x00007f133186a7a0+0x28c]
j  net.minecraft.server.v1_5_R3.ThreadServerApplication.run()V+4
v  ~StubRoutines::call_stub
V  [libjvm.so+0x6b7b5d]  JavaCalls::call_helper(JavaValue*, methodHandle*, JavaCallArguments*, Thread*)+0xc5d
V  [libjvm.so+0x6b54b3]  JavaCalls::call_virtual(JavaValue*, KlassHandle, Symbol*, Symbol*, JavaCallArguments*, Thread*)+0x263
V  [libjvm.so+0x6b5a7f]  JavaCalls::call_virtual(JavaValue*, Handle, KlassHandle, Symbol*, Symbol*, Thread*)+0x4f
V  [libjvm.so+0x755c6c]  thread_entry(JavaThread*, Thread*)+0x6c
V  [libjvm.so+0xb8613b]  JavaThread::thread_main_inner()+0xdb
V  [libjvm.so+0xb86409]  JavaThread::run()+0x299
V  [libjvm.so+0xa13d02]  java_start(Thread*)+0x102
C  [libpthread.so.0+0x8d3e]  start_thread+0xce

Java frames: (J=compiled Java code, j=interpreted, Vv=VM code)
j  java.lang.Object.wait(J)V+0
j  java.lang.Object.wait()V+2
j  java.lang.UNIXProcess.waitFor()I+8
j  org.bukkit.craftbukkit.libs.jline.internal.TerminalLineSettings.exec([Ljava/lang/String;)Ljava/lang/String;+120
j  org.bukkit.craftbukkit.libs.jline.internal.TerminalLineSettings.exec(Ljava/lang/String;)Ljava/lang/String;+39
j  org.bukkit.craftbukkit.libs.jline.internal.TerminalLineSettings.stty(Ljava/lang/String;)Ljava/lang/String;+39
j  org.bukkit.craftbukkit.libs.jline.internal.TerminalLineSettings.get(Ljava/lang/String;)Ljava/lang/String;+2
j  org.bukkit.craftbukkit.libs.jline.internal.TerminalLineSettings.getProperty(Ljava/lang/String;)I+46
j  org.bukkit.craftbukkit.libs.jline.UnixTerminal.getWidth()I+6
j  org.bukkit.craftbukkit.libs.jline.console.ConsoleReader.drawBuffer(I)V+202
j  org.bukkit.craftbukkit.libs.jline.console.ConsoleReader.drawBuffer()V+2
j  org.bukkit.craftbukkit.libs.jline.console.ConsoleReader.drawLine()V+67
j  org.bukkit.craftbukkit.v1_5_R3.util.TerminalConsoleHandler.flush()V+30
j  java.util.logging.ConsoleHandler.publish(Ljava/util/logging/LogRecord;)V+6
j  java.util.logging.Logger.log(Ljava/util/logging/LogRecord;)V+87
j  org.bukkit.plugin.PluginLogger.log(Ljava/util/logging/LogRecord;)V+30
j  java.util.logging.Logger.doLog(Ljava/util/logging/LogRecord;)V+46
j  java.util.logging.Logger.log(Ljava/util/logging/Level;Ljava/lang/String;)V+21
j  java.util.logging.Logger.info(Ljava/lang/String;)V+5
j  com.metagamingnetwork.autosaver.autosaver$1.run()V+64
J 4253 JVMCI-native org.bukkit.craftbukkit.v1_5_R3.scheduler.CraftScheduler.mainThreadHeartbeat(I)V (275 bytes) @ 0x00007f1331a02004 [0x00007f1331a01a40+0x5c4]
J 4495 JVMCI-native net.minecraft.server.v1_5_R3.MinecraftServer.r()V (417 bytes) @ 0x00007f13314c7684 [0x00007f13314c7620+0x64]
J 4330 JVMCI-native net.minecraft.server.v1_5_R3.MinecraftServer.q()V (326 bytes) @ 0x00007f1331a4a134 [0x00007f1331a49fe0+0x154]
J 4190% JVMCI-native net.minecraft.server.v1_5_R3.MinecraftServer.run()V (674 bytes) @ 0x00007f133186aa2c [0x00007f133186a7a0+0x28c]
j  net.minecraft.server.v1_5_R3.ThreadServerApplication.run()V+4
v  ~StubRoutines::call_stub

---------------  P R O C E S S  ---------------

Java Threads: ( => current thread )
  0x00007f12d4674000 JavaThread "process reaper" daemon [_thread_blocked, id=366, stack(0x00007f1330009000,0x00007f1330042000)]
  0x00007f12d43cf800 JavaThread "File IO Thread" [_thread_blocked, id=170, stack(0x00007f12c5fff000,0x00007f12c6100000)]
  0x00007f12d43b5000 JavaThread "pool-1-thread-1" [_thread_blocked, id=167, stack(0x00007f12c7cff000,0x00007f12c7e00000)]
  0x00007f12d4078000 JavaThread "Listen thread" [_thread_in_native, id=110, stack(0x00007f12d18ff000,0x00007f12d1a00000)]
  0x00007f12d4004800 JavaThread "Thread-5" daemon [_thread_in_native, id=103, stack(0x00007f12e3afd000,0x00007f12e3bfe000)]
  0x00007f134000a000 JavaThread "DestroyJavaVM" [_thread_blocked, id=52, stack(0x00007f13466ef000,0x00007f13467ef000)]
=>0x00007f1340368000 JavaThread "Server thread" [_thread_in_vm, id=102, stack(0x00007f12e3bfe000,0x00007f12e3cff000)]
  0x00007f1340341000 JavaThread "Thread-4" daemon [_thread_blocked, id=101, stack(0x00007f12e3cff000,0x00007f12e3e00000)]
  0x00007f13402f7800 JavaThread "Snooper Timer" daemon [_thread_blocked, id=84, stack(0x00007f12eb2ff000,0x00007f12eb400000)]
  0x00007f12f0034800 JavaThread "Libgraal MBean Registration" daemon [_thread_blocked, id=79, stack(0x00007f1303aff000,0x00007f1303c00000)]
  0x00007f13401d9000 JavaThread "CrashLoopDetector" daemon [_thread_blocked, id=76, stack(0x00007f13200e9000,0x00007f13201ea000)]
  0x00007f134016a800 JavaThread "Service Thread" daemon [_thread_blocked, id=72, stack(0x00007f1323312000,0x00007f1323413000)]
  0x00007f1340167800 JavaThread "C1 CompilerThread1" daemon [_thread_blocked, id=68, stack(0x00007f1323414000,0x00007f1323614000)]
  0x00007f1340164800 JavaThread "JVMCI-native CompilerThread0" daemon [_thread_blocked, id=67, stack(0x00007f1323615000,0x00007f1323815000)]
  0x00007f1340161800 JavaThread "Signal Dispatcher" daemon [_thread_blocked, id=66, stack(0x00007f1323815000,0x00007f1323916000)]
  0x00007f134012f000 JavaThread "Finalizer" daemon [_thread_blocked, id=65, stack(0x00007f1323bfc000,0x00007f1323cfd000)]
  0x00007f134012a800 JavaThread "Reference Handler" daemon [_thread_blocked, id=63, stack(0x00007f1323cfd000,0x00007f1323dfe000)]

Other Threads:
  0x00007f1340122800 VMThread [stack: 0x00007f1323dff000,0x00007f1323eff000] [id=60]
  0x00007f1340170000 WatcherThread [stack: 0x00007f1323212000,0x00007f1323312000] [id=75]

VM state:not at safepoint (normal execution)

VM Mutex/Monitor currently owned by a thread:  ([mutex/lock_event])
[0x00007f1340008a20] Threads_lock - owner thread: 0x00007f1340122800
[0x00007f13400097a0] PeriodicTask_lock - owner thread: 0x00007f1340170000

heap address: 0x00000000e0000000, size: 512 MB, Compressed Oops mode: 32-bit
Narrow klass base: 0x0000000000000000, Narrow klass shift: 3
Compressed class space size: 1073741824 Address: 0x0000000100000000

Heap:
 PSYoungGen      total 116736K, used 45054K [0x00000000f5580000, 0x0000000100000000, 0x0000000100000000)
  eden space 58880K, 75% used [0x00000000f5580000,0x00000000f80e7820,0x00000000f8f00000)
  from space 57856K, 1% used [0x00000000f8f00000,0x00000000f8f98000,0x00000000fc780000)
  to   space 57856K, 0% used [0x00000000fc780000,0x00000000fc780000,0x0000000100000000)
 ParOldGen       total 349696K, used 107114K [0x00000000e0000000, 0x00000000f5580000, 0x00000000f5580000)
  object space 349696K, 30% used [0x00000000e0000000,0x00000000e689a8d0,0x00000000f5580000)
 Metaspace       used 28231K, capacity 28808K, committed 29056K, reserved 1075200K
  class space    used 3244K, capacity 3418K, committed 3456K, reserved 1048576K

Card table byte_map: [0x00007f1345bb9000,0x00007f1345cba000] byte_map_base: 0x00007f13454b9000

Marking Bits: (ParMarkBitMap*) 0x00007f1347a4a080
 Begin Bits: [0x00007f134480b000, 0x00007f134500b000)
 End Bits:   [0x00007f134500b000, 0x00007f134580b000)

Polling page: 0x00007f13462a1000

CodeCache: size=245760Kb used=10224Kb max_used=11713Kb free=235535Kb
 bounds [0x00007f1331000000, 0x00007f1331b80000, 0x00007f1340000000]
 total_blobs=3781 nmethods=3225 adapters=467
 compilation: enabled
              stopped_count=0, restarted_count=0

JVMCI Events (8 events):
Event: 0.221 Thread 0x00007f134000a000 created new JVMCI runtime 0 (0x00007f1340081950)
Event: 0.221 Thread 0x00007f134000a000 created new JVMCI runtime -1 (0x00007f134009c5c0)
Event: 0.661 Thread 0x00007f1340164800 loaded JVMCI shared library from /nix/store/x26gyx3nb3kx580i4r9qg9q1iw45xbp9-graalvm8-ce/jre/lib/amd64/libjvmcicompiler.so
Event: 0.798 Thread 0x00007f1340164800 created JavaVM[1]@0x00007f1320e92798 for JVMCI runtime 0
Event: 0.872 Thread 0x00007f1340164800 initializing JVMCI runtime 0
Event: 0.971 Thread 0x00007f1340164800 initialized JVMCI runtime 0
Event: 2.356 Thread 0x00007f12f0001000 initializing JVMCI runtime -1
Event: 3.063 Thread 0x00007f12f0001000 initialized JVMCI runtime -1

Compilation events (10 events):
Event: 2858.314 Thread 0x00007f1340164800 4603       4       java.util.HashSet::remove (20 bytes)
Event: 2859.209 Thread 0x00007f1340164800 nmethod 4603 0x00007f13319ba0d0 code [0x00007f13319ba220, 0x00007f13319ba5d0]
Event: 2916.680 Thread 0x00007f1340164800 4604   !   4       net.minecraft.server.v1_5_R3.ChunkRegionLoader::a (63 bytes)
Event: 2918.589 Thread 0x00007f1340164800 nmethod 4604 0x00007f133188cb10 code [0x00007f133188cdc0, 0x00007f133188e138]
Event: 3036.765 Thread 0x00007f1340164800 4605 %     4       sun.nio.cs.UTF_8$Decoder::decode @ 20 (779 bytes)
Event: 3036.775 Thread 0x00007f1340167800 4606       3       java.nio.CharBuffer::hasArray (20 bytes)
Event: 3036.795 Thread 0x00007f1340167800 nmethod 4606 0x00007f133188c6d0 code [0x00007f133188c840, 0x00007f133188ca30]
Event: 3038.293 Thread 0x00007f1340164800 nmethod 4605% 0x00007f13314f3690 code [0x00007f13314f3960, 0x00007f13314f4b08]
Event: 3096.672 Thread 0x00007f1340167800 4607       3       java.util.AbstractCollection::toArray (70 bytes)
Event: 3096.674 Thread 0x00007f1340167800 nmethod 4607 0x00007f1331a6a690 code [0x00007f1331a6a8a0, 0x00007f1331a6b9e8]

GC Heap History (10 events):
Event: 660.623 GC heap before
{Heap before GC invocations=6 (full 1):
 PSYoungGen      total 153088K, used 151057K [0x00000000f5580000, 0x0000000100000000, 0x0000000100000000)
  eden space 131584K, 100% used [0x00000000f5580000,0x00000000fd600000,0x00000000fd600000)
  from space 21504K, 90% used [0x00000000feb00000,0x00000000ffe04410,0x0000000100000000)
  to   space 21504K, 0% used [0x00000000fd600000,0x00000000fd600000,0x00000000feb00000)
 ParOldGen       total 349696K, used 102364K [0x00000000e0000000, 0x00000000f5580000, 0x00000000f5580000)
  object space 349696K, 29% used [0x00000000e0000000,0x00000000e63f71b8,0x00000000f5580000)
 Metaspace       used 28097K, capacity 28680K, committed 29056K, reserved 1075200K
  class space    used 3244K, capacity 3418K, committed 3456K, reserved 1048576K
Event: 660.636 GC heap after
Heap after GC invocations=6 (full 1):
 PSYoungGen      total 137216K, used 5363K [0x00000000f5580000, 0x0000000100000000, 0x0000000100000000)
  eden space 131584K, 0% used [0x00000000f5580000,0x00000000f5580000,0x00000000fd600000)
  from space 5632K, 95% used [0x00000000fd600000,0x00000000fdb3cc00,0x00000000fdb80000)
  to   space 37376K, 0% used [0x00000000fdb80000,0x00000000fdb80000,0x0000000100000000)
 ParOldGen       total 349696K, used 102372K [0x00000000e0000000, 0x00000000f5580000, 0x00000000f5580000)
  object space 349696K, 29% used [0x00000000e0000000,0x00000000e63f91b8,0x00000000f5580000)
 Metaspace       used 28097K, capacity 28680K, committed 29056K, reserved 1075200K
  class space    used 3244K, capacity 3418K, committed 3456K, reserved 1048576K
}
Event: 1568.423 GC heap before
{Heap before GC invocations=7 (full 1):
 PSYoungGen      total 137216K, used 136947K [0x00000000f5580000, 0x0000000100000000, 0x0000000100000000)
  eden space 131584K, 100% used [0x00000000f5580000,0x00000000fd600000,0x00000000fd600000)
  from space 5632K, 95% used [0x00000000fd600000,0x00000000fdb3cc00,0x00000000fdb80000)
  to   space 37376K, 0% used [0x00000000fdb80000,0x00000000fdb80000,0x0000000100000000)
 ParOldGen       total 349696K, used 102372K [0x00000000e0000000, 0x00000000f5580000, 0x00000000f5580000)
  object space 349696K, 29% used [0x00000000e0000000,0x00000000e63f91b8,0x00000000f5580000)
 Metaspace       used 28159K, capacity 28680K, committed 29056K, reserved 1075200K
  class space    used 3244K, capacity 3418K, committed 3456K, reserved 1048576K
Event: 1568.438 GC heap after
Heap after GC invocations=7 (full 1):
 PSYoungGen      total 96256K, used 5249K [0x00000000f5580000, 0x0000000100000000, 0x0000000100000000)
  eden space 58880K, 0% used [0x00000000f5580000,0x00000000f5580000,0x00000000f8f00000)
  from space 37376K, 14% used [0x00000000fdb80000,0x00000000fe0a0528,0x0000000100000000)
  to   space 57856K, 0% used [0x00000000f8f00000,0x00000000f8f00000,0x00000000fc780000)
 ParOldGen       total 349696K, used 102380K [0x00000000e0000000, 0x00000000f5580000, 0x00000000f5580000)
  object space 349696K, 29% used [0x00000000e0000000,0x00000000e63fb1b8,0x00000000f5580000)
 Metaspace       used 28159K, capacity 28680K, committed 29056K, reserved 1075200K
  class space    used 3244K, capacity 3418K, committed 3456K, reserved 1048576K
}
Event: 1957.700 GC heap before
{Heap before GC invocations=8 (full 1):
 PSYoungGen      total 96256K, used 64129K [0x00000000f5580000, 0x0000000100000000, 0x0000000100000000)
  eden space 58880K, 100% used [0x00000000f5580000,0x00000000f8f00000,0x00000000f8f00000)
  from space 37376K, 14% used [0x00000000fdb80000,0x00000000fe0a0528,0x0000000100000000)
  to   space 57856K, 0% used [0x00000000f8f00000,0x00000000f8f00000,0x00000000fc780000)
 ParOldGen       total 349696K, used 102380K [0x00000000e0000000, 0x00000000f5580000, 0x00000000f5580000)
  object space 349696K, 29% used [0x00000000e0000000,0x00000000e63fb1b8,0x00000000f5580000)
 Metaspace       used 28179K, capacity 28680K, committed 29056K, reserved 1075200K
  class space    used 3244K, capacity 3418K, committed 3456K, reserved 1048576K
Event: 1957.709 GC heap after
Heap after GC invocations=8 (full 1):
 PSYoungGen      total 116736K, used 5075K [0x00000000f5580000, 0x0000000100000000, 0x0000000100000000)
  eden space 58880K, 0% used [0x00000000f5580000,0x00000000f5580000,0x00000000f8f00000)
  from space 57856K, 8% used [0x00000000f8f00000,0x00000000f93f4c00,0x00000000fc780000)
  to   space 57856K, 0% used [0x00000000fc780000,0x00000000fc780000,0x0000000100000000)
 ParOldGen       total 349696K, used 102380K [0x00000000e0000000, 0x00000000f5580000, 0x00000000f5580000)
  object space 349696K, 29% used [0x00000000e0000000,0x00000000e63fb1b8,0x00000000f5580000)
 Metaspace       used 28179K, capacity 28680K, committed 29056K, reserved 1075200K
  class space    used 3244K, capacity 3418K, committed 3456K, reserved 1048576K
}
Event: 2377.484 GC heap before
{Heap before GC invocations=9 (full 1):
 PSYoungGen      total 116736K, used 63955K [0x00000000f5580000, 0x0000000100000000, 0x0000000100000000)
  eden space 58880K, 100% used [0x00000000f5580000,0x00000000f8f00000,0x00000000f8f00000)
  from space 57856K, 8% used [0x00000000f8f00000,0x00000000f93f4c00,0x00000000fc780000)
  to   space 57856K, 0% used [0x00000000fc780000,0x00000000fc780000,0x0000000100000000)
 ParOldGen       total 349696K, used 102380K [0x00000000e0000000, 0x00000000f5580000, 0x00000000f5580000)
  object space 349696K, 29% used [0x00000000e0000000,0x00000000e63fb1b8,0x00000000f5580000)
 Metaspace       used 28224K, capacity 28744K, committed 29056K, reserved 1075200K
  class space    used 3244K, capacity 3418K, committed 3456K, reserved 1048576K
Event: 2377.553 GC heap after
Heap after GC invocations=9 (full 1):
 PSYoungGen      total 116736K, used 608K [0x00000000f5580000, 0x0000000100000000, 0x0000000100000000)
  eden space 58880K, 0% used [0x00000000f5580000,0x00000000f5580000,0x00000000f8f00000)
  from space 57856K, 1% used [0x00000000fc780000,0x00000000fc818000,0x0000000100000000)
  to   space 57856K, 0% used [0x00000000f8f00000,0x00000000f8f00000,0x00000000fc780000)
 ParOldGen       total 349696K, used 106994K [0x00000000e0000000, 0x00000000f5580000, 0x00000000f5580000)
  object space 349696K, 30% used [0x00000000e0000000,0x00000000e687c8d0,0x00000000f5580000)
 Metaspace       used 28224K, capacity 28744K, committed 29056K, reserved 1075200K
  class space    used 3244K, capacity 3418K, committed 3456K, reserved 1048576K
}
Event: 2797.913 GC heap before
{Heap before GC invocations=10 (full 1):
 PSYoungGen      total 116736K, used 59488K [0x00000000f5580000, 0x0000000100000000, 0x0000000100000000)
  eden space 58880K, 100% used [0x00000000f5580000,0x00000000f8f00000,0x00000000f8f00000)
  from space 57856K, 1% used [0x00000000fc780000,0x00000000fc818000,0x0000000100000000)
  to   space 57856K, 0% used [0x00000000f8f00000,0x00000000f8f00000,0x00000000fc780000)
 ParOldGen       total 349696K, used 106994K [0x00000000e0000000, 0x00000000f5580000, 0x00000000f5580000)
  object space 349696K, 30% used [0x00000000e0000000,0x00000000e687c8d0,0x00000000f5580000)
 Metaspace       used 28230K, capacity 28808K, committed 29056K, reserved 1075200K
  class space    used 3244K, capacity 3418K, committed 3456K, reserved 1048576K
Event: 2797.935 GC heap after
Heap after GC invocations=10 (full 1):
 PSYoungGen      total 116736K, used 608K [0x00000000f5580000, 0x0000000100000000, 0x0000000100000000)
  eden space 58880K, 0% used [0x00000000f5580000,0x00000000f5580000,0x00000000f8f00000)
  from space 57856K, 1% used [0x00000000f8f00000,0x00000000f8f98000,0x00000000fc780000)
  to   space 57856K, 0% used [0x00000000fc780000,0x00000000fc780000,0x0000000100000000)
 ParOldGen       total 349696K, used 107114K [0x00000000e0000000, 0x00000000f5580000, 0x00000000f5580000)
  object space 349696K, 30% used [0x00000000e0000000,0x00000000e689a8d0,0x00000000f5580000)
 Metaspace       used 28230K, capacity 28808K, committed 29056K, reserved 1075200K
  class space    used 3244K, capacity 3418K, committed 3456K, reserved 1048576K
}

Class unloading (0 events):
No events

Deoptimization events (10 events):
Event: 1475.822 Thread 0x00007f1340368000 Uncommon trap: reason=intrinsic_or_type_checked_inlining action=reinterpret pc=0x00007f13316e30b2 method=net.minecraft.server.v1_5_R3.World.v(III)Z @ 7
Event: 1475.872 Thread 0x00007f1340368000 Uncommon trap: reason=intrinsic_or_type_checked_inlining action=reinterpret pc=0x00007f13314d545d method=net.minecraft.server.v1_5_R3.World.v(III)Z @ 7
Event: 1476.022 Thread 0x00007f1340368000 Uncommon trap: reason=null_assert_or_unreached0 action=reinterpret pc=0x00007f1331ae8938 method=net.minecraft.server.v1_5_R3.Vec3DPool.a()V @ 19
Event: 1476.074 Thread 0x00007f1340368000 Uncommon trap: reason=null_assert_or_unreached0 action=reinterpret pc=0x00007f1331891e3f method=net.minecraft.server.v1_5_R3.Vec3DPool.a()V @ 19
Event: 1568.439 Thread 0x00007f134012a800 Uncommon trap: reason=intrinsic_or_type_checked_inlining action=reinterpret pc=0x00007f13318f7d99 method=java.lang.ref.Reference.tryHandlePending(Z)Z @ 99
Event: 1568.439 Thread 0x00007f134012a800 Uncommon trap: reason=intrinsic_or_type_checked_inlining action=reinterpret pc=0x00007f13318cc491 method=java.lang.ref.ReferenceQueue.enqueue(Ljava/lang/ref/Reference;)Z @ 0
Event: 1677.923 Thread 0x00007f1340368000 Uncommon trap: reason=intrinsic_or_type_checked_inlining action=reinterpret pc=0x00007f13318ed766 method=net.minecraft.server.v1_5_R3.World.v(III)Z @ 7
Event: 1886.422 Thread 0x00007f1340368000 Uncommon trap: reason=null_assert_or_unreached0 action=reinterpret pc=0x00007f13314c2e46 method=net.minecraft.server.v1_5_R3.Entity.i(DDD)Z @ 147
Event: 2308.422 Thread 0x00007f1340368000 Uncommon trap: reason=null_assert_or_unreached0 action=reinterpret pc=0x00007f1331a275ca method=net.minecraft.server.v1_5_R3.ChunkSection.getData(III)I @ 10
Event: 2308.475 Thread 0x00007f1340368000 Uncommon trap: reason=null_assert_or_unreached0 action=reinterpret pc=0x00007f133122cfbf method=net.minecraft.server.v1_5_R3.ChunkSection.getData(III)I @ 10

Classes redefined (0 events):
No events

Internal exceptions (10 events):
Event: 32.171 Thread 0x00007f1340368000 Exception <a 'java/lang/NoClassDefFoundError': org/anjocaido/groupmanager/dataholder/worlds/WorldsHolder> (0x00000000f65fe520) thrown at [/b/b/e/main/graal-jvmci-8/src/share/vm/classfile/systemDictionary.cpp, line 229]
Event: 32.352 Thread 0x00007f1340368000 Exception <a 'sun/nio/fs/UnixException'> (0x00000000f6686e50) thrown at [/b/b/e/main/graal-jvmci-8/src/share/vm/prims/jni.cpp, line 715]
Event: 35.371 Thread 0x00007f1340368000 Implicit null exception at 0x00007f1331761065 to 0x00007f13317613ab
Event: 35.371 Thread 0x00007f1340368000 Implicit null exception at 0x00007f133145e979 to 0x00007f133145eb49
Event: 45.351 Thread 0x00007f13402f7800 Exception <a 'java/net/UnknownHostException'> (0x00000000f8f84610) thrown at [/b/b/e/main/graal-jvmci-8/src/share/vm/prims/jni.cpp, line 715]
Event: 945.279 Thread 0x00007f13402f7800 Exception <a 'java/net/UnknownHostException'> (0x00000000f8092f78) thrown at [/b/b/e/main/graal-jvmci-8/src/share/vm/prims/jni.cpp, line 715]
Event: 1476.022 Thread 0x00007f1340368000 Implicit null exception at 0x00007f1331ae847b to 0x00007f1331ae891d
Event: 1476.074 Thread 0x00007f1340368000 Implicit null exception at 0x00007f1331891d6e to 0x00007f1331891e24
Event: 1845.337 Thread 0x00007f13402f7800 Exception <a 'java/net/UnknownHostException'> (0x00000000f7f5cd88) thrown at [/b/b/e/main/graal-jvmci-8/src/share/vm/prims/jni.cpp, line 715]
Event: 2745.704 Thread 0x00007f13402f7800 Exception <a 'java/net/UnknownHostException'> (0x00000000f8869e80) thrown at [/b/b/e/main/graal-jvmci-8/src/share/vm/prims/jni.cpp, line 715]

Events (10 events):
Event: 3036.702 Executing VM operation: RevokeBias done
Event: 3036.753 Executing VM operation: RevokeBias
Event: 3036.753 Executing VM operation: RevokeBias done
Event: 3036.756 Executing VM operation: RevokeBias
Event: 3036.759 Executing VM operation: RevokeBias done
Event: 3036.776 loading class mineshafter/MineServer
Event: 3036.777 loading class mineshafter/MineServer done
Event: 3038.215 Thread 0x00007f1340164800 flushing nmethod 0x00007f13311667d0
Event: 3038.296 Thread 0x00007f1340164800 flushing nmethod 0x00007f13312481d0
Event: 3096.768 Executing VM operation: RevokeBias


Dynamic libraries:
e0000000-100360000 rw-p 00000000 00:00 0 
100360000-140000000 ---p 00000000 00:00 0 
5654a9400000-5654a9401000 r-xp 00000000 00:f5e 4611686018608547126       /nix/store/x26gyx3nb3kx580i4r9qg9q1iw45xbp9-graalvm8-ce/bin/.java-wrapped
5654a9600000-5654a9601000 r--p 00000000 00:f5e 4611686018608547126       /nix/store/x26gyx3nb3kx580i4r9qg9q1iw45xbp9-graalvm8-ce/bin/.java-wrapped
5654a9601000-5654a9602000 rw-p 00001000 00:f5e 4611686018608547126       /nix/store/x26gyx3nb3kx580i4r9qg9q1iw45xbp9-graalvm8-ce/bin/.java-wrapped
5654a9602000-5654a9603000 rw-p 00003000 00:f5e 4611686018608547126       /nix/store/x26gyx3nb3kx580i4r9qg9q1iw45xbp9-graalvm8-ce/bin/.java-wrapped
5654a9603000-5654a9604000 rw-p 00004000 00:f5e 4611686018608547126       /nix/store/x26gyx3nb3kx580i4r9qg9q1iw45xbp9-graalvm8-ce/bin/.java-wrapped
5654ab3e3000-5654ab404000 rw-p 00000000 00:00 0                          [heap]
7f12afc00000-7f12afd00000 rw-p 00000000 00:00 0 
7f12afe00000-7f12aff00000 rw-p 00000000 00:00 0 
7f12b0000000-7f12b0021000 rw-p 00000000 00:00 0 
7f12b0021000-7f12b4000000 ---p 00000000 00:00 0 
7f12b4000000-7f12b4100000 rw-p 00000000 00:00 0 
7f12b4200000-7f12b4300000 rw-p 00000000 00:00 0 
7f12b4400000-7f12b4500000 rw-p 00000000 00:00 0 
7f12b4600000-7f12b4700000 rw-p 00000000 00:00 0 
7f12b47f3000-7f12b47fc000 r-xp 00000000 00:f5e 4611686018609466844       /nix/store/x26gyx3nb3kx580i4r9qg9q1iw45xbp9-graalvm8-ce/jre/lib/amd64/libmanagement.so
7f12b47fc000-7f12b49fb000 ---p 00009000 00:f5e 4611686018609466844       /nix/store/x26gyx3nb3kx580i4r9qg9q1iw45xbp9-graalvm8-ce/jre/lib/amd64/libmanagement.so
7f12b49fb000-7f12b49fc000 r--p 00008000 00:f5e 4611686018609466844       /nix/store/x26gyx3nb3kx580i4r9qg9q1iw45xbp9-graalvm8-ce/jre/lib/amd64/libmanagement.so
7f12b49fc000-7f12b49fd000 rw-p 00009000 00:f5e 4611686018609466844       /nix/store/x26gyx3nb3kx580i4r9qg9q1iw45xbp9-graalvm8-ce/jre/lib/amd64/libmanagement.so
7f12b49fd000-7f12b4a00000 rw-p 0000d000 00:f5e 4611686018609466844       /nix/store/x26gyx3nb3kx580i4r9qg9q1iw45xbp9-graalvm8-ce/jre/lib/amd64/libmanagement.so
7f12b4a00000-7f12b4b00000 rw-p 00000000 00:00 0 
7f12b4b00000-7f12b4c00000 ---p 00000000 00:00 0 
7f12b4c00000-7f12b4d00000 rw-p 00000000 00:00 0 
7f12b4e00000-7f12b4e84000 r-xp 00000000 00:915 371                       /tmp/sqlite-3.7.2-libsqlitejdbc.so
7f12b4e84000-7f12b5084000 ---p 00084000 00:915 371                       /tmp/sqlite-3.7.2-libsqlitejdbc.so
7f12b5084000-7f12b5085000 r--p 00084000 00:915 371                       /tmp/sqlite-3.7.2-libsqlitejdbc.so
7f12b5085000-7f12b5088000 rw-p 00085000 00:915 371                       /tmp/sqlite-3.7.2-libsqlitejdbc.so
7f12b50ff000-7f12b5102000 ---p 00000000 00:00 0 
7f12b5102000-7f12b53c0000 rw-p 00000000 00:00 0 
7f12b53c0000-7f12b5500000 rw-p 00000000 00:00 0 
7f12b5600000-7f12b57c0000 rw-p 00000000 00:00 0 
7f12b57c0000-7f12b59c0000 rw-p 00000000 00:00 0 
7f12b59c0000-7f12b5b00000 rw-p 00000000 00:00 0 
7f12b5c00000-7f12b5dc0000 rw-p 00000000 00:00 0 
7f12b5dc0000-7f12b5f00000 rw-p 00000000 00:00 0 
7f12b6000000-7f12b6100000 rw-p 00000000 00:00 0 
7f12b6200000-7f12b6300000 rw-p 00000000 00:00 0 
7f12b6400000-7f12b6500000 rw-p 00000000 00:00 0 
7f12b6600000-7f12b6700000 rw-p 00000000 00:00 0 
7f12b6800000-7f12b6900000 rw-p 00000000 00:00 0 
7f12b6a00000-7f12b6b00000 rw-p 00000000 00:00 0 
7f12b6c00000-7f12b6d00000 rw-p 00000000 00:00 0 
7f12b6e00000-7f12b6f00000 rw-p 00000000 00:00 0 
7f12b7000000-7f12b7100000 rw-p 00000000 00:00 0 
7f12b7200000-7f12b7300000 rw-p 00000000 00:00 0 
7f12b7400000-7f12b7500000 rw-p 00000000 00:00 0 
7f12b7600000-7f12b7700000 rw-p 00000000 00:00 0 
7f12b7800000-7f12b7900000 rw-p 00000000 00:00 0 
7f12b7a00000-7f12b7b00000 rw-p 00000000 00:00 0 
7f12b7c00000-7f12b7d00000 rw-p 00000000 00:00 0 
7f12b7e00000-7f12b7f00000 rw-p 00000000 00:00 0 
7f12b8000000-7f12b804a000 rw-p 00000000 00:00 0 
7f12b804a000-7f12bc000000 ---p 00000000 00:00 0 
7f12bc000000-7f12bc100000 rw-p 00000000 00:00 0 
7f12bc200000-7f12bc300000 rw-p 00000000 00:00 0 
7f12bc400000-7f12bc500000 rw-p 00000000 00:00 0 
7f12bc600000-7f12bc700000 rw-p 00000000 00:00 0 
7f12bc800000-7f12bc900000 rw-p 00000000 00:00 0 
7f12bca00000-7f12bcb00000 rw-p 00000000 00:00 0 
7f12bcc00000-7f12bcd00000 rw-p 00000000 00:00 0 
7f12bce00000-7f12bcf00000 rw-p 00000000 00:00 0 
7f12bd000000-7f12bd100000 rw-p 00000000 00:00 0 
7f12bd200000-7f12bd300000 rw-p 00000000 00:00 0 
7f12bd400000-7f12bd500000 rw-p 00000000 00:00 0 
7f12bd600000-7f12bd700000 rw-p 00000000 00:00 0 
7f12bd800000-7f12bd900000 rw-p 00000000 00:00 0 
7f12bda00000-7f12bdb00000 rw-p 00000000 00:00 0 
7f12bdc00000-7f12bdd00000 rw-p 00000000 00:00 0 
7f12bde00000-7f12bdf00000 rw-p 00000000 00:00 0 
7f12be000000-7f12be100000 rw-p 00000000 00:00 0 
7f12be200000-7f12be300000 rw-p 00000000 00:00 0 
7f12be400000-7f12be500000 rw-p 00000000 00:00 0 
7f12be600000-7f12be700000 rw-p 00000000 00:00 0 
7f12be800000-7f12be900000 rw-p 00000000 00:00 0 
7f12bea00000-7f12beb00000 rw-p 00000000 00:00 0 
7f12bec00000-7f12bed00000 rw-p 00000000 00:00 0 
7f12bee00000-7f12bef00000 rw-p 00000000 00:00 0 
7f12bf000000-7f12bf100000 rw-p 00000000 00:00 0 
7f12bf200000-7f12bf300000 rw-p 00000000 00:00 0 
7f12bf400000-7f12bf500000 rw-p 00000000 00:00 0 
7f12bf600000-7f12bf700000 rw-p 00000000 00:00 0 
7f12bf800000-7f12bf900000 rw-p 00000000 00:00 0 
7f12bfa00000-7f12bfb00000 rw-p 00000000 00:00 0 
7f12bfc00000-7f12bfd00000 rw-p 00000000 00:00 0 
7f12bfe00000-7f12bff00000 rw-p 00000000 00:00 0 
7f12c0000000-7f12c0092000 rw-p 00000000 00:00 0 
7f12c0092000-7f12c4000000 ---p 00000000 00:00 0 
7f12c4000000-7f12c4100000 rw-p 00000000 00:00 0 
7f12c4200000-7f12c4300000 rw-p 00000000 00:00 0 
7f12c4400000-7f12c4500000 rw-p 00000000 00:00 0 
7f12c4600000-7f12c4700000 rw-p 00000000 00:00 0 
7f12c4800000-7f12c4900000 rw-p 00000000 00:00 0 
7f12c4a00000-7f12c4b00000 rw-p 00000000 00:00 0 
7f12c4c00000-7f12c4d00000 rw-p 00000000 00:00 0 
7f12c4e00000-7f12c4f00000 rw-p 00000000 00:00 0 
7f12c5000000-7f12c5100000 rw-p 00000000 00:00 0 
7f12c5200000-7f12c5300000 rw-p 00000000 00:00 0 
7f12c5400000-7f12c5500000 rw-p 00000000 00:00 0 
7f12c5600000-7f12c5700000 rw-p 00000000 00:00 0 
7f12c5800000-7f12c5900000 rw-p 00000000 00:00 0 
7f12c5a00000-7f12c5bc0000 rw-p 00000000 00:00 0 
7f12c5bc0000-7f12c5d00000 rw-p 00000000 00:00 0 
7f12c5e00000-7f12c5f00000 rw-p 00000000 00:00 0 
7f12c5fff000-7f12c6002000 ---p 00000000 00:00 0 
7f12c6002000-7f12c6200000 rw-p 00000000 00:00 0 
7f12c6300000-7f12c6400000 rw-p 00000000 00:00 0 
7f12c6500000-7f12c6600000 rw-p 00000000 00:00 0 
7f12c6700000-7f12c6800000 rw-p 00000000 00:00 0 
7f12c6900000-7f12c6a00000 rw-p 00000000 00:00 0 
7f12c6b00000-7f12c6c00000 rw-p 00000000 00:00 0 
7f12c6d00000-7f12c6e00000 rw-p 00000000 00:00 0 
7f12c6f00000-7f12c7000000 rw-p 00000000 00:00 0 
7f12c7100000-7f12c7200000 rw-p 00000000 00:00 0 
7f12c7300000-7f12c7400000 rw-p 00000000 00:00 0 
7f12c7500000-7f12c7600000 rw-p 00000000 00:00 0 
7f12c7700000-7f12c7800000 rw-p 00000000 00:00 0 
7f12c7900000-7f12c7a00000 rw-p 00000000 00:00 0 
7f12c7b00000-7f12c7c00000 rw-p 00000000 00:00 0 
7f12c7cff000-7f12c7d02000 ---p 00000000 00:00 0 
7f12c7d02000-7f12c7f00000 rw-p 00000000 00:00 0 
7f12c8000000-7f12c8100000 rw-p 00000000 00:00 0 
7f12c8200000-7f12c8300000 rw-p 00000000 00:00 0 
7f12c8400000-7f12c8500000 rw-p 00000000 00:00 0 
7f12c8600000-7f12c8700000 rw-p 00000000 00:00 0 
7f12c8800000-7f12c8900000 rw-p 00000000 00:00 0 
7f12c8a00000-7f12c8b00000 rw-p 00000000 00:00 0 
7f12c8c00000-7f12c8d00000 rw-p 00000000 00:00 0 
7f12c8e00000-7f12c8f00000 rw-p 00000000 00:00 0 
7f12c9000000-7f12c9100000 rw-p 00000000 00:00 0 
7f12c9200000-7f12c9300000 rw-p 00000000 00:00 0 
7f12c9400000-7f12c9500000 rw-p 00000000 00:00 0 
7f12c9600000-7f12c9700000 rw-p 00000000 00:00 0 
7f12c9800000-7f12c9900000 rw-p 00000000 00:00 0 
7f12c9a00000-7f12c9b00000 rw-p 00000000 00:00 0 
7f12c9c00000-7f12c9d00000 rw-p 00000000 00:00 0 
7f12c9e00000-7f12c9f00000 rw-p 00000000 00:00 0 
7f12ca000000-7f12ca100000 rw-p 00000000 00:00 0 
7f12ca200000-7f12ca300000 rw-p 00000000 00:00 0 
7f12ca400000-7f12ca500000 rw-p 00000000 00:00 0 
7f12ca600000-7f12ca700000 rw-p 00000000 00:00 0 
7f12ca800000-7f12ca900000 rw-p 00000000 00:00 0 
7f12caa00000-7f12cab00000 rw-p 00000000 00:00 0 
7f12cac00000-7f12cad00000 rw-p 00000000 00:00 0 
7f12cae00000-7f12caf00000 rw-p 00000000 00:00 0 
7f12cb000000-7f12cb100000 rw-p 00000000 00:00 0 
7f12cb200000-7f12cb300000 rw-p 00000000 00:00 0 
7f12cb400000-7f12cb500000 rw-p 00000000 00:00 0 
7f12cb600000-7f12cb7c0000 rw-p 00000000 00:00 0 
7f12cb7c0000-7f12cb900000 rw-p 00000000 00:00 0 
7f12cba00000-7f12cbb00000 rw-p 00000000 00:00 0 
7f12cbc00000-7f12cbd00000 rw-p 00000000 00:00 0 
7f12cbe00000-7f12cbf00000 rw-p 00000000 00:00 0 
7f12cc000000-7f12cc021000 rw-p 00000000 00:00 0 
7f12cc021000-7f12d0000000 ---p 00000000 00:00 0 
7f12d0100000-7f12d0200000 rw-p 00000000 00:00 0 
7f12d0300000-7f12d0400000 rw-p 00000000 00:00 0 
7f12d0500000-7f12d0600000 rw-p 00000000 00:00 0 
7f12d0700000-7f12d0800000 rw-p 00000000 00:00 0 
7f12d0900000-7f12d0a00000 rw-p 00000000 00:00 0 
7f12d0b00000-7f12d0c00000 rw-p 00000000 00:00 0 
7f12d0d00000-7f12d0e00000 rw-p 00000000 00:00 0 
7f12d0f00000-7f12d1000000 rw-p 00000000 00:00 0 
7f12d1100000-7f12d1200000 rw-p 00000000 00:00 0 
7f12d1300000-7f12d1400000 rw-p 00000000 00:00 0 
7f12d1500000-7f12d1600000 rw-p 00000000 00:00 0 
7f12d1700000-7f12d1800000 rw-p 00000000 00:00 0 
7f12d18ff000-7f12d1902000 ---p 00000000 00:00 0 
7f12d1902000-7f12d1b00000 rw-p 00000000 00:00 0 
7f12d1c00000-7f12d1d00000 rw-p 00000000 00:00 0 
7f12d1e00000-7f12d1f00000 rw-p 00000000 00:00 0 
7f12d2000000-7f12d2100000 rw-p 00000000 00:00 0 
7f12d2200000-7f12d2300000 rw-p 00000000 00:00 0 
7f12d2400000-7f12d2500000 rw-p 00000000 00:00 0 
7f12d2600000-7f12d2700000 rw-p 00000000 00:00 0 
7f12d2800000-7f12d2900000 rw-p 00000000 00:00 0 
7f12d2a00000-7f12d2b00000 rw-p 00000000 00:00 0 
7f12d2c00000-7f12d2d00000 rw-p 00000000 00:00 0 
7f12d2e00000-7f12d2f00000 rw-p 00000000 00:00 0 
7f12d3000000-7f12d3100000 rw-p 00000000 00:00 0 
7f12d3200000-7f12d3300000 rw-p 00000000 00:00 0 
7f12d3400000-7f12d3500000 rw-p 00000000 00:00 0 
7f12d3600000-7f12d3700000 rw-p 00000000 00:00 0 
7f12d3800000-7f12d3900000 rw-p 00000000 00:00 0 
7f12d3a00000-7f12d3b00000 rw-p 00000000 00:00 0 
7f12d3c00000-7f12d3d00000 rw-p 00000000 00:00 0 
7f12d3e00000-7f12d3f00000 rw-p 00000000 00:00 0 
7f12d4000000-7f12d5fa9000 rw-p 00000000 00:00 0 
7f12d5fa9000-7f12d8000000 ---p 00000000 00:00 0 
7f12d8000000-7f12d8021000 rw-p 00000000 00:00 0 
7f12d8021000-7f12dc000000 ---p 00000000 00:00 0 
7f12dc000000-7f12dc021000 rw-p 00000000 00:00 0 
7f12dc021000-7f12e0000000 ---p 00000000 00:00 0 
7f12e0100000-7f12e0200000 rw-p 00000000 00:00 0 
7f12e0300000-7f12e0400000 rw-p 00000000 00:00 0 
7f12e0500000-7f12e0600000 rw-p 00000000 00:00 0 
7f12e0700000-7f12e0800000 rw-p 00000000 00:00 0 
7f12e0900000-7f12e0a00000 rw-p 00000000 00:00 0 
7f12e0b00000-7f12e0c00000 rw-p 00000000 00:00 0 
7f12e0d00000-7f12e0e00000 rw-p 00000000 00:00 0 
7f12e0f00000-7f12e1000000 rw-p 00000000 00:00 0 
7f12e1100000-7f12e1200000 rw-p 00000000 00:00 0 
7f12e1300000-7f12e1400000 rw-p 00000000 00:00 0 
7f12e1500000-7f12e1600000 rw-p 00000000 00:00 0 
7f12e1700000-7f12e1800000 rw-p 00000000 00:00 0 
7f12e1900000-7f12e1a00000 rw-p 00000000 00:00 0 
7f12e1b00000-7f12e1c00000 rw-p 00000000 00:00 0 
7f12e1d00000-7f12e1e00000 rw-p 00000000 00:00 0 
7f12e1f00000-7f12e2000000 rw-p 00000000 00:00 0 
7f12e2100000-7f12e2200000 rw-p 00000000 00:00 0 
7f12e2300000-7f12e2400000 rw-p 00000000 00:00 0 
7f12e2500000-7f12e26c0000 rw-p 00000000 00:00 0 
7f12e26c0000-7f12e2800000 rw-p 00000000 00:00 0 
7f12e2900000-7f12e2a00000 rw-p 00000000 00:00 0 
7f12e2b00000-7f12e2c00000 rw-p 00000000 00:00 0 
7f12e2d00000-7f12e2e00000 rw-p 00000000 00:00 0 
7f12e2f00000-7f12e3000000 rw-p 00000000 00:00 0 
7f12e30b8000-7f12e30ea000 r-xp 00000000 00:f5e 4611686018609467203       /nix/store/x26gyx3nb3kx580i4r9qg9q1iw45xbp9-graalvm8-ce/jre/lib/amd64/libsunec.so
7f12e30ea000-7f12e32e9000 ---p 00032000 00:f5e 4611686018609467203       /nix/store/x26gyx3nb3kx580i4r9qg9q1iw45xbp9-graalvm8-ce/jre/lib/amd64/libsunec.so
7f12e32e9000-7f12e32ee000 r--p 00031000 00:f5e 4611686018609467203       /nix/store/x26gyx3nb3kx580i4r9qg9q1iw45xbp9-graalvm8-ce/jre/lib/amd64/libsunec.so
7f12e32ee000-7f12e32f0000 rw-p 00036000 00:f5e 4611686018609467203       /nix/store/x26gyx3nb3kx580i4r9qg9q1iw45xbp9-graalvm8-ce/jre/lib/amd64/libsunec.so
7f12e32f0000-7f12e3400000 rw-p 00000000 00:00 0 
7f12e3500000-7f12e3600000 rw-p 00000000 00:00 0 
7f12e3700000-7f12e3800000 rw-p 00000000 00:00 0 
7f12e3900000-7f12e3a00000 rw-p 00000000 00:00 0 
7f12e3afd000-7f12e3b00000 ---p 00000000 00:00 0 
7f12e3b00000-7f12e3bfe000 rw-p 00000000 00:00 0 
7f12e3bfe000-7f12e3c01000 ---p 00000000 00:00 0 
7f12e3c01000-7f12e3cff000 rw-p 00000000 00:00 0 
7f12e3cff000-7f12e3d02000 ---p 00000000 00:00 0 
7f12e3d02000-7f12e3f00000 rw-p 00000000 00:00 0 
7f12e4000000-7f12e4021000 rw-p 00000000 00:00 0 
7f12e4021000-7f12e8000000 ---p 00000000 00:00 0 
7f12e8100000-7f12e8200000 rw-p 00000000 00:00 0 
7f12e8300000-7f12e8400000 rw-p 00000000 00:00 0 
7f12e8500000-7f12e8600000 rw-p 00000000 00:00 0 
7f12e8700000-7f12e8800000 rw-p 00000000 00:00 0 
7f12e8900000-7f12e8a00000 rw-p 00000000 00:00 0 
7f12e8b00000-7f12e8c00000 rw-p 00000000 00:00 0 
7f12e8d00000-7f12e8e00000 rw-p 00000000 00:00 0 
7f12e8f00000-7f12e9000000 rw-p 00000000 00:00 0 
7f12e9100000-7f12e9200000 rw-p 00000000 00:00 0 
7f12e9300000-7f12e94c0000 rw-p 00000000 00:00 0 
7f12e94c0000-7f12e9600000 rw-p 00000000 00:00 0 
7f12e9700000-7f12e9800000 rw-p 00000000 00:00 0 
7f12e9900000-7f12e9a00000 rw-p 00000000 00:00 0 
7f12e9b00000-7f12e9c00000 rw-p 00000000 00:00 0 
7f12e9d00000-7f12e9e00000 rw-p 00000000 00:00 0 
7f12e9f00000-7f12ea000000 rw-p 00000000 00:00 0 
7f12ea100000-7f12ea200000 rw-p 00000000 00:00 0 
7f12ea300000-7f12ea400000 rw-p 00000000 00:00 0 
7f12ea500000-7f12ea600000 rw-p 00000000 00:00 0 
7f12ea700000-7f12ea800000 rw-p 00000000 00:00 0 
7f12ea900000-7f12eaa00000 rw-p 00000000 00:00 0 
7f12eab00000-7f12eac00000 rw-p 00000000 00:00 0 
7f12ead00000-7f12eae00000 rw-p 00000000 00:00 0 
7f12eaf00000-7f12eb000000 rw-p 00000000 00:00 0 
7f12eb100000-7f12eb200000 rw-p 00000000 00:00 0 
7f12eb2ff000-7f12eb302000 ---p 00000000 00:00 0 
7f12eb302000-7f12eb500000 rw-p 00000000 00:00 0 
7f12eb600000-7f12eb700000 rw-p 00000000 00:00 0 
7f12eb800000-7f12eb900000 rw-p 00000000 00:00 0 
7f12eba00000-7f12ebb00000 rw-p 00000000 00:00 0 
7f12ebc00000-7f12ebd00000 rw-p 00000000 00:00 0 
7f12ebe00000-7f12ebf00000 rw-p 00000000 00:00 0 
7f12ec000000-7f12ec100000 rw-p 00000000 00:00 0 
7f12ec200000-7f12ec300000 rw-p 00000000 00:00 0 
7f12ec400000-7f12ec500000 rw-p 00000000 00:00 0 
7f12ec600000-7f12ec700000 rw-p 00000000 00:00 0 
7f12ec800000-7f12ec900000 rw-p 00000000 00:00 0 
7f12eca00000-7f12ecb00000 rw-p 00000000 00:00 0 
7f12ecc00000-7f12ecd00000 rw-p 00000000 00:00 0 
7f12ece00000-7f12ecf00000 rw-p 00000000 00:00 0 
7f12ed000000-7f12ed100000 rw-p 00000000 00:00 0 
7f12ed200000-7f12ed300000 rw-p 00000000 00:00 0 
7f12ed400000-7f12ed500000 rw-p 00000000 00:00 0 
7f12ed600000-7f12ed700000 rw-p 00000000 00:00 0 
7f12ed800000-7f12ed900000 rw-p 00000000 00:00 0 
7f12eda00000-7f12edb00000 rw-p 00000000 00:00 0 
7f12edc00000-7f12edd00000 rw-p 00000000 00:00 0 
7f12ede00000-7f12edf00000 rw-p 00000000 00:00 0 
7f12ee000000-7f12ee100000 rw-p 00000000 00:00 0 
7f12ee200000-7f12ee300000 rw-p 00000000 00:00 0 
7f12ee400000-7f12ee500000 rw-p 00000000 00:00 0 
7f12ee600000-7f12ee700000 rw-p 00000000 00:00 0 
7f12ee800000-7f12ee900000 rw-p 00000000 00:00 0 
7f12eea00000-7f12eeb00000 rw-p 00000000 00:00 0 
7f12eec00000-7f12eed00000 rw-p 00000000 00:00 0 
7f12eee00000-7f12eef00000 rw-p 00000000 00:00 0 
7f12ef000000-7f12ef100000 rw-p 00000000 00:00 0 
7f12ef200000-7f12ef300000 rw-p 00000000 00:00 0 
7f12ef400000-7f12ef500000 rw-p 00000000 00:00 0 
7f12ef600000-7f12ef700000 rw-p 00000000 00:00 0 
7f12ef800000-7f12ef900000 rw-p 00000000 00:00 0 
7f12efa00000-7f12efb00000 rw-p 00000000 00:00 0 
7f12efc00000-7f12efd00000 rw-p 00000000 00:00 0 
7f12efe00000-7f12eff00000 rw-p 00000000 00:00 0 
7f12f0000000-7f12f0058000 rw-p 00000000 00:00 0 
7f12f0058000-7f12f4000000 ---p 00000000 00:00 0 
7f12f4000000-7f12f4021000 rw-p 00000000 00:00 0 
7f12f4021000-7f12f8000000 ---p 00000000 00:00 0 
7f12f8000000-7f12f837d000 rw-p 00000000 00:00 0 
7f12f837d000-7f12fc000000 ---p 00000000 00:00 0 
7f12fc000000-7f12fc021000 rw-p 00000000 00:00 0 
7f12fc021000-7f1300000000 ---p 00000000 00:00 0 
7f1300100000-7f1300200000 rw-p 00000000 00:00 0 
7f1300300000-7f1300400000 rw-p 00000000 00:00 0 
7f1300500000-7f1300600000 rw-p 00000000 00:00 0 
7f1300700000-7f1300800000 rw-p 00000000 00:00 0 
7f1300900000-7f1300a00000 rw-p 00000000 00:00 0 
7f1300b00000-7f1300c00000 rw-p 00000000 00:00 0 
7f1300d00000-7f1300e00000 rw-p 00000000 00:00 0 
7f1300f00000-7f1301000000 rw-p 00000000 00:00 0 
7f1301100000-7f1301200000 rw-p 00000000 00:00 0 
7f1301300000-7f1301400000 rw-p 00000000 00:00 0 
7f1301500000-7f1301600000 rw-p 00000000 00:00 0 
7f1301700000-7f1301800000 rw-p 00000000 00:00 0 
7f1301900000-7f1301a00000 rw-p 00000000 00:00 0 
7f1301b00000-7f1301c00000 rw-p 00000000 00:00 0 
7f1301d00000-7f1301e00000 rw-p 00000000 00:00 0 
7f1301f00000-7f1302000000 rw-p 00000000 00:00 0 
7f1302100000-7f1302200000 rw-p 00000000 00:00 0 
7f1302300000-7f1302400000 rw-p 00000000 00:00 0 
7f1302500000-7f1302600000 rw-p 00000000 00:00 0 
7f1302700000-7f1302800000 rw-p 00000000 00:00 0 
7f1302900000-7f1302a00000 rw-p 00000000 00:00 0 
7f1302b00000-7f1302c00000 rw-p 00000000 00:00 0 
7f1302d00000-7f1302e00000 rw-p 00000000 00:00 0 
7f1302f00000-7f1303000000 rw-p 00000000 00:00 0 
7f1303100000-7f1303200000 rw-p 00000000 00:00 0 
7f1303224000-7f1303225000 ---p 00000000 00:00 0 
7f1303225000-7f1303228000 ---p 00000000 00:00 0 
7f1303228000-7f1303a25000 rw-p 00000000 00:00 0 
7f1303aff000-7f1303b02000 ---p 00000000 00:00 0 
7f1303b02000-7f1303d00000 rw-p 00000000 00:00 0 
7f1303de4000-7f1303dfc000 r-xp 00000000 00:f5e 4611686018609467197       /nix/store/x26gyx3nb3kx580i4r9qg9q1iw45xbp9-graalvm8-ce/jre/lib/amd64/libnet.so
7f1303dfc000-7f1303ffc000 ---p 00018000 00:f5e 4611686018609467197       /nix/store/x26gyx3nb3kx580i4r9qg9q1iw45xbp9-graalvm8-ce/jre/lib/amd64/libnet.so
7f1303ffc000-7f1303ffd000 r--p 00018000 00:f5e 4611686018609467197       /nix/store/x26gyx3nb3kx580i4r9qg9q1iw45xbp9-graalvm8-ce/jre/lib/amd64/libnet.so
7f1303ffd000-7f1303ffe000 rw-p 00019000 00:f5e 4611686018609467197       /nix/store/x26gyx3nb3kx580i4r9qg9q1iw45xbp9-graalvm8-ce/jre/lib/amd64/libnet.so
7f1303ffe000-7f1304000000 rw-p 00020000 00:f5e 4611686018609467197       /nix/store/x26gyx3nb3kx580i4r9qg9q1iw45xbp9-graalvm8-ce/jre/lib/amd64/libnet.so
7f1304000000-7f1304723000 rw-p 00000000 00:00 0 
7f1304723000-7f1308000000 ---p 00000000 00:00 0 
7f1308000000-7f1308021000 rw-p 00000000 00:00 0 
7f1308021000-7f130c000000 ---p 00000000 00:00 0 
7f130c000000-7f130c021000 rw-p 00000000 00:00 0 
7f130c021000-7f1310000000 ---p 00000000 00:00 0 
7f1310000000-7f1310103000 rw-p 00000000 00:00 0 
7f1310103000-7f1314000000 ---p 00000000 00:00 0 
7f1314000000-7f1314021000 rw-p 00000000 00:00 0 
7f1314021000-7f1318000000 ---p 00000000 00:00 0 
7f1318000000-7f1318021000 rw-p 00000000 00:00 0 
7f1318021000-7f131c000000 ---p 00000000 00:00 0 
7f131c000000-7f131c021000 rw-p 00000000 00:00 0 
7f131c021000-7f1320000000 ---p 00000000 00:00 0 
7f13200e9000-7f13200ec000 ---p 00000000 00:00 0 
7f13200ec000-7f13201ea000 rw-p 00000000 00:00 0 
7f13201ea000-7f13201fb000 r-xp 00000000 00:f5e 4611686018609467198       /nix/store/x26gyx3nb3kx580i4r9qg9q1iw45xbp9-graalvm8-ce/jre/lib/amd64/libnio.so
7f13201fb000-7f13203fa000 ---p 00011000 00:f5e 4611686018609467198       /nix/store/x26gyx3nb3kx580i4r9qg9q1iw45xbp9-graalvm8-ce/jre/lib/amd64/libnio.so
7f13203fa000-7f13203fb000 r--p 00010000 00:f5e 4611686018609467198       /nix/store/x26gyx3nb3kx580i4r9qg9q1iw45xbp9-graalvm8-ce/jre/lib/amd64/libnio.so
7f13203fb000-7f13203fc000 rw-p 00011000 00:f5e 4611686018609467198       /nix/store/x26gyx3nb3kx580i4r9qg9q1iw45xbp9-graalvm8-ce/jre/lib/amd64/libnio.so
7f13203fc000-7f1320400000 rw-p 00018000 00:f5e 4611686018609467198       /nix/store/x26gyx3nb3kx580i4r9qg9q1iw45xbp9-graalvm8-ce/jre/lib/amd64/libnio.so
7f1320400000-7f1320500000 rw-p 00000000 00:00 0 
7f13205b1000-7f13205d3000 rw-p 00000000 00:00 0 
7f13205e0000-7f13205f3000 r--s 0034b000 00:f5e 4611686018609467253       /nix/store/x26gyx3nb3kx580i4r9qg9q1iw45xbp9-graalvm8-ce/jre/lib/resources.jar
7f13205f3000-7f1320600000 r--s 000c0000 00:65c 405                       /home/runner/eaglecraft-server-1-backup/java/bukkit_command/plugins/worldedit-5.5.7.jar
7f1320600000-7f1320aaa000 r--p 00e97000 00:f5e 4611686018609464899       /nix/store/x26gyx3nb3kx580i4r9qg9q1iw45xbp9-graalvm8-ce/jre/lib/amd64/libjvmcicompiler.so
7f1320aaa000-7f1320b00000 r--p 00000000 00:00 0 
7f1320b00000-7f1320bd7000 rw-p 00000000 00:00 0 
7f1320bd7000-7f1320f00000 rw-p 0146e000 00:f5e 4611686018609464899       /nix/store/x26gyx3nb3kx580i4r9qg9q1iw45xbp9-graalvm8-ce/jre/lib/amd64/libjvmcicompiler.so
7f1320f00000-7f1321342000 r--p 01797000 00:f5e 4611686018609464899       /nix/store/x26gyx3nb3kx580i4r9qg9q1iw45xbp9-graalvm8-ce/jre/lib/amd64/libjvmcicompiler.so
7f1321347000-7f1321349000 r--s 00010000 00:65c 438                       /home/runner/eaglecraft-server-1-backup/java/bukkit_command/plugins/LoginSecurity.jar
7f1321349000-7f132134b000 r--s 00000000 00:65c 35228                     /home/runner/eaglecraft-server-1-backup/java/bukkit_command/plugins/EaglerPluginUpdater.jar (deleted)
7f132134b000-7f132134d000 r--s 0001a000 00:65c 420                       /home/runner/eaglecraft-server-1-backup/java/bukkit_command/plugins/Shopkeepers.jar
7f132134d000-7f132134e000 r--s 00000000 00:65c 275                       /home/runner/eaglecraft-server-1-backup/java/bukkit_command/plugins/AutoSaver.jar
7f132134e000-7f1321352000 r--p 00000000 00:f5e 4611686018693337841       /nix/store/9bh3986bpragfjmr32gay8p95k91q4gy-glibc-2.33-47/lib/libresolv-2.33.so
7f1321352000-7f132135e000 r-xp 00004000 00:f5e 4611686018693337841       /nix/store/9bh3986bpragfjmr32gay8p95k91q4gy-glibc-2.33-47/lib/libresolv-2.33.so
7f132135e000-7f1321361000 r--p 00010000 00:f5e 4611686018693337841       /nix/store/9bh3986bpragfjmr32gay8p95k91q4gy-glibc-2.33-47/lib/libresolv-2.33.so
7f1321361000-7f1321362000 ---p 00013000 00:f5e 4611686018693337841       /nix/store/9bh3986bpragfjmr32gay8p95k91q4gy-glibc-2.33-47/lib/libresolv-2.33.so
7f1321362000-7f1321363000 r--p 00013000 00:f5e 4611686018693337841       /nix/store/9bh3986bpragfjmr32gay8p95k91q4gy-glibc-2.33-47/lib/libresolv-2.33.so
7f1321363000-7f1321364000 rw-p 00014000 00:f5e 4611686018693337841       /nix/store/9bh3986bpragfjmr32gay8p95k91q4gy-glibc-2.33-47/lib/libresolv-2.33.so
7f1321364000-7f1321366000 rw-p 00000000 00:00 0 
7f1321366000-7f1321368000 r--p 00000000 00:f5e 4611686018693337828       /nix/store/9bh3986bpragfjmr32gay8p95k91q4gy-glibc-2.33-47/lib/libnss_dns-2.33.so
7f1321368000-7f132136b000 r-xp 00002000 00:f5e 4611686018693337828       /nix/store/9bh3986bpragfjmr32gay8p95k91q4gy-glibc-2.33-47/lib/libnss_dns-2.33.so
7f132136b000-7f132136c000 r--p 00005000 00:f5e 4611686018693337828       /nix/store/9bh3986bpragfjmr32gay8p95k91q4gy-glibc-2.33-47/lib/libnss_dns-2.33.so
7f132136c000-7f132136d000 r--p 00005000 00:f5e 4611686018693337828       /nix/store/9bh3986bpragfjmr32gay8p95k91q4gy-glibc-2.33-47/lib/libnss_dns-2.33.so
7f132136d000-7f132136e000 rw-p 00006000 00:f5e 4611686018693337828       /nix/store/9bh3986bpragfjmr32gay8p95k91q4gy-glibc-2.33-47/lib/libnss_dns-2.33.so
7f132136e000-7f1321374000 r--s 0003d000 00:f5e 4611686018609581470       /nix/store/x26gyx3nb3kx580i4r9qg9q1iw45xbp9-graalvm8-ce/jre/lib/ext/sunjce_provider.jar
7f1321374000-7f1321377000 r--p 00000000 00:f5e 4611686018693337812       /nix/store/9bh3986bpragfjmr32gay8p95k91q4gy-glibc-2.33-47/lib/libgcc_s.so.1
7f1321377000-7f1321388000 r-xp 00003000 00:f5e 4611686018693337812       /nix/store/9bh3986bpragfjmr32gay8p95k91q4gy-glibc-2.33-47/lib/libgcc_s.so.1
7f1321388000-7f132138b000 r--p 00014000 00:f5e 4611686018693337812       /nix/store/9bh3986bpragfjmr32gay8p95k91q4gy-glibc-2.33-47/lib/libgcc_s.so.1
7f132138b000-7f132138c000 ---p 00017000 00:f5e 4611686018693337812       /nix/store/9bh3986bpragfjmr32gay8p95k91q4gy-glibc-2.33-47/lib/libgcc_s.so.1
7f132138c000-7f132138d000 r--p 00017000 00:f5e 4611686018693337812       /nix/store/9bh3986bpragfjmr32gay8p95k91q4gy-glibc-2.33-47/lib/libgcc_s.so.1
7f132138d000-7f132138e000 rw-p 00018000 00:f5e 4611686018693337812       /nix/store/9bh3986bpragfjmr32gay8p95k91q4gy-glibc-2.33-47/lib/libgcc_s.so.1
7f132138e000-7f13213aa000 r--s 00393000 00:f5e 4611686018609580575       /nix/store/x26gyx3nb3kx580i4r9qg9q1iw45xbp9-graalvm8-ce/jre/lib/ext/cldrdata.jar
7f13213aa000-7f13213b5000 r--s 00116000 00:f5e 4611686018609581069       /nix/store/x26gyx3nb3kx580i4r9qg9q1iw45xbp9-graalvm8-ce/jre/lib/ext/localedata.jar
7f13213b5000-7f132142f000 r--s 011a7000 00:f5e 4611686018609581639       /nix/store/x26gyx3nb3kx580i4r9qg9q1iw45xbp9-graalvm8-ce/jre/lib/jvmci/graal.jar
7f132142f000-7f132300a000 r-xp 00000000 00:f5e 4611686018609464899       /nix/store/x26gyx3nb3kx580i4r9qg9q1iw45xbp9-graalvm8-ce/jre/lib/amd64/libjvmcicompiler.so
7f132300a000-7f1323209000 ---p 01bdb000 00:f5e 4611686018609464899       /nix/store/x26gyx3nb3kx580i4r9qg9q1iw45xbp9-graalvm8-ce/jre/lib/amd64/libjvmcicompiler.so
7f1323209000-7f132320a000 r--p 01bda000 00:f5e 4611686018609464899       /nix/store/x26gyx3nb3kx580i4r9qg9q1iw45xbp9-graalvm8-ce/jre/lib/amd64/libjvmcicompiler.so
7f132320a000-7f132320c000 rw-p 01bdb000 00:f5e 4611686018609464899       /nix/store/x26gyx3nb3kx580i4r9qg9q1iw45xbp9-graalvm8-ce/jre/lib/amd64/libjvmcicompiler.so
7f132320c000-7f1323211000 rw-p 01e01000 00:f5e 4611686018609464899       /nix/store/x26gyx3nb3kx580i4r9qg9q1iw45xbp9-graalvm8-ce/jre/lib/amd64/libjvmcicompiler.so
7f1323211000-7f1323212000 ---p 00000000 00:00 0 
7f1323212000-7f1323312000 rw-p 00000000 00:00 0 
7f1323312000-7f1323315000 ---p 00000000 00:00 0 
7f1323315000-7f1323413000 rw-p 00000000 00:00 0 
7f1323413000-7f1323414000 ---p 00000000 00:00 0 
7f1323414000-7f1323417000 ---p 00000000 00:00 0 
7f1323417000-7f1323614000 rw-p 00000000 00:00 0 
7f1323614000-7f1323615000 ---p 00000000 00:00 0 
7f1323615000-7f1323618000 ---p 00000000 00:00 0 
7f1323618000-7f1323815000 rw-p 00000000 00:00 0 
7f1323815000-7f1323818000 ---p 00000000 00:00 0 
7f1323818000-7f1323916000 rw-p 00000000 00:00 0 
7f1323916000-7f1323bfc000 r--p 00000000 00:cbe 28444448                  /usr/lib/locale/locale-archive
7f1323bfc000-7f1323bff000 ---p 00000000 00:00 0 
7f1323bff000-7f1323cfd000 rw-p 00000000 00:00 0 
7f1323cfd000-7f1323d00000 ---p 00000000 00:00 0 
7f1323d00000-7f1323dfe000 rw-p 00000000 00:00 0 
7f1323dfe000-7f1323dff000 ---p 00000000 00:00 0 
7f1323dff000-7f1324000000 rw-p 00000000 00:00 0 
7f1324000000-7f1324021000 rw-p 00000000 00:00 0 
7f1324021000-7f1328000000 ---p 00000000 00:00 0 
7f1328000000-7f1328021000 rw-p 00000000 00:00 0 
7f1328021000-7f132c000000 ---p 00000000 00:00 0 
7f132c000000-7f132c021000 rw-p 00000000 00:00 0 
7f132c021000-7f1330000000 ---p 00000000 00:00 0 
7f1330000000-7f1330001000 r--s 00003000 00:65c 35227                     /home/runner/eaglecraft-server-1-backup/java/bukkit_command/plugins/EaglerPluginInstaller.jar (deleted)
7f1330001000-7f1330003000 r--s 00008000 00:f5e 4611686018609581469       /nix/store/x26gyx3nb3kx580i4r9qg9q1iw45xbp9-graalvm8-ce/jre/lib/ext/sunec.jar
7f1330003000-7f1330007000 r--s 00040000 00:f5e 4611686018609581482       /nix/store/x26gyx3nb3kx580i4r9qg9q1iw45xbp9-graalvm8-ce/jre/lib/ext/sunpkcs11.jar
7f1330007000-7f1330009000 r--s 00016000 00:f5e 4611686018609467223       /nix/store/x26gyx3nb3kx580i4r9qg9q1iw45xbp9-graalvm8-ce/jre/lib/jce.jar
7f1330009000-7f133000c000 ---p 00000000 00:00 0 
7f133000c000-7f1330042000 rw-p 00000000 00:00 0 
7f1330042000-7f1330053000 r--s 001c4000 00:f5e 4611686018609467226       /nix/store/x26gyx3nb3kx580i4r9qg9q1iw45xbp9-graalvm8-ce/jre/lib/jsse.jar
7f1330053000-7f1330054000 r--s 00000000 00:f5e 4611686018609581638       /nix/store/x26gyx3nb3kx580i4r9qg9q1iw45xbp9-graalvm8-ce/jre/lib/jvmci/graal-truffle-jfr-impl.jar
7f1330054000-7f1330058000 r--s 00089000 00:f5e 4611686018609584377       /nix/store/x26gyx3nb3kx580i4r9qg9q1iw45xbp9-graalvm8-ce/jre/lib/jvmci/jvmci-hotspot.jar
7f1330058000-7f133005c000 r--s 0004f000 00:f5e 4611686018609584374       /nix/store/x26gyx3nb3kx580i4r9qg9q1iw45xbp9-graalvm8-ce/jre/lib/jvmci/jvmci-api.jar
7f133005c000-7f13300f0000 r--s 00bcb000 00:65c 310                       /home/runner/eaglecraft-server-1-backup/java/bukkit_command/craftbukkit-1.5.2-R1.0.jar
7f13300f0000-7f13300f1000 r--s 00010000 00:f5e 4611686018609580485       /nix/store/x26gyx3nb3kx580i4r9qg9q1iw45xbp9-graalvm8-ce/jre/lib/boot/graaljs-scriptengine.jar
7f13300f1000-7f13300f9000 r--s 0008b000 00:f5e 4611686018609580483       /nix/store/x26gyx3nb3kx580i4r9qg9q1iw45xbp9-graalvm8-ce/jre/lib/boot/graal-sdk.jar
7f13300f9000-7f1331000000 rw-p 00000000 00:00 0 
7f1331000000-7f1331b80000 rwxp 00000000 00:00 0 
7f1331b80000-7f1340000000 ---p 00000000 00:00 0 
7f1340000000-7f1340517000 rw-p 00000000 00:00 0 
7f1340517000-7f1344000000 ---p 00000000 00:00 0 
7f1344000000-7f1344005000 r--s 0005c000 00:f5e 4611686018609580484       /nix/store/x26gyx3nb3kx580i4r9qg9q1iw45xbp9-graalvm8-ce/jre/lib/boot/graal-sdk.src.zip
7f1344005000-7f1344006000 r--s 00004000 00:f5e 4611686018609580486       /nix/store/x26gyx3nb3kx580i4r9qg9q1iw45xbp9-graalvm8-ce/jre/lib/boot/truffleruby-services.jar
7f1344006000-7f1344007000 r--s 00005000 00:f5e 4611686018609467232       /nix/store/x26gyx3nb3kx580i4r9qg9q1iw45xbp9-graalvm8-ce/jre/lib/jvmci-services.jar
7f1344007000-7f134400d000 r--s 000d3000 00:f5e 4611686018609467225       /nix/store/x26gyx3nb3kx580i4r9qg9q1iw45xbp9-graalvm8-ce/jre/lib/jfr.jar
7f134400d000-7f134445f000 rw-p 00000000 00:00 0 
7f134445f000-7f1344630000 r--s 03ca5000 00:f5e 4611686018609467254       /nix/store/x26gyx3nb3kx580i4r9qg9q1iw45xbp9-graalvm8-ce/jre/lib/rt.jar
7f1344630000-7f134580b000 rw-p 00000000 00:00 0 
7f134580b000-7f134580c000 ---p 00000000 00:00 0 
7f134580c000-7f134590c000 rw-p 00000000 00:00 0 
7f134590c000-7f134590d000 ---p 00000000 00:00 0 
7f134590d000-7f1345a0d000 rw-p 00000000 00:00 0 
7f1345a0d000-7f1345a0e000 ---p 00000000 00:00 0 
7f1345a0e000-7f1345ce8000 rw-p 00000000 00:00 0 
7f1345ce8000-7f134607a000 ---p 00000000 00:00 0 
7f134607a000-7f1346082000 r-xp 00000000 00:f5e 4611686018609467207       /nix/store/x26gyx3nb3kx580i4r9qg9q1iw45xbp9-graalvm8-ce/jre/lib/amd64/libzip.so
7f1346082000-7f1346281000 ---p 00008000 00:f5e 4611686018609467207       /nix/store/x26gyx3nb3kx580i4r9qg9q1iw45xbp9-graalvm8-ce/jre/lib/amd64/libzip.so
7f1346281000-7f1346282000 r--p 00007000 00:f5e 4611686018609467207       /nix/store/x26gyx3nb3kx580i4r9qg9q1iw45xbp9-graalvm8-ce/jre/lib/amd64/libzip.so
7f1346282000-7f1346283000 rw-p 00008000 00:f5e 4611686018609467207       /nix/store/x26gyx3nb3kx580i4r9qg9q1iw45xbp9-graalvm8-ce/jre/lib/amd64/libzip.so
7f1346283000-7f1346285000 rw-p 0000b000 00:f5e 4611686018609467207       /nix/store/x26gyx3nb3kx580i4r9qg9q1iw45xbp9-graalvm8-ce/jre/lib/amd64/libzip.so
7f1346285000-7f134628d000 rw-s 00000000 00:915 368                       /tmp/hsperfdata_runner/34
7f134628d000-7f1346290000 r--p 00000000 00:f5e 4611686018693337831       /nix/store/9bh3986bpragfjmr32gay8p95k91q4gy-glibc-2.33-47/lib/libnss_files-2.33.so
7f1346290000-7f1346296000 r-xp 00003000 00:f5e 4611686018693337831       /nix/store/9bh3986bpragfjmr32gay8p95k91q4gy-glibc-2.33-47/lib/libnss_files-2.33.so
7f1346296000-7f1346298000 r--p 00009000 00:f5e 4611686018693337831       /nix/store/9bh3986bpragfjmr32gay8p95k91q4gy-glibc-2.33-47/lib/libnss_files-2.33.so
7f1346298000-7f1346299000 r--p 0000a000 00:f5e 4611686018693337831       /nix/store/9bh3986bpragfjmr32gay8p95k91q4gy-glibc-2.33-47/lib/libnss_files-2.33.so
7f1346299000-7f134629a000 rw-p 0000b000 00:f5e 4611686018693337831       /nix/store/9bh3986bpragfjmr32gay8p95k91q4gy-glibc-2.33-47/lib/libnss_files-2.33.so
7f134629a000-7f13462a1000 rw-p 00000000 00:00 0 
7f13462a1000-7f13462a2000 r--p 00000000 00:00 0 
7f13462a2000-7f13462ca000 r-xp 00000000 00:f5e 4611686018609464887       /nix/store/x26gyx3nb3kx580i4r9qg9q1iw45xbp9-graalvm8-ce/jre/lib/amd64/libjava.so
7f13462ca000-7f13464c9000 ---p 00028000 00:f5e 4611686018609464887       /nix/store/x26gyx3nb3kx580i4r9qg9q1iw45xbp9-graalvm8-ce/jre/lib/amd64/libjava.so
7f13464c9000-7f13464ca000 r--p 00027000 00:f5e 4611686018609464887       /nix/store/x26gyx3nb3kx580i4r9qg9q1iw45xbp9-graalvm8-ce/jre/lib/amd64/libjava.so
7f13464ca000-7f13464cc000 rw-p 00028000 00:f5e 4611686018609464887       /nix/store/x26gyx3nb3kx580i4r9qg9q1iw45xbp9-graalvm8-ce/jre/lib/amd64/libjava.so
7f13464cc000-7f13464d1000 rw-p 00034000 00:f5e 4611686018609464887       /nix/store/x26gyx3nb3kx580i4r9qg9q1iw45xbp9-graalvm8-ce/jre/lib/amd64/libjava.so
7f13464d1000-7f13464e0000 r-xp 00000000 00:f5e 4611686018609467206       /nix/store/x26gyx3nb3kx580i4r9qg9q1iw45xbp9-graalvm8-ce/jre/lib/amd64/libverify.so
7f13464e0000-7f13466df000 ---p 0000f000 00:f5e 4611686018609467206       /nix/store/x26gyx3nb3kx580i4r9qg9q1iw45xbp9-graalvm8-ce/jre/lib/amd64/libverify.so
7f13466df000-7f13466e1000 r--p 0000e000 00:f5e 4611686018609467206       /nix/store/x26gyx3nb3kx580i4r9qg9q1iw45xbp9-graalvm8-ce/jre/lib/amd64/libverify.so
7f13466e1000-7f13466e2000 rw-p 00010000 00:f5e 4611686018609467206       /nix/store/x26gyx3nb3kx580i4r9qg9q1iw45xbp9-graalvm8-ce/jre/lib/amd64/libverify.so
7f13466e2000-7f13466e3000 rw-p 00013000 00:f5e 4611686018609467206       /nix/store/x26gyx3nb3kx580i4r9qg9q1iw45xbp9-graalvm8-ce/jre/lib/amd64/libverify.so
7f13466e3000-7f13466e6000 r--p 00000000 00:f5e 4611686018693337844       /nix/store/9bh3986bpragfjmr32gay8p95k91q4gy-glibc-2.33-47/lib/librt-2.33.so
7f13466e6000-7f13466ea000 r-xp 00003000 00:f5e 4611686018693337844       /nix/store/9bh3986bpragfjmr32gay8p95k91q4gy-glibc-2.33-47/lib/librt-2.33.so
7f13466ea000-7f13466ec000 r--p 00007000 00:f5e 4611686018693337844       /nix/store/9bh3986bpragfjmr32gay8p95k91q4gy-glibc-2.33-47/lib/librt-2.33.so
7f13466ec000-7f13466ed000 r--p 00008000 00:f5e 4611686018693337844       /nix/store/9bh3986bpragfjmr32gay8p95k91q4gy-glibc-2.33-47/lib/librt-2.33.so
7f13466ed000-7f13466ee000 rw-p 00009000 00:f5e 4611686018693337844       /nix/store/9bh3986bpragfjmr32gay8p95k91q4gy-glibc-2.33-47/lib/librt-2.33.so
7f13466ee000-7f13466ef000 ---p 00000000 00:00 0 
7f13466ef000-7f13466f2000 ---p 00000000 00:00 0 
7f13466f2000-7f13467ef000 rw-p 00000000 00:00 0 
7f13467ef000-7f13467fe000 r--p 00000000 00:f5e 4611686018693337813       /nix/store/9bh3986bpragfjmr32gay8p95k91q4gy-glibc-2.33-47/lib/libm-2.33.so
7f13467fe000-7f1346895000 r-xp 0000f000 00:f5e 4611686018693337813       /nix/store/9bh3986bpragfjmr32gay8p95k91q4gy-glibc-2.33-47/lib/libm-2.33.so
7f1346895000-7f134692e000 r--p 000a6000 00:f5e 4611686018693337813       /nix/store/9bh3986bpragfjmr32gay8p95k91q4gy-glibc-2.33-47/lib/libm-2.33.so
7f134692e000-7f134692f000 r--p 0013e000 00:f5e 4611686018693337813       /nix/store/9bh3986bpragfjmr32gay8p95k91q4gy-glibc-2.33-47/lib/libm-2.33.so
7f134692f000-7f1346930000 rw-p 0013f000 00:f5e 4611686018693337813       /nix/store/9bh3986bpragfjmr32gay8p95k91q4gy-glibc-2.33-47/lib/libm-2.33.so
7f1346930000-7f1347767000 r-xp 00000000 00:f5e 4611686018609579955       /nix/store/x26gyx3nb3kx580i4r9qg9q1iw45xbp9-graalvm8-ce/jre/lib/amd64/server/libjvm.so
7f1347767000-7f1347967000 ---p 00e37000 00:f5e 4611686018609579955       /nix/store/x26gyx3nb3kx580i4r9qg9q1iw45xbp9-graalvm8-ce/jre/lib/amd64/server/libjvm.so
7f1347967000-7f1347a32000 rw-p 00e37000 00:f5e 4611686018609579955       /nix/store/x26gyx3nb3kx580i4r9qg9q1iw45xbp9-graalvm8-ce/jre/lib/amd64/server/libjvm.so
7f1347a32000-7f1347a6a000 rw-p 00000000 00:00 0 
7f1347a6a000-7f1347a90000 r--p 00000000 00:f5e 4611686018693337801       /nix/store/9bh3986bpragfjmr32gay8p95k91q4gy-glibc-2.33-47/lib/libc-2.33.so
7f1347a90000-7f1347bd3000 r-xp 00026000 00:f5e 4611686018693337801       /nix/store/9bh3986bpragfjmr32gay8p95k91q4gy-glibc-2.33-47/lib/libc-2.33.so
7f1347bd3000-7f1347c20000 r--p 00169000 00:f5e 4611686018693337801       /nix/store/9bh3986bpragfjmr32gay8p95k91q4gy-glibc-2.33-47/lib/libc-2.33.so
7f1347c20000-7f1347c23000 r--p 001b5000 00:f5e 4611686018693337801       /nix/store/9bh3986bpragfjmr32gay8p95k91q4gy-glibc-2.33-47/lib/libc-2.33.so
7f1347c23000-7f1347c26000 rw-p 001b8000 00:f5e 4611686018693337801       /nix/store/9bh3986bpragfjmr32gay8p95k91q4gy-glibc-2.33-47/lib/libc-2.33.so
7f1347c26000-7f1347c31000 rw-p 00000000 00:00 0 
7f1347c31000-7f1347c32000 r--p 00000000 00:f5e 4611686018693337808       /nix/store/9bh3986bpragfjmr32gay8p95k91q4gy-glibc-2.33-47/lib/libdl-2.33.so
7f1347c32000-7f1347c33000 r-xp 00001000 00:f5e 4611686018693337808       /nix/store/9bh3986bpragfjmr32gay8p95k91q4gy-glibc-2.33-47/lib/libdl-2.33.so
7f1347c33000-7f1347c34000 r--p 00002000 00:f5e 4611686018693337808       /nix/store/9bh3986bpragfjmr32gay8p95k91q4gy-glibc-2.33-47/lib/libdl-2.33.so
7f1347c34000-7f1347c35000 r--p 00002000 00:f5e 4611686018693337808       /nix/store/9bh3986bpragfjmr32gay8p95k91q4gy-glibc-2.33-47/lib/libdl-2.33.so
7f1347c35000-7f1347c36000 rw-p 00003000 00:f5e 4611686018693337808       /nix/store/9bh3986bpragfjmr32gay8p95k91q4gy-glibc-2.33-47/lib/libdl-2.33.so
7f1347c36000-7f1347c43000 r-xp 00000000 00:f5e 4611686018609464872       /nix/store/x26gyx3nb3kx580i4r9qg9q1iw45xbp9-graalvm8-ce/jre/lib/amd64/jli/libjli.so
7f1347c43000-7f1347e43000 ---p 0000d000 00:f5e 4611686018609464872       /nix/store/x26gyx3nb3kx580i4r9qg9q1iw45xbp9-graalvm8-ce/jre/lib/amd64/jli/libjli.so
7f1347e43000-7f1347e44000 r--p 0000d000 00:f5e 4611686018609464872       /nix/store/x26gyx3nb3kx580i4r9qg9q1iw45xbp9-graalvm8-ce/jre/lib/amd64/jli/libjli.so
7f1347e44000-7f1347e45000 rw-p 0000e000 00:f5e 4611686018609464872       /nix/store/x26gyx3nb3kx580i4r9qg9q1iw45xbp9-graalvm8-ce/jre/lib/amd64/jli/libjli.so
7f1347e45000-7f1347e46000 rw-p 00012000 00:f5e 4611686018609464872       /nix/store/x26gyx3nb3kx580i4r9qg9q1iw45xbp9-graalvm8-ce/jre/lib/amd64/jli/libjli.so
7f1347e46000-7f1347e49000 r--p 00000000 00:f5e 4611686018693989150       /nix/store/dc3r2nbhckwn41hq5vaxxbj7z0lqdwb1-zlib-1.2.11/lib/libz.so.1.2.11
7f1347e49000-7f1347e5a000 r-xp 00003000 00:f5e 4611686018693989150       /nix/store/dc3r2nbhckwn41hq5vaxxbj7z0lqdwb1-zlib-1.2.11/lib/libz.so.1.2.11
7f1347e5a000-7f1347e60000 r--p 00014000 00:f5e 4611686018693989150       /nix/store/dc3r2nbhckwn41hq5vaxxbj7z0lqdwb1-zlib-1.2.11/lib/libz.so.1.2.11
7f1347e60000-7f1347e61000 ---p 0001a000 00:f5e 4611686018693989150       /nix/store/dc3r2nbhckwn41hq5vaxxbj7z0lqdwb1-zlib-1.2.11/lib/libz.so.1.2.11
7f1347e61000-7f1347e62000 r--p 0001a000 00:f5e 4611686018693989150       /nix/store/dc3r2nbhckwn41hq5vaxxbj7z0lqdwb1-zlib-1.2.11/lib/libz.so.1.2.11
7f1347e62000-7f1347e63000 rw-p 0001b000 00:f5e 4611686018693989150       /nix/store/dc3r2nbhckwn41hq5vaxxbj7z0lqdwb1-zlib-1.2.11/lib/libz.so.1.2.11
7f1347e63000-7f1347e6a000 r--p 00000000 00:f5e 4611686018693337838       /nix/store/9bh3986bpragfjmr32gay8p95k91q4gy-glibc-2.33-47/lib/libpthread-2.33.so
7f1347e6a000-7f1347e78000 r-xp 00007000 00:f5e 4611686018693337838       /nix/store/9bh3986bpragfjmr32gay8p95k91q4gy-glibc-2.33-47/lib/libpthread-2.33.so
7f1347e78000-7f1347e7d000 r--p 00015000 00:f5e 4611686018693337838       /nix/store/9bh3986bpragfjmr32gay8p95k91q4gy-glibc-2.33-47/lib/libpthread-2.33.so
7f1347e7d000-7f1347e7e000 r--p 00019000 00:f5e 4611686018693337838       /nix/store/9bh3986bpragfjmr32gay8p95k91q4gy-glibc-2.33-47/lib/libpthread-2.33.so
7f1347e7e000-7f1347e7f000 rw-p 0001a000 00:f5e 4611686018693337838       /nix/store/9bh3986bpragfjmr32gay8p95k91q4gy-glibc-2.33-47/lib/libpthread-2.33.so
7f1347e7f000-7f1347e85000 rw-p 00000000 00:00 0 
7f1347e85000-7f1347e86000 r--p 00000000 00:f5e 4611686018693337792       /nix/store/9bh3986bpragfjmr32gay8p95k91q4gy-glibc-2.33-47/lib/ld-2.33.so
7f1347e86000-7f1347eaa000 r-xp 00001000 00:f5e 4611686018693337792       /nix/store/9bh3986bpragfjmr32gay8p95k91q4gy-glibc-2.33-47/lib/ld-2.33.so
7f1347eaa000-7f1347eb4000 r--p 00025000 00:f5e 4611686018693337792       /nix/store/9bh3986bpragfjmr32gay8p95k91q4gy-glibc-2.33-47/lib/ld-2.33.so
7f1347eb4000-7f1347eb6000 r--p 0002e000 00:f5e 4611686018693337792       /nix/store/9bh3986bpragfjmr32gay8p95k91q4gy-glibc-2.33-47/lib/ld-2.33.so
7f1347eb6000-7f1347eb8000 rw-p 00030000 00:f5e 4611686018693337792       /nix/store/9bh3986bpragfjmr32gay8p95k91q4gy-glibc-2.33-47/lib/ld-2.33.so
7ffc7023a000-7ffc7025e000 rw-p 00000000 00:00 0                          [stack]
7ffc703a6000-7ffc703aa000 r--p 00000000 00:00 0                          [vvar]
7ffc703aa000-7ffc703ac000 r-xp 00000000 00:00 0                          [vdso]
ffffffffff600000-ffffffffff601000 --xp 00000000 00:00 0                  [vsyscall]

VM Arguments:
jvm_args: -Xmx512M -Xms512M 
java_command: craftbukkit-1.5.2-R1.0.jar
java_class_path (initial): craftbukkit-1.5.2-R1.0.jar
Launcher Type: SUN_STANDARD

Environment Variables:
JAVA_HOME=/nix/store/x26gyx3nb3kx580i4r9qg9q1iw45xbp9-graalvm8-ce
LD_LIBRARY_PATH=/nix/store/kbz3s60sndry87c2csg4svbbld3224q8-cups-2.3.3-lib/lib:/nix/store/0bdcnb6wnd9dg4wj4aqjwkizzz7lldps-cairo-1.16.0/lib:/nix/store/3jz43ya7j65mh53nj262rilsk1j2jb68-glib-2.68.3/lib:/nix/store/qvmdkg2f09pvlsdr4bqasyiy5g0mbvrd-gtk+3-3.24.30/lib:/nix/store/hisqvx32cd57apbpcsnkpx6k3549wql1-libglvnd-1.4.0/lib:/nix/store/p36pgcv991mq5srvg765b78yqpxvk3qs-mesa-21.3.3-drivers/lib:/nix/store/mav4251if1ahjq5vkpwycyyvnmy459c4-pulseaudio-14.2/lib
DISPLAY=:0

Signal Handlers:
SIGSEGV: [libjvm.so+0xbe9860], sa_mask[0]=11111111011111111101111111111110, sa_flags=SA_RESTART|SA_SIGINFO
SIGBUS: [libjvm.so+0xbe9860], sa_mask[0]=11111111011111111101111111111110, sa_flags=SA_RESTART|SA_SIGINFO
SIGFPE: [libjvm.so+0xa11d10], sa_mask[0]=11111111011111111101111111111110, sa_flags=SA_RESTART|SA_SIGINFO
SIGPIPE: [libjvm.so+0xa11d10], sa_mask[0]=11111111011111111101111111111110, sa_flags=SA_RESTART|SA_SIGINFO
SIGXFSZ: [libjvm.so+0xa11d10], sa_mask[0]=11111111011111111101111111111110, sa_flags=SA_RESTART|SA_SIGINFO
SIGILL: [libjvm.so+0xa11d10], sa_mask[0]=11111111011111111101111111111110, sa_flags=SA_RESTART|SA_SIGINFO
SIGUSR1: SIG_DFL, sa_mask[0]=00000000000000000000000000000000, sa_flags=none
SIGUSR2: [libjvm.so+0xa11be0], sa_mask[0]=00000000000000000000000000000000, sa_flags=SA_RESTART|SA_SIGINFO
SIGHUP: [libjvm.so+0xa12200], sa_mask[0]=11111111011111111101111111111110, sa_flags=SA_RESTART|SA_SIGINFO
SIGINT: [libjvm.so+0xa12200], sa_mask[0]=11111111011111111101111111111110, sa_flags=SA_RESTART|SA_SIGINFO
SIGTERM: [libjvm.so+0xa12200], sa_mask[0]=11111111011111111101111111111110, sa_flags=SA_RESTART|SA_SIGINFO
SIGQUIT: [libjvm.so+0xa12200], sa_mask[0]=11111111011111111101111111111110, sa_flags=SA_RESTART|SA_SIGINFO


---------------  S Y S T E M  ---------------

OS:DISTRIB_ID=Ubuntu
DISTRIB_RELEASE=20.04
DISTRIB_CODENAME=focal
DISTRIB_DESCRIPTION="Ubuntu 20.04.2 LTS"

uname:Linux 6.2.0-1014-gcp #14~22.04.1-Ubuntu SMP Mon Sep 11 07:44:43 UTC 2023 x86_64
libc:glibc 2.33 NPTL 2.33 
rlimit: STACK 8192k, CORE infinity, NPROC infinity, NOFILE 5242, AS infinity
load average:15.70 11.07 10.00

/proc/meminfo:
MemTotal:       32855996 kB
MemFree:          747080 kB
MemAvailable:   17924760 kB
Buffers:         1201828 kB
Cached:         14606056 kB
SwapCached:            0 kB
Active:          7477100 kB
Inactive:       21495284 kB
Active(anon):      14124 kB
Inactive(anon): 12579060 kB
Active(file):    7462976 kB
Inactive(file):  8916224 kB
Unevictable:       28652 kB
Mlocked:           28652 kB
SwapTotal:             0 kB
SwapFree:              0 kB
Zswap:                 0 kB
Zswapped:              0 kB
Dirty:              7100 kB
Writeback:           248 kB
AnonPages:      13192640 kB
Mapped:          1969820 kB
Shmem:             34324 kB
KReclaimable:    1321896 kB
Slab:            2102964 kB
SReclaimable:    1321896 kB
SUnreclaim:       781068 kB
KernelStack:      215576 kB
PageTables:       309636 kB
SecPageTables:         0 kB
NFS_Unstable:          0 kB
Bounce:                0 kB
WritebackTmp:          0 kB
CommitLimit:    16427996 kB
Committed_AS:   65955796 kB
VmallocTotal:   34359738367 kB
VmallocUsed:      249172 kB
VmallocChunk:          0 kB
Percpu:            21792 kB
HardwareCorrupted:     0 kB
AnonHugePages:    313344 kB
ShmemHugePages:        0 kB
ShmemPmdMapped:        0 kB
FileHugePages:         0 kB
FilePmdMapped:         0 kB
HugePages_Total:       0
HugePages_Free:        0
HugePages_Rsvd:        0
HugePages_Surp:        0
Hugepagesize:       2048 kB
Hugetlb:               0 kB
DirectMap4k:      400184 kB
DirectMap2M:    16373760 kB
DirectMap1G:    18874368 kB


CPU:total 4 (initial active 3) (4 cores per cpu, 1 threads per core) family 23 model 49 stepping 0, cmov, cx8, fxsr, mmx, sse, sse2, sse3, ssse3, sse4.1, sse4.2, popcnt, avx, avx2, aes, clmul, mmxext, 3dnowpref, lzcnt, sse4a, tsc, tscinvbit, tscinv, bmi1

/proc/cpuinfo:
processor	: 0
vendor_id	: AuthenticAMD
cpu family	: 23
model		: 49
model name	: AMD EPYC 7B12
stepping	: 0
microcode	: 0xffffffff
cpu MHz		: 2249.998
cache size	: 512 KB
physical id	: 0
siblings	: 4
core id		: 0
cpu cores	: 2
apicid		: 0
initial apicid	: 0
fpu		: yes
fpu_exception	: yes
cpuid level	: 13
wp		: yes
flags		: fpu vme de pse tsc msr pae mce cx8 apic sep mtrr pge mca cmov pat pse36 clflush mmx fxsr sse sse2 ht syscall nx mmxext fxsr_opt pdpe1gb rdtscp lm constant_tsc rep_good nopl nonstop_tsc cpuid extd_apicid tsc_known_freq pni pclmulqdq ssse3 fma cx16 sse4_1 sse4_2 movbe popcnt aes xsave avx f16c rdrand hypervisor lahf_lm cmp_legacy cr8_legacy abm sse4a misalignsse 3dnowprefetch osvw topoext ssbd ibrs ibpb stibp vmmcall fsgsbase tsc_adjust bmi1 avx2 smep bmi2 rdseed adx smap clflushopt clwb sha_ni xsaveopt xsavec xgetbv1 clzero xsaveerptr arat npt nrip_save umip rdpid
bugs		: sysret_ss_attrs null_seg spectre_v1 spectre_v2 spec_store_bypass retbleed smt_rsb
bogomips	: 4499.99
TLB size	: 3072 4K pages
clflush size	: 64
cache_alignment	: 64
address sizes	: 48 bits physical, 48 bits virtual
power management:

processor	: 1
vendor_id	: AuthenticAMD
cpu family	: 23
model		: 49
model name	: AMD EPYC 7B12
stepping	: 0
microcode	: 0xffffffff
cpu MHz		: 2249.998
cache size	: 512 KB
physical id	: 0
siblings	: 4
core id		: 1
cpu cores	: 2
apicid		: 2
initial apicid	: 2
fpu		: yes
fpu_exception	: yes
cpuid level	: 13
wp		: yes
flags		: fpu vme de pse tsc msr pae mce cx8 apic sep mtrr pge mca cmov pat pse36 clflush mmx fxsr sse sse2 ht syscall nx mmxext fxsr_opt pdpe1gb rdtscp lm constant_tsc rep_good nopl nonstop_tsc cpuid extd_apicid tsc_known_freq pni pclmulqdq ssse3 fma cx16 sse4_1 sse4_2 movbe popcnt aes xsave avx f16c rdrand hypervisor lahf_lm cmp_legacy cr8_legacy abm sse4a misalignsse 3dnowprefetch osvw topoext ssbd ibrs ibpb stibp vmmcall fsgsbase tsc_adjust bmi1 avx2 smep bmi2 rdseed adx smap clflushopt clwb sha_ni xsaveopt xsavec xgetbv1 clzero xsaveerptr arat npt nrip_save umip rdpid
bugs		: sysret_ss_attrs null_seg spectre_v1 spectre_v2 spec_store_bypass retbleed smt_rsb
bogomips	: 4499.99
TLB size	: 3072 4K pages
clflush size	: 64
cache_alignment	: 64
address sizes	: 48 bits physical, 48 bits virtual
power management:

processor	: 2
vendor_id	: AuthenticAMD
cpu family	: 23
model		: 49
model name	: AMD EPYC 7B12
stepping	: 0
microcode	: 0xffffffff
cpu MHz		: 2249.998
cache size	: 512 KB
physical id	: 0
siblings	: 4
core id		: 0
cpu cores	: 2
apicid		: 1
initial apicid	: 1
fpu		: yes
fpu_exception	: yes
cpuid level	: 13
wp		: yes
flags		: fpu vme de pse tsc msr pae mce cx8 apic sep mtrr pge mca cmov pat pse36 clflush mmx fxsr sse sse2 ht syscall nx mmxext fxsr_opt pdpe1gb rdtscp lm constant_tsc rep_good nopl nonstop_tsc cpuid extd_apicid tsc_known_freq pni pclmulqdq ssse3 fma cx16 sse4_1 sse4_2 movbe popcnt aes xsave avx f16c rdrand hypervisor lahf_lm cmp_legacy cr8_legacy abm sse4a misalignsse 3dnowprefetch osvw topoext ssbd ibrs ibpb stibp vmmcall fsgsbase tsc_adjust bmi1 avx2 smep bmi2 rdseed adx smap clflushopt clwb sha_ni xsaveopt xsavec xgetbv1 clzero xsaveerptr arat npt nrip_save umip rdpid
bugs		: sysret_ss_attrs null_seg spectre_v1 spectre_v2 spec_store_bypass retbleed smt_rsb
bogomips	: 4499.99
TLB size	: 3072 4K pages
clflush size	: 64
cache_alignment	: 64
address sizes	: 48 bits physical, 48 bits virtual
power management:

processor	: 3
vendor_id	: AuthenticAMD
cpu family	: 23
model		: 49
model name	: AMD EPYC 7B12
stepping	: 0
microcode	: 0xffffffff
cpu MHz		: 2249.998
cache size	: 512 KB
physical id	: 0
siblings	: 4
core id		: 1
cpu cores	: 2
apicid		: 3
initial apicid	: 3
fpu		: yes
fpu_exception	: yes
cpuid level	: 13
wp		: yes
flags		: fpu vme de pse tsc msr pae mce cx8 apic sep mtrr pge mca cmov pat pse36 clflush mmx fxsr sse sse2 ht syscall nx mmxext fxsr_opt pdpe1gb rdtscp lm constant_tsc rep_good nopl nonstop_tsc cpuid extd_apicid tsc_known_freq pni pclmulqdq ssse3 fma cx16 sse4_1 sse4_2 movbe popcnt aes xsave avx f16c rdrand hypervisor lahf_lm cmp_legacy cr8_legacy abm sse4a misalignsse 3dnowprefetch osvw topoext ssbd ibrs ibpb stibp vmmcall fsgsbase tsc_adjust bmi1 avx2 smep bmi2 rdseed adx smap clflushopt clwb sha_ni xsaveopt xsavec xgetbv1 clzero xsaveerptr arat npt nrip_save umip rdpid
bugs		: sysret_ss_attrs null_seg spectre_v1 spectre_v2 spec_store_bypass retbleed smt_rsb
bogomips	: 4499.99
TLB size	: 3072 4K pages
clflush size	: 64
cache_alignment	: 64
address sizes	: 48 bits physical, 48 bits virtual
power management:



Memory: 4k page, physical 32855996k(773656k free), swap 0k(0k free)

vm_info: OpenJDK 64-Bit Server VM GraalVM CE 21.2.0 (25.302-b07-jvmci-21.2-b08) for linux-amd64 JRE (1.8.0), built on Jul 19 2021 22:50:15 by "buildslave" with gcc 7.3.0

time: Fri Oct  6 08:59:45 2023
timezone: UTC
elapsed time: 3139.172144 seconds (0d 0h 52m 19s)

