#
# A fatal error has been detected by the Java Runtime Environment:
#
#  SIGBUS (0x7) at pc=0x00007ff706b937ba, pid=32, tid=0x00007ff6eb310640
#
# JRE version: OpenJDK Runtime Environment (8.0_302-b07) (build 1.8.0_302-b07)
# Java VM: OpenJDK 64-Bit Server VM GraalVM CE 21.2.0 (25.302-b07-jvmci-21.2-b08 mixed mode linux-amd64 compressed oops)
# Problematic frame:
# V  [libjvm.so+0x4a87ba]  CompileBroker::compiler_thread_loop()+0x41a
#
# Core dump written. Default location: /home/runner/eaglecraft-server-1-backup/java/bukkit_command/core or core.32
#
# If you would like to submit a bug report, please visit:
#   https://github.com/oracle/graal/issues
#

---------------  T H R E A D  ---------------

Current thread (0x00007ff700167800):  JavaThread "C1 CompilerThread1" daemon [_thread_in_vm, id=71, stack(0x00007ff6eb111000,0x00007ff6eb311000)]

siginfo: si_signo: 7 (SIGBUS), si_code: 2 (BUS_ADRERR), si_addr: 0x00007ff706043208

Registers:
RAX=0x00007ff706043208, RBX=0x00007ff6d000a220, RCX=0x0000000000000000, RDX=0x0000000000000000
RSP=0x00007ff6eb30fc00, RBP=0x00007ff6eb30fd00, RSI=0x0000000000000000, RDI=0x0000000000000000
R8 =0x0000000000000000, R9 =0x0000000000000000, R10=0x0000000000000000, R11=0x0000000000000000
R12=0x00007ff700167800, R13=0x00007ff6eb30fc60, R14=0x00007ff70001eeb0, R15=0x00007ff70001ee30
RIP=0x00007ff706b937ba, EFLAGS=0x0000000000010202, CSGSFS=0x002b000000000033, ERR=0x0000000000000007
  TRAPNO=0x000000000000000e

Top of Stack: (sp=0x00007ff6eb30fc00)
0x00007ff6eb30fc00:   0000000000000138 0000003000000020
0x00007ff6eb30fc10:   00007ff6eb30fce0 00000000000003d8
0x00007ff6eb30fc20:   00007ff6d0001658 00007ff6d0001280
0x00007ff6eb30fc30:   00007ff6d0001270 00007ff6eb30fc5f
0x00007ff6eb30fc40:   00007ff7001643b0 00007ff6eb30fc90
0x00007ff6eb30fc50:   00007ff6eb30fc58 0000007c00000077
0x00007ff6eb30fc60:   0000000000000000 000004f9d4d14e41
0x00007ff6eb30fc70:   0000000000000001 00007ff7001668f0
0x00007ff6eb30fc80:   0000000000000000 00007ff70001ee30
0x00007ff6eb30fc90:   00007ff700167800 00007ff70001eef0
0x00007ff6eb30fca0:   00007ff70001ef30 00007ff70001ef40
0x00007ff6eb30fcb0:   00007ff70001f018 00000000000000d8
0x00007ff6eb30fcc0:   00007ff6eb30fd20 00007ff6d0001270
0x00007ff6eb30fcd0:   00007ff6d0001658 00007ff700167800
0x00007ff6eb30fce0:   00007ff6eb30fd20 00007ff6d0001658
0x00007ff6eb30fcf0:   00007ff6d0001280 00007ff70001eeb0
0x00007ff6eb30fd00:   00007ff6eb30fd90 00007ff70727113b
0x00007ff6eb30fd10:   00007ff6eb30fd90 00000000000003d8
0x00007ff6eb30fd20:   00007ff700167800 00007ff70001eef0
0x00007ff6eb30fd30:   00007ff70001ef30 00007ff70001ef40
0x00007ff6eb30fd40:   00007ff70001f018 00000000000000d8
0x00007ff6eb30fd50:   00007ff70001f150 00007ff7070b0878
0x00007ff6eb30fd60:   0000000000000000 00007ff700167800
0x00007ff6eb30fd70:   0000000000003000 00007ff6eb111000
0x00007ff6eb30fd80:   0000000000000003 00007ff6eb310640
0x00007ff6eb30fd90:   00007ff6eb30fe10 00007ff707271409
0x00007ff6eb30fda0:   0000000000000000 00007ff700167800
0x00007ff6eb30fdb0:   00007ff6eb30fe10 00007ff7070b0eea
0x00007ff6eb30fdc0:   00007ff707368639 00007ff700168b40
0x00007ff6eb30fdd0:   00007ff6eb30fe10 00007ff7000af82e
0x00007ff6eb30fde0:   00007ff6eb30fe10 00007ff700168b40
0x00007ff6eb30fdf0:   00007ff700168a50 00007ff700167800 

Instructions: (pc=0x00007ff706b937ba)
0x00007ff706b9379a:   ef e8 40 fc 6e 00 48 8b 05 d1 ad c2 00 4c 89 7d
0x00007ff706b937aa:   88 0f b6 00 84 c0 0f 84 dc fd ff ff 49 8b 47 28
0x00007ff706b937ba:   48 83 00 01 e9 cf fd ff ff 0f 1f 44 00 00 e8 63
0x00007ff706b937ca:   17 57 00 e9 75 fd ff ff 66 0f 1f 44 00 00 85 c9 

Register to memory mapping:

RAX=0x00007ff706043208 is an unknown value
RBX=0x00007ff6d000a220 is an unknown value
RCX=0x0000000000000000 is an unknown value
RDX=0x0000000000000000 is an unknown value
RSP=0x00007ff6eb30fc00 is pointing into the stack for thread: 0x00007ff700167800
RBP=0x00007ff6eb30fd00 is pointing into the stack for thread: 0x00007ff700167800
RSI=0x0000000000000000 is an unknown value
RDI=0x0000000000000000 is an unknown value
R8 =0x0000000000000000 is an unknown value
R9 =0x0000000000000000 is an unknown value
R10=0x0000000000000000 is an unknown value
R11=0x0000000000000000 is an unknown value
R12=0x00007ff700167800 is a thread
R13=0x00007ff6eb30fc60 is pointing into the stack for thread: 0x00007ff700167800
R14=0x00007ff70001eeb0 is an unknown value
R15=0x00007ff70001ee30 is an unknown value


Stack: [0x00007ff6eb111000,0x00007ff6eb311000],  sp=0x00007ff6eb30fc00,  free space=2043k
Native frames: (J=compiled Java code, j=interpreted, Vv=VM code, C=native code)
V  [libjvm.so+0x4a87ba]  CompileBroker::compiler_thread_loop()+0x41a
V  [libjvm.so+0xb8613b]  JavaThread::thread_main_inner()+0xdb
V  [libjvm.so+0xb86409]  JavaThread::run()+0x299
V  [libjvm.so+0xa13d02]  java_start(Thread*)+0x102
C  [libpthread.so.0+0x8d3e]  start_thread+0xce


---------------  P R O C E S S  ---------------

Java Threads: ( => current thread )
  0x00007ff69069a800 JavaThread "process reaper" daemon [_thread_blocked, id=379, stack(0x00007ff6f0046000,0x00007ff6f007f000)]
  0x00007ff6906aa000 JavaThread "File IO Thread" [_thread_blocked, id=254, stack(0x00007ff6808ff000,0x00007ff680a00000)]
  0x00007ff6906a4000 JavaThread "pool-1-thread-1" [_thread_blocked, id=253, stack(0x00007ff67b8ff000,0x00007ff67ba00000)]
  0x00007ff690078000 JavaThread "Listen thread" [_thread_in_native, id=125, stack(0x00007ff68b6ff000,0x00007ff68b800000)]
  0x00007ff690004800 JavaThread "Thread-5" daemon [_thread_in_native, id=108, stack(0x00007ff6a70fd000,0x00007ff6a71fe000)]
  0x00007ff70000a000 JavaThread "DestroyJavaVM" [_thread_blocked, id=54, stack(0x00007ff7064aa000,0x00007ff7065aa000)]
  0x00007ff700325000 JavaThread "Server thread" [_thread_blocked, id=107, stack(0x00007ff6a71fe000,0x00007ff6a72ff000)]
  0x00007ff700323800 JavaThread "Thread-4" daemon [_thread_blocked, id=106, stack(0x00007ff6a72ff000,0x00007ff6a7400000)]
  0x00007ff700181000 JavaThread "Snooper Timer" daemon [_thread_blocked, id=85, stack(0x00007ff6af8ff000,0x00007ff6afa00000)]
  0x00007ff6b0039000 JavaThread "Libgraal MBean Registration" daemon [_thread_blocked, id=77, stack(0x00007ff6c15ff000,0x00007ff6c1700000)]
  0x00007ff7001cf000 JavaThread "CrashLoopDetector" daemon [_thread_blocked, id=74, stack(0x00007ff6c3acd000,0x00007ff6c3bce000)]
  0x00007ff70016a000 JavaThread "Service Thread" daemon [_thread_blocked, id=72, stack(0x00007ff6eb00f000,0x00007ff6eb110000)]
=>0x00007ff700167800 JavaThread "C1 CompilerThread1" daemon [_thread_in_vm, id=71, stack(0x00007ff6eb111000,0x00007ff6eb311000)]
  0x00007ff700164800 JavaThread "JVMCI-native CompilerThread0" daemon [_thread_in_vm, id=70, stack(0x00007ff6eb312000,0x00007ff6eb512000)]
  0x00007ff700161800 JavaThread "Signal Dispatcher" daemon [_thread_blocked, id=69, stack(0x00007ff6eb512000,0x00007ff6eb613000)]
  0x00007ff70012f000 JavaThread "Finalizer" daemon [_thread_blocked, id=63, stack(0x00007ff6eb8f9000,0x00007ff6eb9fa000)]
  0x00007ff70012a800 JavaThread "Reference Handler" daemon [_thread_blocked, id=62, stack(0x00007ff6eb9fa000,0x00007ff6ebafb000)]

Other Threads:
  0x00007ff700122800 VMThread [stack: 0x00007ff6ebafc000,0x00007ff6ebbfc000] [id=61]
  0x00007ff700170000 WatcherThread [stack: 0x00007ff6eaf0f000,0x00007ff6eb00f000] [id=73]

VM state:synchronizing (normal execution)

VM Mutex/Monitor currently owned by a thread:  ([mutex/lock_event])
[0x00007ff700008a20] Threads_lock - owner thread: 0x00007ff700122800
[0x00007ff7000097a0] PeriodicTask_lock - owner thread: 0x00007ff700170000

heap address: 0x00000000e0000000, size: 512 MB, Compressed Oops mode: 32-bit
Narrow klass base: 0x0000000000000000, Narrow klass shift: 3
Compressed class space size: 1073741824 Address: 0x0000000100000000

Heap:
 PSYoungGen      total 126976K, used 47486K [0x00000000f5580000, 0x0000000100000000, 0x0000000100000000)
  eden space 82432K, 57% used [0x00000000f5580000,0x00000000f837f978,0x00000000fa600000)
  from space 44544K, 0% used [0x00000000fa600000,0x00000000fa660000,0x00000000fd180000)
  to   space 41472K, 0% used [0x00000000fd780000,0x00000000fd780000,0x0000000100000000)
 ParOldGen       total 349696K, used 105650K [0x00000000e0000000, 0x00000000f5580000, 0x00000000f5580000)
  object space 349696K, 30% used [0x00000000e0000000,0x00000000e672cb38,0x00000000f5580000)
 Metaspace       used 27128K, capacity 27556K, committed 27904K, reserved 1073152K
  class space    used 3141K, capacity 3272K, committed 3328K, reserved 1048576K

Card table byte_map: [0x00007ff705974000,0x00007ff705a75000] byte_map_base: 0x00007ff705274000

Marking Bits: (ParMarkBitMap*) 0x00007ff707805080
 Begin Bits: [0x00007ff7045c6000, 0x00007ff704dc6000)
 End Bits:   [0x00007ff704dc6000, 0x00007ff7055c6000)

Polling page: 0x00007ff70605c000

CodeCache: size=245760Kb used=10398Kb max_used=11059Kb free=235361Kb
 bounds [0x00007ff6f1000000, 0x00007ff6f1af0000, 0x00007ff700000000]
 total_blobs=3665 nmethods=3137 adapters=440
 compilation: enabled
              stopped_count=0, restarted_count=0

JVMCI Events (8 events):
Event: 0.055 Thread 0x00007ff70000a000 created new JVMCI runtime 0 (0x00007ff700081950)
Event: 0.055 Thread 0x00007ff70000a000 created new JVMCI runtime -1 (0x00007ff70009c5c0)
Event: 0.463 Thread 0x00007ff700164800 loaded JVMCI shared library from /nix/store/x26gyx3nb3kx580i4r9qg9q1iw45xbp9-graalvm8-ce/jre/lib/amd64/libjvmcicompiler.so
Event: 0.469 Thread 0x00007ff700164800 created JavaVM[1]@0x00007ff6e8b92798 for JVMCI runtime 0
Event: 0.750 Thread 0x00007ff700164800 initializing JVMCI runtime 0
Event: 0.755 Thread 0x00007ff700164800 initialized JVMCI runtime 0
Event: 1.832 Thread 0x00007ff6b0001000 initializing JVMCI runtime -1
Event: 2.327 Thread 0x00007ff6b0001000 initialized JVMCI runtime -1

Compilation events (10 events):
Event: 5323.284 Thread 0x00007ff700167800 4546       3       java.io.OutputStreamWriter::write (11 bytes)
Event: 5323.285 Thread 0x00007ff700167800 nmethod 4546 0x00007ff6f17a78d0 code [0x00007ff6f17a7a40, 0x00007ff6f17a7be8]
Event: 5323.285 Thread 0x00007ff700167800 4547       3       sun.nio.cs.StreamEncoder::write (37 bytes)
Event: 5323.285 Thread 0x00007ff700167800 nmethod 4547 0x00007ff6f1739350 code [0x00007ff6f1739500, 0x00007ff6f1739888]
Event: 5452.828 Thread 0x00007ff700167800 4548       3       sun.nio.cs.UTF_8$Encoder::isLegalReplacement (26 bytes)
Event: 5452.828 Thread 0x00007ff700167800 nmethod 4548 0x00007ff6f1a9f910 code [0x00007ff6f1a9faa0, 0x00007ff6f1a9fd28]
Event: 5452.829 Thread 0x00007ff700167800 4549       3       sun.nio.cs.UTF_8$Encoder::implReplaceWith (8 bytes)
Event: 5452.829 Thread 0x00007ff700167800 nmethod 4549 0x00007ff6f140b7d0 code [0x00007ff6f140b940, 0x00007ff6f140bab0]
Event: 5452.829 Thread 0x00007ff700167800 4550   !   3       java.lang.StringCoding::encode (216 bytes)
Event: 5452.831 Thread 0x00007ff700167800 nmethod 4550 0x00007ff6f1756d50 code [0x00007ff6f1757100, 0x00007ff6f17599b8]

GC Heap History (10 events):
Event: 4151.963 GC heap before
{Heap before GC invocations=20 (full 1):
 PSYoungGen      total 117248K, used 59584K [0x00000000f5580000, 0x0000000100000000, 0x0000000100000000)
  eden space 59392K, 100% used [0x00000000f5580000,0x00000000f8f80000,0x00000000f8f80000)
  from space 57856K, 0% used [0x00000000fc780000,0x00000000fc7b0000,0x0000000100000000)
  to   space 57344K, 0% used [0x00000000f8f80000,0x00000000f8f80000,0x00000000fc780000)
 ParOldGen       total 349696K, used 105634K [0x00000000e0000000, 0x00000000f5580000, 0x00000000f5580000)
  object space 349696K, 30% used [0x00000000e0000000,0x00000000e6728b38,0x00000000f5580000)
 Metaspace       used 27093K, capacity 27492K, committed 27648K, reserved 1073152K
  class space    used 3141K, capacity 3272K, committed 3328K, reserved 1048576K
Event: 4151.967 GC heap after
Heap after GC invocations=20 (full 1):
 PSYoungGen      total 116736K, used 224K [0x00000000f5580000, 0x0000000100000000, 0x0000000100000000)
  eden space 59392K, 0% used [0x00000000f5580000,0x00000000f5580000,0x00000000f8f80000)
  from space 57344K, 0% used [0x00000000f8f80000,0x00000000f8fb8000,0x00000000fc780000)
  to   space 54272K, 0% used [0x00000000fcb00000,0x00000000fcb00000,0x0000000100000000)
 ParOldGen       total 349696K, used 105634K [0x00000000e0000000, 0x00000000f5580000, 0x00000000f5580000)
  object space 349696K, 30% used [0x00000000e0000000,0x00000000e6728b38,0x00000000f5580000)
 Metaspace       used 27093K, capacity 27492K, committed 27648K, reserved 1073152K
  class space    used 3141K, capacity 3272K, committed 3328K, reserved 1048576K
}
Event: 4393.263 GC heap before
{Heap before GC invocations=21 (full 1):
 PSYoungGen      total 116736K, used 59616K [0x00000000f5580000, 0x0000000100000000, 0x0000000100000000)
  eden space 59392K, 100% used [0x00000000f5580000,0x00000000f8f80000,0x00000000f8f80000)
  from space 57344K, 0% used [0x00000000f8f80000,0x00000000f8fb8000,0x00000000fc780000)
  to   space 54272K, 0% used [0x00000000fcb00000,0x00000000fcb00000,0x0000000100000000)
 ParOldGen       total 349696K, used 105634K [0x00000000e0000000, 0x00000000f5580000, 0x00000000f5580000)
  object space 349696K, 30% used [0x00000000e0000000,0x00000000e6728b38,0x00000000f5580000)
 Metaspace       used 27094K, capacity 27492K, committed 27648K, reserved 1073152K
  class space    used 3141K, capacity 3272K, committed 3328K, reserved 1048576K
Event: 4393.265 GC heap after
Heap after GC invocations=21 (full 1):
 PSYoungGen      total 123904K, used 256K [0x00000000f5580000, 0x0000000100000000, 0x0000000100000000)
  eden space 69632K, 0% used [0x00000000f5580000,0x00000000f5580000,0x00000000f9980000)
  from space 54272K, 0% used [0x00000000fcb00000,0x00000000fcb40000,0x0000000100000000)
  to   space 50688K, 0% used [0x00000000f9980000,0x00000000f9980000,0x00000000fcb00000)
 ParOldGen       total 349696K, used 105634K [0x00000000e0000000, 0x00000000f5580000, 0x00000000f5580000)
  object space 349696K, 30% used [0x00000000e0000000,0x00000000e6728b38,0x00000000f5580000)
 Metaspace       used 27094K, capacity 27492K, committed 27648K, reserved 1073152K
  class space    used 3141K, capacity 3272K, committed 3328K, reserved 1048576K
}
Event: 4664.569 GC heap before
{Heap before GC invocations=22 (full 1):
 PSYoungGen      total 123904K, used 69888K [0x00000000f5580000, 0x0000000100000000, 0x0000000100000000)
  eden space 69632K, 100% used [0x00000000f5580000,0x00000000f9980000,0x00000000f9980000)
  from space 54272K, 0% used [0x00000000fcb00000,0x00000000fcb40000,0x0000000100000000)
  to   space 50688K, 0% used [0x00000000f9980000,0x00000000f9980000,0x00000000fcb00000)
 ParOldGen       total 349696K, used 105634K [0x00000000e0000000, 0x00000000f5580000, 0x00000000f5580000)
  object space 349696K, 30% used [0x00000000e0000000,0x00000000e6728b38,0x00000000f5580000)
 Metaspace       used 27112K, capacity 27556K, committed 27904K, reserved 1073152K
  class space    used 3141K, capacity 3272K, committed 3328K, reserved 1048576K
Event: 4664.571 GC heap after
Heap after GC invocations=22 (full 1):
 PSYoungGen      total 120320K, used 736K [0x00000000f5580000, 0x0000000100000000, 0x0000000100000000)
  eden space 69632K, 0% used [0x00000000f5580000,0x00000000f5580000,0x00000000f9980000)
  from space 50688K, 1% used [0x00000000f9980000,0x00000000f9a38000,0x00000000fcb00000)
  to   space 47616K, 0% used [0x00000000fd180000,0x00000000fd180000,0x0000000100000000)
 ParOldGen       total 349696K, used 105642K [0x00000000e0000000, 0x00000000f5580000, 0x00000000f5580000)
  object space 349696K, 30% used [0x00000000e0000000,0x00000000e672ab38,0x00000000f5580000)
 Metaspace       used 27112K, capacity 27556K, committed 27904K, reserved 1073152K
  class space    used 3141K, capacity 3272K, committed 3328K, reserved 1048576K
}
Event: 4963.604 GC heap before
{Heap before GC invocations=23 (full 1):
 PSYoungGen      total 120320K, used 70368K [0x00000000f5580000, 0x0000000100000000, 0x0000000100000000)
  eden space 69632K, 100% used [0x00000000f5580000,0x00000000f9980000,0x00000000f9980000)
  from space 50688K, 1% used [0x00000000f9980000,0x00000000f9a38000,0x00000000fcb00000)
  to   space 47616K, 0% used [0x00000000fd180000,0x00000000fd180000,0x0000000100000000)
 ParOldGen       total 349696K, used 105642K [0x00000000e0000000, 0x00000000f5580000, 0x00000000f5580000)
  object space 349696K, 30% used [0x00000000e0000000,0x00000000e672ab38,0x00000000f5580000)
 Metaspace       used 27113K, capacity 27556K, committed 27904K, reserved 1073152K
  class space    used 3141K, capacity 3272K, committed 3328K, reserved 1048576K
Event: 4963.606 GC heap after
Heap after GC invocations=23 (full 1):
 PSYoungGen      total 130048K, used 1728K [0x00000000f5580000, 0x0000000100000000, 0x0000000100000000)
  eden space 82432K, 0% used [0x00000000f5580000,0x00000000f5580000,0x00000000fa600000)
  from space 47616K, 3% used [0x00000000fd180000,0x00000000fd330000,0x0000000100000000)
  to   space 44544K, 0% used [0x00000000fa600000,0x00000000fa600000,0x00000000fd180000)
 ParOldGen       total 349696K, used 105642K [0x00000000e0000000, 0x00000000f5580000, 0x00000000f5580000)
  object space 349696K, 30% used [0x00000000e0000000,0x00000000e672ab38,0x00000000f5580000)
 Metaspace       used 27113K, capacity 27556K, committed 27904K, reserved 1073152K
  class space    used 3141K, capacity 3272K, committed 3328K, reserved 1048576K
}
Event: 5314.814 GC heap before
{Heap before GC invocations=24 (full 1):
 PSYoungGen      total 130048K, used 84160K [0x00000000f5580000, 0x0000000100000000, 0x0000000100000000)
  eden space 82432K, 100% used [0x00000000f5580000,0x00000000fa600000,0x00000000fa600000)
  from space 47616K, 3% used [0x00000000fd180000,0x00000000fd330000,0x0000000100000000)
  to   space 44544K, 0% used [0x00000000fa600000,0x00000000fa600000,0x00000000fd180000)
 ParOldGen       total 349696K, used 105642K [0x00000000e0000000, 0x00000000f5580000, 0x00000000f5580000)
  object space 349696K, 30% used [0x00000000e0000000,0x00000000e672ab38,0x00000000f5580000)
 Metaspace       used 27123K, capacity 27556K, committed 27904K, reserved 1073152K
  class space    used 3141K, capacity 3272K, committed 3328K, reserved 1048576K
Event: 5314.818 GC heap after
Heap after GC invocations=24 (full 1):
 PSYoungGen      total 126976K, used 384K [0x00000000f5580000, 0x0000000100000000, 0x0000000100000000)
  eden space 82432K, 0% used [0x00000000f5580000,0x00000000f5580000,0x00000000fa600000)
  from space 44544K, 0% used [0x00000000fa600000,0x00000000fa660000,0x00000000fd180000)
  to   space 41472K, 0% used [0x00000000fd780000,0x00000000fd780000,0x0000000100000000)
 ParOldGen       total 349696K, used 105650K [0x00000000e0000000, 0x00000000f5580000, 0x00000000f5580000)
  object space 349696K, 30% used [0x00000000e0000000,0x00000000e672cb38,0x00000000f5580000)
 Metaspace       used 27123K, capacity 27556K, committed 27904K, reserved 1073152K
  class space    used 3141K, capacity 3272K, committed 3328K, reserved 1048576K
}

Class unloading (0 events):
No events

Deoptimization events (10 events):
Event: 3862.964 Thread 0x00007ff700325000 Uncommon trap: reason=null_assert_or_unreached0 action=reinterpret pc=0x00007ff6f1ad54db method=org.bukkit.craftbukkit.v1_5_R3.util.LongHashSet.contains(J)Z @ 96
Event: 3868.064 Thread 0x00007ff700325000 Uncommon trap: reason=null_assert_or_unreached0 action=reinterpret pc=0x00007ff6f14d5869 method=java.util.HashSet.iterator()Ljava/util/Iterator; @ 12
Event: 4569.063 Thread 0x00007ff700325000 Uncommon trap: reason=null_assert_or_unreached0 action=reinterpret pc=0x00007ff6f1976515 method=net.minecraft.server.v1_5_R3.WorldServer.doTick()V @ 268
Event: 4654.463 Thread 0x00007ff700325000 Uncommon trap: reason=null_assert_or_unreached0 action=reinterpret pc=0x00007ff6f174da95 method=net.minecraft.server.v1_5_R3.WorldServer.doTick()V @ 268
Event: 4689.413 Thread 0x00007ff700325000 Uncommon trap: reason=null_assert_or_unreached0 action=reinterpret pc=0x00007ff6f1a85451 method=net.minecraft.server.v1_5_R3.WorldData.setWeatherDuration(I)V @ 5
Event: 4693.414 Thread 0x00007ff700325000 Uncommon trap: reason=null_assert_or_unreached0 action=reinterpret pc=0x00007ff6f1956465 method=net.minecraft.server.v1_5_R3.EntityWolf.l_()V @ 75
Event: 4693.464 Thread 0x00007ff700325000 Uncommon trap: reason=null_assert_or_unreached0 action=reinterpret pc=0x00007ff6f1322793 method=net.minecraft.server.v1_5_R3.EntityWolf.c()V @ 4
Event: 4739.763 Thread 0x00007ff700325000 Uncommon trap: reason=null_assert_or_unreached0 action=reinterpret pc=0x00007ff6f19173d5 method=net.minecraft.server.v1_5_R3.WorldServer.doTick()V @ 268
Event: 4825.163 Thread 0x00007ff700325000 Uncommon trap: reason=null_assert_or_unreached0 action=reinterpret pc=0x00007ff6f140d3d5 method=net.minecraft.server.v1_5_R3.WorldServer.doTick()V @ 268
Event: 5469.013 Thread 0x00007ff700325000 Uncommon trap: reason=null_assert_or_unreached0 action=reinterpret pc=0x00007ff6f1765b89 method=net.minecraft.server.v1_5_R3.VillageSiege.a()V @ 94

Classes redefined (0 events):
No events

Internal exceptions (10 events):
Event: 952.834 Thread 0x00007ff700181000 Exception <a 'java/net/UnknownHostException'> (0x00000000fc9a7990) thrown at [/b/b/e/main/graal-jvmci-8/src/share/vm/prims/jni.cpp, line 715]
Event: 1216.412 Thread 0x00007ff700325000 Implicit null exception at 0x00007ff6f1a75cbb to 0x00007ff6f1a7615d
Event: 1247.013 Thread 0x00007ff700325000 Implicit null exception at 0x00007ff6f18d9c6e to 0x00007ff6f18d9d24
Event: 1852.828 Thread 0x00007ff700181000 Implicit null exception at 0x00007ff6f1270668 to 0x00007ff6f1048f2c
Event: 1852.835 Thread 0x00007ff700181000 Exception <a 'java/net/UnknownHostException'> (0x00000000f75b84e8) thrown at [/b/b/e/main/graal-jvmci-8/src/share/vm/prims/jni.cpp, line 715]
Event: 2752.837 Thread 0x00007ff700181000 Exception <a 'java/net/UnknownHostException'> (0x00000000f6521630) thrown at [/b/b/e/main/graal-jvmci-8/src/share/vm/prims/jni.cpp, line 715]
Event: 3652.833 Thread 0x00007ff700181000 Exception <a 'java/net/UnknownHostException'> (0x00000000f8dddf68) thrown at [/b/b/e/main/graal-jvmci-8/src/share/vm/prims/jni.cpp, line 715]
Event: 3868.064 Thread 0x00007ff700325000 Implicit null exception at 0x00007ff6f14d3dd0 to 0x00007ff6f14d584e
Event: 4552.833 Thread 0x00007ff700181000 Exception <a 'java/net/UnknownHostException'> (0x00000000f7fbcd18) thrown at [/b/b/e/main/graal-jvmci-8/src/share/vm/prims/jni.cpp, line 715]
Event: 5452.892 Thread 0x00007ff700181000 Exception <a 'java/net/UnknownHostException'> (0x00000000f7d15b20) thrown at [/b/b/e/main/graal-jvmci-8/src/share/vm/prims/jni.cpp, line 715]

Events (10 events):
Event: 5443.282 Executing VM operation: RevokeBias done
Event: 5452.829 Thread 0x00007ff700167800 flushing nmethod 0x00007ff6f18e0690
Event: 5452.829 Thread 0x00007ff700167800 flushing nmethod 0x00007ff6f1919490
Event: 5452.831 Thread 0x00007ff700167800 flushing nmethod 0x00007ff6f1a06b10
Event: 5452.832 Thread 0x00007ff700167800 flushing nmethod 0x00007ff6f1ab6390
Event: 5452.832 Thread 0x00007ff700167800 flushing nmethod 0x00007ff6f1abb090
Event: 5469.013 Thread 0x00007ff700325000 Uncommon trap: trap_request=0xffffffed fr.pc=0x00007ff6f1765b89 relative=0x0000000000001289
Event: 5469.013 Thread 0x00007ff700325000 DEOPT PACKING pc=0x00007ff6f1765b89 sp=0x00007ff6a72fd740
Event: 5469.013 Thread 0x00007ff700325000 DEOPT UNPACKING pc=0x00007ff6f1049199 sp=0x00007ff6a72fd460 mode 3
Event: 5503.281 Executing VM operation: RevokeBias


Dynamic libraries:
e0000000-100340000 rw-p 00000000 00:00 0 
100340000-140000000 ---p 00000000 00:00 0 
559578a00000-559578a01000 r-xp 00000000 00:1245 181159222                /nix/store/x26gyx3nb3kx580i4r9qg9q1iw45xbp9-graalvm8-ce/bin/.java-wrapped
559578c00000-559578c01000 r--p 00000000 00:1245 181159222                /nix/store/x26gyx3nb3kx580i4r9qg9q1iw45xbp9-graalvm8-ce/bin/.java-wrapped
559578c01000-559578c02000 rw-p 00001000 00:1245 181159222                /nix/store/x26gyx3nb3kx580i4r9qg9q1iw45xbp9-graalvm8-ce/bin/.java-wrapped
559578c02000-559578c03000 rw-p 00003000 00:1245 181159222                /nix/store/x26gyx3nb3kx580i4r9qg9q1iw45xbp9-graalvm8-ce/bin/.java-wrapped
559578c03000-559578c04000 rw-p 00004000 00:1245 181159222                /nix/store/x26gyx3nb3kx580i4r9qg9q1iw45xbp9-graalvm8-ce/bin/.java-wrapped
559579ea4000-559579ec5000 rw-p 00000000 00:00 0                          [heap]
7ff670000000-7ff670100000 rw-p 00000000 00:00 0 
7ff670200000-7ff670300000 rw-p 00000000 00:00 0 
7ff670400000-7ff670500000 rw-p 00000000 00:00 0 
7ff670600000-7ff670700000 rw-p 00000000 00:00 0 
7ff670800000-7ff670900000 rw-p 00000000 00:00 0 
7ff6709f3000-7ff6709fc000 r-xp 00000000 00:1245 182078940                /nix/store/x26gyx3nb3kx580i4r9qg9q1iw45xbp9-graalvm8-ce/jre/lib/amd64/libmanagement.so
7ff6709fc000-7ff670bfb000 ---p 00009000 00:1245 182078940                /nix/store/x26gyx3nb3kx580i4r9qg9q1iw45xbp9-graalvm8-ce/jre/lib/amd64/libmanagement.so
7ff670bfb000-7ff670bfc000 r--p 00008000 00:1245 182078940                /nix/store/x26gyx3nb3kx580i4r9qg9q1iw45xbp9-graalvm8-ce/jre/lib/amd64/libmanagement.so
7ff670bfc000-7ff670bfd000 rw-p 00009000 00:1245 182078940                /nix/store/x26gyx3nb3kx580i4r9qg9q1iw45xbp9-graalvm8-ce/jre/lib/amd64/libmanagement.so
7ff670bfd000-7ff670c00000 rw-p 0000d000 00:1245 182078940                /nix/store/x26gyx3nb3kx580i4r9qg9q1iw45xbp9-graalvm8-ce/jre/lib/amd64/libmanagement.so
7ff670c00000-7ff670d00000 rw-p 00000000 00:00 0 
7ff670e00000-7ff670fc0000 rw-p 00000000 00:00 0 
7ff670fc0000-7ff671100000 rw-p 00000000 00:00 0 
7ff671200000-7ff6713c0000 rw-p 00000000 00:00 0 
7ff6713c0000-7ff6715c0000 rw-p 00000000 00:00 0 
7ff6715c0000-7ff6717c0000 rw-p 00000000 00:00 0 
7ff6717c0000-7ff671900000 rw-p 00000000 00:00 0 
7ff671a00000-7ff671b00000 rw-p 00000000 00:00 0 
7ff671c00000-7ff671d00000 rw-p 00000000 00:00 0 
7ff671e00000-7ff671f00000 rw-p 00000000 00:00 0 
7ff672000000-7ff672100000 rw-p 00000000 00:00 0 
7ff672200000-7ff672300000 rw-p 00000000 00:00 0 
7ff672400000-7ff672500000 rw-p 00000000 00:00 0 
7ff672600000-7ff672700000 rw-p 00000000 00:00 0 
7ff672800000-7ff672900000 rw-p 00000000 00:00 0 
7ff672a00000-7ff672b00000 rw-p 00000000 00:00 0 
7ff672c00000-7ff672d00000 rw-p 00000000 00:00 0 
7ff672e00000-7ff672f00000 rw-p 00000000 00:00 0 
7ff673000000-7ff673100000 rw-p 00000000 00:00 0 
7ff673200000-7ff673300000 rw-p 00000000 00:00 0 
7ff673400000-7ff673500000 rw-p 00000000 00:00 0 
7ff673600000-7ff673700000 rw-p 00000000 00:00 0 
7ff673800000-7ff673900000 rw-p 00000000 00:00 0 
7ff673a00000-7ff673b00000 rw-p 00000000 00:00 0 
7ff673c00000-7ff673d00000 rw-p 00000000 00:00 0 
7ff673e00000-7ff673f00000 rw-p 00000000 00:00 0 
7ff674000000-7ff674021000 rw-p 00000000 00:00 0 
7ff674021000-7ff678000000 ---p 00000000 00:00 0 
7ff678100000-7ff678200000 rw-p 00000000 00:00 0 
7ff678300000-7ff678400000 rw-p 00000000 00:00 0 
7ff678500000-7ff678600000 rw-p 00000000 00:00 0 
7ff678700000-7ff678800000 rw-p 00000000 00:00 0 
7ff678900000-7ff678a00000 rw-p 00000000 00:00 0 
7ff678b00000-7ff678c00000 rw-p 00000000 00:00 0 
7ff678d00000-7ff678e00000 rw-p 00000000 00:00 0 
7ff678f00000-7ff679000000 rw-p 00000000 00:00 0 
7ff679100000-7ff679200000 rw-p 00000000 00:00 0 
7ff679300000-7ff679400000 rw-p 00000000 00:00 0 
7ff679500000-7ff679600000 rw-p 00000000 00:00 0 
7ff679700000-7ff679800000 rw-p 00000000 00:00 0 
7ff679900000-7ff679a00000 rw-p 00000000 00:00 0 
7ff679b00000-7ff679c00000 rw-p 00000000 00:00 0 
7ff679d00000-7ff679e00000 rw-p 00000000 00:00 0 
7ff679f00000-7ff67a000000 rw-p 00000000 00:00 0 
7ff67a100000-7ff67a200000 rw-p 00000000 00:00 0 
7ff67a300000-7ff67a400000 rw-p 00000000 00:00 0 
7ff67a500000-7ff67a600000 rw-p 00000000 00:00 0 
7ff67a700000-7ff67a800000 rw-p 00000000 00:00 0 
7ff67a900000-7ff67aa00000 rw-p 00000000 00:00 0 
7ff67ab00000-7ff67ac00000 rw-p 00000000 00:00 0 
7ff67ad00000-7ff67ae00000 rw-p 00000000 00:00 0 
7ff67af00000-7ff67b000000 rw-p 00000000 00:00 0 
7ff67b100000-7ff67b200000 rw-p 00000000 00:00 0 
7ff67b300000-7ff67b400000 rw-p 00000000 00:00 0 
7ff67b500000-7ff67b600000 rw-p 00000000 00:00 0 
7ff67b700000-7ff67b800000 rw-p 00000000 00:00 0 
7ff67b8ff000-7ff67b902000 ---p 00000000 00:00 0 
7ff67b902000-7ff67bbc0000 rw-p 00000000 00:00 0 
7ff67bbc0000-7ff67bd00000 rw-p 00000000 00:00 0 
7ff67be00000-7ff67bf00000 rw-p 00000000 00:00 0 
7ff67c000000-7ff67c095000 rw-p 00000000 00:00 0 
7ff67c095000-7ff680000000 ---p 00000000 00:00 0 
7ff680100000-7ff680200000 rw-p 00000000 00:00 0 
7ff680300000-7ff680400000 rw-p 00000000 00:00 0 
7ff680500000-7ff680600000 rw-p 00000000 00:00 0 
7ff680700000-7ff680800000 rw-p 00000000 00:00 0 
7ff6808ff000-7ff680902000 ---p 00000000 00:00 0 
7ff680902000-7ff680b00000 rw-p 00000000 00:00 0 
7ff680c00000-7ff680d00000 rw-p 00000000 00:00 0 
7ff680e00000-7ff680f00000 rw-p 00000000 00:00 0 
7ff681000000-7ff681100000 rw-p 00000000 00:00 0 
7ff681200000-7ff681300000 rw-p 00000000 00:00 0 
7ff681400000-7ff681500000 rw-p 00000000 00:00 0 
7ff681600000-7ff681700000 rw-p 00000000 00:00 0 
7ff681800000-7ff681900000 rw-p 00000000 00:00 0 
7ff681a00000-7ff681b00000 rw-p 00000000 00:00 0 
7ff681c00000-7ff681d00000 rw-p 00000000 00:00 0 
7ff681e00000-7ff681f00000 rw-p 00000000 00:00 0 
7ff682000000-7ff682100000 rw-p 00000000 00:00 0 
7ff682200000-7ff682300000 rw-p 00000000 00:00 0 
7ff682400000-7ff682500000 rw-p 00000000 00:00 0 
7ff682600000-7ff682700000 rw-p 00000000 00:00 0 
7ff682800000-7ff682900000 rw-p 00000000 00:00 0 
7ff682a00000-7ff682b00000 rw-p 00000000 00:00 0 
7ff682c00000-7ff682d00000 rw-p 00000000 00:00 0 
7ff682e00000-7ff682f00000 rw-p 00000000 00:00 0 
7ff683000000-7ff683100000 rw-p 00000000 00:00 0 
7ff683200000-7ff683300000 rw-p 00000000 00:00 0 
7ff683400000-7ff683500000 rw-p 00000000 00:00 0 
7ff683600000-7ff683700000 rw-p 00000000 00:00 0 
7ff683800000-7ff683900000 rw-p 00000000 00:00 0 
7ff683a00000-7ff683b00000 rw-p 00000000 00:00 0 
7ff683c00000-7ff683d00000 rw-p 00000000 00:00 0 
7ff683e00000-7ff683f00000 rw-p 00000000 00:00 0 
7ff684000000-7ff684021000 rw-p 00000000 00:00 0 
7ff684021000-7ff688000000 ---p 00000000 00:00 0 
7ff688100000-7ff688200000 rw-p 00000000 00:00 0 
7ff688300000-7ff688400000 rw-p 00000000 00:00 0 
7ff688500000-7ff688600000 rw-p 00000000 00:00 0 
7ff688700000-7ff688800000 rw-p 00000000 00:00 0 
7ff688900000-7ff688a00000 rw-p 00000000 00:00 0 
7ff688b00000-7ff688c00000 rw-p 00000000 00:00 0 
7ff688d00000-7ff688e00000 rw-p 00000000 00:00 0 
7ff688f00000-7ff689000000 rw-p 00000000 00:00 0 
7ff689100000-7ff689200000 rw-p 00000000 00:00 0 
7ff689300000-7ff689400000 rw-p 00000000 00:00 0 
7ff689500000-7ff6896c0000 rw-p 00000000 00:00 0 
7ff6896c0000-7ff689800000 rw-p 00000000 00:00 0 
7ff689900000-7ff689a00000 rw-p 00000000 00:00 0 
7ff689b00000-7ff689c00000 rw-p 00000000 00:00 0 
7ff689d00000-7ff689e00000 rw-p 00000000 00:00 0 
7ff689f00000-7ff68a000000 rw-p 00000000 00:00 0 
7ff68a100000-7ff68a200000 rw-p 00000000 00:00 0 
7ff68a300000-7ff68a400000 rw-p 00000000 00:00 0 
7ff68a500000-7ff68a600000 rw-p 00000000 00:00 0 
7ff68a700000-7ff68a800000 rw-p 00000000 00:00 0 
7ff68a900000-7ff68aa00000 rw-p 00000000 00:00 0 
7ff68ab00000-7ff68ac00000 rw-p 00000000 00:00 0 
7ff68ad00000-7ff68ae00000 rw-p 00000000 00:00 0 
7ff68af00000-7ff68b000000 rw-p 00000000 00:00 0 
7ff68b100000-7ff68b200000 rw-p 00000000 00:00 0 
7ff68b300000-7ff68b400000 rw-p 00000000 00:00 0 
7ff68b500000-7ff68b600000 rw-p 00000000 00:00 0 
7ff68b6ff000-7ff68b702000 ---p 00000000 00:00 0 
7ff68b702000-7ff68b900000 rw-p 00000000 00:00 0 
7ff68ba00000-7ff68bb00000 rw-p 00000000 00:00 0 
7ff68bc00000-7ff68bd00000 rw-p 00000000 00:00 0 
7ff68be00000-7ff68bf00000 rw-p 00000000 00:00 0 
7ff68c000000-7ff68c100000 rw-p 00000000 00:00 0 
7ff68c200000-7ff68c300000 rw-p 00000000 00:00 0 
7ff68c400000-7ff68c500000 rw-p 00000000 00:00 0 
7ff68c600000-7ff68c700000 rw-p 00000000 00:00 0 
7ff68c800000-7ff68c900000 rw-p 00000000 00:00 0 
7ff68ca00000-7ff68cb00000 rw-p 00000000 00:00 0 
7ff68cc00000-7ff68cd00000 rw-p 00000000 00:00 0 
7ff68ce00000-7ff68cf00000 rw-p 00000000 00:00 0 
7ff68d000000-7ff68d100000 rw-p 00000000 00:00 0 
7ff68d200000-7ff68d300000 rw-p 00000000 00:00 0 
7ff68d400000-7ff68d500000 rw-p 00000000 00:00 0 
7ff68d600000-7ff68d700000 rw-p 00000000 00:00 0 
7ff68d800000-7ff68d900000 rw-p 00000000 00:00 0 
7ff68da00000-7ff68db00000 rw-p 00000000 00:00 0 
7ff68dc00000-7ff68dd00000 rw-p 00000000 00:00 0 
7ff68de00000-7ff68df00000 rw-p 00000000 00:00 0 
7ff68e000000-7ff68e100000 rw-p 00000000 00:00 0 
7ff68e200000-7ff68e300000 rw-p 00000000 00:00 0 
7ff68e400000-7ff68e500000 rw-p 00000000 00:00 0 
7ff68e600000-7ff68e700000 rw-p 00000000 00:00 0 
7ff68e800000-7ff68e900000 rw-p 00000000 00:00 0 
7ff68ea00000-7ff68eb00000 rw-p 00000000 00:00 0 
7ff68ec00000-7ff68ed00000 rw-p 00000000 00:00 0 
7ff68ee00000-7ff68ef00000 rw-p 00000000 00:00 0 
7ff68f000000-7ff68f100000 rw-p 00000000 00:00 0 
7ff68f200000-7ff68f300000 rw-p 00000000 00:00 0 
7ff68f400000-7ff68f500000 rw-p 00000000 00:00 0 
7ff68f600000-7ff68f700000 rw-p 00000000 00:00 0 
7ff68f800000-7ff68f900000 rw-p 00000000 00:00 0 
7ff68fa00000-7ff68fb00000 rw-p 00000000 00:00 0 
7ff68fc00000-7ff68fd00000 rw-p 00000000 00:00 0 
7ff68fe00000-7ff68ff00000 rw-p 00000000 00:00 0 
7ff690000000-7ff69205b000 rw-p 00000000 00:00 0 
7ff69205b000-7ff694000000 ---p 00000000 00:00 0 
7ff694000000-7ff694021000 rw-p 00000000 00:00 0 
7ff694021000-7ff698000000 ---p 00000000 00:00 0 
7ff698000000-7ff698021000 rw-p 00000000 00:00 0 
7ff698021000-7ff69c000000 ---p 00000000 00:00 0 
7ff69c000000-7ff69c021000 rw-p 00000000 00:00 0 
7ff69c021000-7ff6a0000000 ---p 00000000 00:00 0 
7ff6a0000000-7ff6a0021000 rw-p 00000000 00:00 0 
7ff6a0021000-7ff6a4000000 ---p 00000000 00:00 0 
7ff6a4100000-7ff6a4200000 rw-p 00000000 00:00 0 
7ff6a4300000-7ff6a4400000 rw-p 00000000 00:00 0 
7ff6a4500000-7ff6a4600000 rw-p 00000000 00:00 0 
7ff6a4700000-7ff6a4800000 rw-p 00000000 00:00 0 
7ff6a4900000-7ff6a4a00000 rw-p 00000000 00:00 0 
7ff6a4b00000-7ff6a4c00000 rw-p 00000000 00:00 0 
7ff6a4d00000-7ff6a4e00000 rw-p 00000000 00:00 0 
7ff6a4f00000-7ff6a5000000 rw-p 00000000 00:00 0 
7ff6a5100000-7ff6a5200000 rw-p 00000000 00:00 0 
7ff6a5300000-7ff6a54c0000 rw-p 00000000 00:00 0 
7ff6a54c0000-7ff6a5600000 rw-p 00000000 00:00 0 
7ff6a5700000-7ff6a5800000 rw-p 00000000 00:00 0 
7ff6a5900000-7ff6a5a00000 rw-p 00000000 00:00 0 
7ff6a5b00000-7ff6a5c00000 rw-p 00000000 00:00 0 
7ff6a5d00000-7ff6a5e00000 rw-p 00000000 00:00 0 
7ff6a5f00000-7ff6a6000000 rw-p 00000000 00:00 0 
7ff6a60b8000-7ff6a60ea000 r-xp 00000000 00:1245 182079299                /nix/store/x26gyx3nb3kx580i4r9qg9q1iw45xbp9-graalvm8-ce/jre/lib/amd64/libsunec.so
7ff6a60ea000-7ff6a62e9000 ---p 00032000 00:1245 182079299                /nix/store/x26gyx3nb3kx580i4r9qg9q1iw45xbp9-graalvm8-ce/jre/lib/amd64/libsunec.so
7ff6a62e9000-7ff6a62ee000 r--p 00031000 00:1245 182079299                /nix/store/x26gyx3nb3kx580i4r9qg9q1iw45xbp9-graalvm8-ce/jre/lib/amd64/libsunec.so
7ff6a62ee000-7ff6a62f0000 rw-p 00036000 00:1245 182079299                /nix/store/x26gyx3nb3kx580i4r9qg9q1iw45xbp9-graalvm8-ce/jre/lib/amd64/libsunec.so
7ff6a62f0000-7ff6a6400000 rw-p 00000000 00:00 0 
7ff6a6500000-7ff6a6600000 rw-p 00000000 00:00 0 
7ff6a6700000-7ff6a6800000 rw-p 00000000 00:00 0 
7ff6a6900000-7ff6a6a00000 rw-p 00000000 00:00 0 
7ff6a6b00000-7ff6a6c00000 rw-p 00000000 00:00 0 
7ff6a6d00000-7ff6a6e00000 rw-p 00000000 00:00 0 
7ff6a6f00000-7ff6a7000000 rw-p 00000000 00:00 0 
7ff6a70fd000-7ff6a7100000 ---p 00000000 00:00 0 
7ff6a7100000-7ff6a71fe000 rw-p 00000000 00:00 0 
7ff6a71fe000-7ff6a7201000 ---p 00000000 00:00 0 
7ff6a7201000-7ff6a72ff000 rw-p 00000000 00:00 0 
7ff6a72ff000-7ff6a7302000 ---p 00000000 00:00 0 
7ff6a7302000-7ff6a7500000 rw-p 00000000 00:00 0 
7ff6a7600000-7ff6a7700000 rw-p 00000000 00:00 0 
7ff6a7800000-7ff6a7900000 rw-p 00000000 00:00 0 
7ff6a7a00000-7ff6a7b00000 rw-p 00000000 00:00 0 
7ff6a7c00000-7ff6a7d00000 rw-p 00000000 00:00 0 
7ff6a7e00000-7ff6a7f00000 rw-p 00000000 00:00 0 
7ff6a8000000-7ff6a8021000 rw-p 00000000 00:00 0 
7ff6a8021000-7ff6ac000000 ---p 00000000 00:00 0 
7ff6ac100000-7ff6ac200000 rw-p 00000000 00:00 0 
7ff6ac300000-7ff6ac400000 rw-p 00000000 00:00 0 
7ff6ac500000-7ff6ac600000 rw-p 00000000 00:00 0 
7ff6ac700000-7ff6ac800000 rw-p 00000000 00:00 0 
7ff6ac900000-7ff6aca00000 rw-p 00000000 00:00 0 
7ff6acb00000-7ff6acc00000 rw-p 00000000 00:00 0 
7ff6acd00000-7ff6ace00000 rw-p 00000000 00:00 0 
7ff6acf00000-7ff6ad000000 rw-p 00000000 00:00 0 
7ff6ad100000-7ff6ad200000 rw-p 00000000 00:00 0 
7ff6ad300000-7ff6ad400000 rw-p 00000000 00:00 0 
7ff6ad500000-7ff6ad600000 rw-p 00000000 00:00 0 
7ff6ad700000-7ff6ad800000 rw-p 00000000 00:00 0 
7ff6ad900000-7ff6ada00000 rw-p 00000000 00:00 0 
7ff6adb00000-7ff6adc00000 rw-p 00000000 00:00 0 
7ff6add00000-7ff6ade00000 rw-p 00000000 00:00 0 
7ff6adf00000-7ff6ae000000 rw-p 00000000 00:00 0 
7ff6ae100000-7ff6ae2c0000 rw-p 00000000 00:00 0 
7ff6ae2c0000-7ff6ae400000 rw-p 00000000 00:00 0 
7ff6ae500000-7ff6ae600000 rw-p 00000000 00:00 0 
7ff6ae700000-7ff6ae800000 rw-p 00000000 00:00 0 
7ff6ae900000-7ff6aea00000 rw-p 00000000 00:00 0 
7ff6aeb00000-7ff6aec00000 rw-p 00000000 00:00 0 
7ff6aed00000-7ff6aee00000 rw-p 00000000 00:00 0 
7ff6aef00000-7ff6af000000 rw-p 00000000 00:00 0 
7ff6af100000-7ff6af200000 rw-p 00000000 00:00 0 
7ff6af300000-7ff6af400000 rw-p 00000000 00:00 0 
7ff6af500000-7ff6af600000 rw-p 00000000 00:00 0 
7ff6af700000-7ff6af800000 rw-p 00000000 00:00 0 
7ff6af8ff000-7ff6af902000 ---p 00000000 00:00 0 
7ff6af902000-7ff6afb00000 rw-p 00000000 00:00 0 
7ff6afc00000-7ff6afd00000 rw-p 00000000 00:00 0 
7ff6afe00000-7ff6aff00000 rw-p 00000000 00:00 0 
7ff6b0000000-7ff6b0055000 rw-p 00000000 00:00 0 
7ff6b0055000-7ff6b4000000 ---p 00000000 00:00 0 
7ff6b4000000-7ff6b4100000 rw-p 00000000 00:00 0 
7ff6b4200000-7ff6b4300000 rw-p 00000000 00:00 0 
7ff6b4400000-7ff6b4500000 rw-p 00000000 00:00 0 
7ff6b4600000-7ff6b4700000 rw-p 00000000 00:00 0 
7ff6b4800000-7ff6b4900000 rw-p 00000000 00:00 0 
7ff6b4a00000-7ff6b4b00000 rw-p 00000000 00:00 0 
7ff6b4c00000-7ff6b4d00000 rw-p 00000000 00:00 0 
7ff6b4e00000-7ff6b4f00000 rw-p 00000000 00:00 0 
7ff6b5000000-7ff6b5100000 rw-p 00000000 00:00 0 
7ff6b5200000-7ff6b5300000 rw-p 00000000 00:00 0 
7ff6b5400000-7ff6b5500000 rw-p 00000000 00:00 0 
7ff6b5600000-7ff6b5700000 rw-p 00000000 00:00 0 
7ff6b5800000-7ff6b5900000 rw-p 00000000 00:00 0 
7ff6b5a00000-7ff6b5b00000 rw-p 00000000 00:00 0 
7ff6b5c00000-7ff6b5d00000 rw-p 00000000 00:00 0 
7ff6b5e00000-7ff6b5f00000 rw-p 00000000 00:00 0 
7ff6b6000000-7ff6b6100000 rw-p 00000000 00:00 0 
7ff6b6200000-7ff6b6300000 rw-p 00000000 00:00 0 
7ff6b6400000-7ff6b6500000 rw-p 00000000 00:00 0 
7ff6b6600000-7ff6b6700000 rw-p 00000000 00:00 0 
7ff6b6800000-7ff6b6900000 rw-p 00000000 00:00 0 
7ff6b6a00000-7ff6b6b00000 rw-p 00000000 00:00 0 
7ff6b6c00000-7ff6b6d00000 rw-p 00000000 00:00 0 
7ff6b6e00000-7ff6b6f00000 rw-p 00000000 00:00 0 
7ff6b7000000-7ff6b7100000 rw-p 00000000 00:00 0 
7ff6b7200000-7ff6b7300000 rw-p 00000000 00:00 0 
7ff6b7400000-7ff6b7500000 rw-p 00000000 00:00 0 
7ff6b7600000-7ff6b7700000 rw-p 00000000 00:00 0 
7ff6b7800000-7ff6b7900000 rw-p 00000000 00:00 0 
7ff6b7a00000-7ff6b7b00000 rw-p 00000000 00:00 0 
7ff6b7c00000-7ff6b7d00000 rw-p 00000000 00:00 0 
7ff6b7e00000-7ff6b7f00000 rw-p 00000000 00:00 0 
7ff6b8000000-7ff6b8371000 rw-p 00000000 00:00 0 
7ff6b8371000-7ff6bc000000 ---p 00000000 00:00 0 
7ff6bc000000-7ff6bc021000 rw-p 00000000 00:00 0 
7ff6bc021000-7ff6c0000000 ---p 00000000 00:00 0 
7ff6c0000000-7ff6c0100000 rw-p 00000000 00:00 0 
7ff6c0200000-7ff6c0300000 rw-p 00000000 00:00 0 
7ff6c0400000-7ff6c0500000 rw-p 00000000 00:00 0 
7ff6c0600000-7ff6c0700000 rw-p 00000000 00:00 0 
7ff6c0800000-7ff6c0900000 rw-p 00000000 00:00 0 
7ff6c0a00000-7ff6c0b00000 rw-p 00000000 00:00 0 
7ff6c0c00000-7ff6c0d00000 rw-p 00000000 00:00 0 
7ff6c0e00000-7ff6c0f00000 rw-p 00000000 00:00 0 
7ff6c1000000-7ff6c1100000 rw-p 00000000 00:00 0 
7ff6c1200000-7ff6c1300000 rw-p 00000000 00:00 0 
7ff6c1400000-7ff6c1500000 rw-p 00000000 00:00 0 
7ff6c15ff000-7ff6c1602000 ---p 00000000 00:00 0 
7ff6c1602000-7ff6c1800000 rw-p 00000000 00:00 0 
7ff6c1900000-7ff6c1a00000 rw-p 00000000 00:00 0 
7ff6c1b00000-7ff6c1c00000 rw-p 00000000 00:00 0 
7ff6c1d00000-7ff6c1e00000 rw-p 00000000 00:00 0 
7ff6c1f00000-7ff6c2000000 rw-p 00000000 00:00 0 
7ff6c2100000-7ff6c2200000 rw-p 00000000 00:00 0 
7ff6c2300000-7ff6c2400000 rw-p 00000000 00:00 0 
7ff6c2500000-7ff6c2600000 rw-p 00000000 00:00 0 
7ff6c2700000-7ff6c2800000 rw-p 00000000 00:00 0 
7ff6c2900000-7ff6c2a00000 rw-p 00000000 00:00 0 
7ff6c2b00000-7ff6c2c00000 rw-p 00000000 00:00 0 
7ff6c2d00000-7ff6c2e00000 rw-p 00000000 00:00 0 
7ff6c2f00000-7ff6c3000000 rw-p 00000000 00:00 0 
7ff6c30ff000-7ff6c3100000 ---p 00000000 00:00 0 
7ff6c3100000-7ff6c3103000 ---p 00000000 00:00 0 
7ff6c3103000-7ff6c3a00000 rw-p 00000000 00:00 0 
7ff6c3acd000-7ff6c3ad0000 ---p 00000000 00:00 0 
7ff6c3ad0000-7ff6c3bce000 rw-p 00000000 00:00 0 
7ff6c3bce000-7ff6c3be6000 r-xp 00000000 00:1245 182079293                /nix/store/x26gyx3nb3kx580i4r9qg9q1iw45xbp9-graalvm8-ce/jre/lib/amd64/libnet.so
7ff6c3be6000-7ff6c3de6000 ---p 00018000 00:1245 182079293                /nix/store/x26gyx3nb3kx580i4r9qg9q1iw45xbp9-graalvm8-ce/jre/lib/amd64/libnet.so
7ff6c3de6000-7ff6c3de7000 r--p 00018000 00:1245 182079293                /nix/store/x26gyx3nb3kx580i4r9qg9q1iw45xbp9-graalvm8-ce/jre/lib/amd64/libnet.so
7ff6c3de7000-7ff6c3de8000 rw-p 00019000 00:1245 182079293                /nix/store/x26gyx3nb3kx580i4r9qg9q1iw45xbp9-graalvm8-ce/jre/lib/amd64/libnet.so
7ff6c3de8000-7ff6c3dea000 rw-p 00020000 00:1245 182079293                /nix/store/x26gyx3nb3kx580i4r9qg9q1iw45xbp9-graalvm8-ce/jre/lib/amd64/libnet.so
7ff6c3dea000-7ff6c3dfb000 r-xp 00000000 00:1245 182079294                /nix/store/x26gyx3nb3kx580i4r9qg9q1iw45xbp9-graalvm8-ce/jre/lib/amd64/libnio.so
7ff6c3dfb000-7ff6c3ffa000 ---p 00011000 00:1245 182079294                /nix/store/x26gyx3nb3kx580i4r9qg9q1iw45xbp9-graalvm8-ce/jre/lib/amd64/libnio.so
7ff6c3ffa000-7ff6c3ffb000 r--p 00010000 00:1245 182079294                /nix/store/x26gyx3nb3kx580i4r9qg9q1iw45xbp9-graalvm8-ce/jre/lib/amd64/libnio.so
7ff6c3ffb000-7ff6c3ffc000 rw-p 00011000 00:1245 182079294                /nix/store/x26gyx3nb3kx580i4r9qg9q1iw45xbp9-graalvm8-ce/jre/lib/amd64/libnio.so
7ff6c3ffc000-7ff6c4000000 rw-p 00018000 00:1245 182079294                /nix/store/x26gyx3nb3kx580i4r9qg9q1iw45xbp9-graalvm8-ce/jre/lib/amd64/libnio.so
7ff6c4000000-7ff6c495f000 rw-p 00000000 00:00 0 
7ff6c495f000-7ff6c8000000 ---p 00000000 00:00 0 
7ff6c8000000-7ff6c8021000 rw-p 00000000 00:00 0 
7ff6c8021000-7ff6cc000000 ---p 00000000 00:00 0 
7ff6cc000000-7ff6cc021000 rw-p 00000000 00:00 0 
7ff6cc021000-7ff6d0000000 ---p 00000000 00:00 0 
7ff6d0000000-7ff6d0199000 rw-p 00000000 00:00 0 
7ff6d0199000-7ff6d4000000 ---p 00000000 00:00 0 
7ff6d4000000-7ff6d4021000 rw-p 00000000 00:00 0 
7ff6d4021000-7ff6d8000000 ---p 00000000 00:00 0 
7ff6d8000000-7ff6d8021000 rw-p 00000000 00:00 0 
7ff6d8021000-7ff6dc000000 ---p 00000000 00:00 0 
7ff6dc000000-7ff6dc021000 rw-p 00000000 00:00 0 
7ff6dc021000-7ff6e0000000 ---p 00000000 00:00 0 
7ff6e0000000-7ff6e003c000 rw-p 00000000 00:00 0 
7ff6e003c000-7ff6e4000000 ---p 00000000 00:00 0 
7ff6e4000000-7ff6e4021000 rw-p 00000000 00:00 0 
7ff6e4021000-7ff6e8000000 ---p 00000000 00:00 0 
7ff6e8100000-7ff6e8200000 rw-p 00000000 00:00 0 
7ff6e8300000-7ff6e87aa000 r--p 00e97000 00:1245 182076995                /nix/store/x26gyx3nb3kx580i4r9qg9q1iw45xbp9-graalvm8-ce/jre/lib/amd64/libjvmcicompiler.so
7ff6e87aa000-7ff6e8800000 r--p 00000000 00:00 0 
7ff6e8800000-7ff6e88d7000 rw-p 00000000 00:00 0 
7ff6e88d7000-7ff6e8c00000 rw-p 0146e000 00:1245 182076995                /nix/store/x26gyx3nb3kx580i4r9qg9q1iw45xbp9-graalvm8-ce/jre/lib/amd64/libjvmcicompiler.so
7ff6e8c00000-7ff6e9042000 r--p 01797000 00:1245 182076995                /nix/store/x26gyx3nb3kx580i4r9qg9q1iw45xbp9-graalvm8-ce/jre/lib/amd64/libjvmcicompiler.so
7ff6e90ad000-7ff6e90c0000 r--s 0034b000 00:1245 182079349                /nix/store/x26gyx3nb3kx580i4r9qg9q1iw45xbp9-graalvm8-ce/jre/lib/resources.jar
7ff6e90c0000-7ff6e90c2000 r--s 00000000 00:1223 140168                   /home/runner/eaglecraft-server-1-backup/java/bukkit_command/plugins/EaglerPluginUpdater.jar (deleted)
7ff6e90c2000-7ff6e90cf000 r--s 000c0000 00:1223 84266                    /home/runner/eaglecraft-server-1-backup/java/bukkit_command/plugins/Worldedit.jar
7ff6e90cf000-7ff6e90d0000 r--s 00000000 00:1223 275                      /home/runner/eaglecraft-server-1-backup/java/bukkit_command/plugins/AutoSaver.jar
7ff6e90d0000-7ff6e90d4000 r--p 00000000 00:1245 265949937                /nix/store/9bh3986bpragfjmr32gay8p95k91q4gy-glibc-2.33-47/lib/libresolv-2.33.so
7ff6e90d4000-7ff6e90e0000 r-xp 00004000 00:1245 265949937                /nix/store/9bh3986bpragfjmr32gay8p95k91q4gy-glibc-2.33-47/lib/libresolv-2.33.so
7ff6e90e0000-7ff6e90e3000 r--p 00010000 00:1245 265949937                /nix/store/9bh3986bpragfjmr32gay8p95k91q4gy-glibc-2.33-47/lib/libresolv-2.33.so
7ff6e90e3000-7ff6e90e4000 ---p 00013000 00:1245 265949937                /nix/store/9bh3986bpragfjmr32gay8p95k91q4gy-glibc-2.33-47/lib/libresolv-2.33.so
7ff6e90e4000-7ff6e90e5000 r--p 00013000 00:1245 265949937                /nix/store/9bh3986bpragfjmr32gay8p95k91q4gy-glibc-2.33-47/lib/libresolv-2.33.so
7ff6e90e5000-7ff6e90e6000 rw-p 00014000 00:1245 265949937                /nix/store/9bh3986bpragfjmr32gay8p95k91q4gy-glibc-2.33-47/lib/libresolv-2.33.so
7ff6e90e6000-7ff6e90e8000 rw-p 00000000 00:00 0 
7ff6e90e8000-7ff6e90ea000 r--p 00000000 00:1245 265949924                /nix/store/9bh3986bpragfjmr32gay8p95k91q4gy-glibc-2.33-47/lib/libnss_dns-2.33.so
7ff6e90ea000-7ff6e90ed000 r-xp 00002000 00:1245 265949924                /nix/store/9bh3986bpragfjmr32gay8p95k91q4gy-glibc-2.33-47/lib/libnss_dns-2.33.so
7ff6e90ed000-7ff6e90ee000 r--p 00005000 00:1245 265949924                /nix/store/9bh3986bpragfjmr32gay8p95k91q4gy-glibc-2.33-47/lib/libnss_dns-2.33.so
7ff6e90ee000-7ff6e90ef000 r--p 00005000 00:1245 265949924                /nix/store/9bh3986bpragfjmr32gay8p95k91q4gy-glibc-2.33-47/lib/libnss_dns-2.33.so
7ff6e90ef000-7ff6e90f0000 rw-p 00006000 00:1245 265949924                /nix/store/9bh3986bpragfjmr32gay8p95k91q4gy-glibc-2.33-47/lib/libnss_dns-2.33.so
7ff6e90f0000-7ff6e90f6000 r--s 0003d000 00:1245 182193566                /nix/store/x26gyx3nb3kx580i4r9qg9q1iw45xbp9-graalvm8-ce/jre/lib/ext/sunjce_provider.jar
7ff6e90f6000-7ff6e90f9000 r--p 00000000 00:1245 265949908                /nix/store/9bh3986bpragfjmr32gay8p95k91q4gy-glibc-2.33-47/lib/libgcc_s.so.1
7ff6e90f9000-7ff6e910a000 r-xp 00003000 00:1245 265949908                /nix/store/9bh3986bpragfjmr32gay8p95k91q4gy-glibc-2.33-47/lib/libgcc_s.so.1
7ff6e910a000-7ff6e910d000 r--p 00014000 00:1245 265949908                /nix/store/9bh3986bpragfjmr32gay8p95k91q4gy-glibc-2.33-47/lib/libgcc_s.so.1
7ff6e910d000-7ff6e910e000 ---p 00017000 00:1245 265949908                /nix/store/9bh3986bpragfjmr32gay8p95k91q4gy-glibc-2.33-47/lib/libgcc_s.so.1
7ff6e910e000-7ff6e910f000 r--p 00017000 00:1245 265949908                /nix/store/9bh3986bpragfjmr32gay8p95k91q4gy-glibc-2.33-47/lib/libgcc_s.so.1
7ff6e910f000-7ff6e9110000 rw-p 00018000 00:1245 265949908                /nix/store/9bh3986bpragfjmr32gay8p95k91q4gy-glibc-2.33-47/lib/libgcc_s.so.1
7ff6e9110000-7ff6e912c000 r--s 00393000 00:1245 182192671                /nix/store/x26gyx3nb3kx580i4r9qg9q1iw45xbp9-graalvm8-ce/jre/lib/ext/cldrdata.jar
7ff6e912c000-7ff6ead07000 r-xp 00000000 00:1245 182076995                /nix/store/x26gyx3nb3kx580i4r9qg9q1iw45xbp9-graalvm8-ce/jre/lib/amd64/libjvmcicompiler.so
7ff6ead07000-7ff6eaf06000 ---p 01bdb000 00:1245 182076995                /nix/store/x26gyx3nb3kx580i4r9qg9q1iw45xbp9-graalvm8-ce/jre/lib/amd64/libjvmcicompiler.so
7ff6eaf06000-7ff6eaf07000 r--p 01bda000 00:1245 182076995                /nix/store/x26gyx3nb3kx580i4r9qg9q1iw45xbp9-graalvm8-ce/jre/lib/amd64/libjvmcicompiler.so
7ff6eaf07000-7ff6eaf09000 rw-p 01bdb000 00:1245 182076995                /nix/store/x26gyx3nb3kx580i4r9qg9q1iw45xbp9-graalvm8-ce/jre/lib/amd64/libjvmcicompiler.so
7ff6eaf09000-7ff6eaf0e000 rw-p 01e01000 00:1245 182076995                /nix/store/x26gyx3nb3kx580i4r9qg9q1iw45xbp9-graalvm8-ce/jre/lib/amd64/libjvmcicompiler.so
7ff6eaf0e000-7ff6eaf0f000 ---p 00000000 00:00 0 
7ff6eaf0f000-7ff6eb00f000 rw-p 00000000 00:00 0 
7ff6eb00f000-7ff6eb012000 ---p 00000000 00:00 0 
7ff6eb012000-7ff6eb110000 rw-p 00000000 00:00 0 
7ff6eb110000-7ff6eb111000 ---p 00000000 00:00 0 
7ff6eb111000-7ff6eb114000 ---p 00000000 00:00 0 
7ff6eb114000-7ff6eb311000 rw-p 00000000 00:00 0 
7ff6eb311000-7ff6eb312000 ---p 00000000 00:00 0 
7ff6eb312000-7ff6eb315000 ---p 00000000 00:00 0 
7ff6eb315000-7ff6eb512000 rw-p 00000000 00:00 0 
7ff6eb512000-7ff6eb515000 ---p 00000000 00:00 0 
7ff6eb515000-7ff6eb613000 rw-p 00000000 00:00 0 
7ff6eb613000-7ff6eb8f9000 r--p 00000000 00:119b 28444448                 /usr/lib/locale/locale-archive
7ff6eb8f9000-7ff6eb8fc000 ---p 00000000 00:00 0 
7ff6eb8fc000-7ff6eb9fa000 rw-p 00000000 00:00 0 
7ff6eb9fa000-7ff6eb9fd000 ---p 00000000 00:00 0 
7ff6eb9fd000-7ff6ebafb000 rw-p 00000000 00:00 0 
7ff6ebafb000-7ff6ebafc000 ---p 00000000 00:00 0 
7ff6ebafc000-7ff6ec000000 rw-p 00000000 00:00 0 
7ff6ec000000-7ff6ec021000 rw-p 00000000 00:00 0 
7ff6ec021000-7ff6f0000000 ---p 00000000 00:00 0 
7ff6f0000000-7ff6f0002000 r--s 00008000 00:1245 182193565                /nix/store/x26gyx3nb3kx580i4r9qg9q1iw45xbp9-graalvm8-ce/jre/lib/ext/sunec.jar
7ff6f0002000-7ff6f000d000 r--s 00116000 00:1245 182193165                /nix/store/x26gyx3nb3kx580i4r9qg9q1iw45xbp9-graalvm8-ce/jre/lib/ext/localedata.jar
7ff6f000d000-7ff6f0010000 ---p 00000000 00:00 0 
7ff6f0010000-7ff6f0046000 rw-p 00000000 00:00 0 
7ff6f0046000-7ff6f0049000 ---p 00000000 00:00 0 
7ff6f0049000-7ff6f007f000 rw-p 00000000 00:00 0 
7ff6f007f000-7ff6f00f9000 r--s 011a7000 00:1245 182193735                /nix/store/x26gyx3nb3kx580i4r9qg9q1iw45xbp9-graalvm8-ce/jre/lib/jvmci/graal.jar
7ff6f00f9000-7ff6f1000000 rw-p 00000000 00:00 0 
7ff6f1000000-7ff6f1af0000 rwxp 00000000 00:00 0 
7ff6f1af0000-7ff700000000 ---p 00000000 00:00 0 
7ff700000000-7ff7004dd000 rw-p 00000000 00:00 0 
7ff7004dd000-7ff704000000 ---p 00000000 00:00 0 
7ff704000000-7ff704001000 r--s 00003000 00:1223 140167                   /home/runner/eaglecraft-server-1-backup/java/bukkit_command/plugins/EaglerPluginInstaller.jar (deleted)
7ff704001000-7ff704005000 r--s 00040000 00:1245 182193578                /nix/store/x26gyx3nb3kx580i4r9qg9q1iw45xbp9-graalvm8-ce/jre/lib/ext/sunpkcs11.jar
7ff704005000-7ff704007000 r--s 00016000 00:1245 182079319                /nix/store/x26gyx3nb3kx580i4r9qg9q1iw45xbp9-graalvm8-ce/jre/lib/jce.jar
7ff704007000-7ff704018000 r--s 001c4000 00:1245 182079322                /nix/store/x26gyx3nb3kx580i4r9qg9q1iw45xbp9-graalvm8-ce/jre/lib/jsse.jar
7ff704018000-7ff704019000 r--s 00000000 00:1245 182193734                /nix/store/x26gyx3nb3kx580i4r9qg9q1iw45xbp9-graalvm8-ce/jre/lib/jvmci/graal-truffle-jfr-impl.jar
7ff704019000-7ff70401d000 r--s 00089000 00:1245 182196473                /nix/store/x26gyx3nb3kx580i4r9qg9q1iw45xbp9-graalvm8-ce/jre/lib/jvmci/jvmci-hotspot.jar
7ff70401d000-7ff704021000 r--s 0004f000 00:1245 182196470                /nix/store/x26gyx3nb3kx580i4r9qg9q1iw45xbp9-graalvm8-ce/jre/lib/jvmci/jvmci-api.jar
7ff704021000-7ff7040b5000 r--s 00bcb000 00:1223 310                      /home/runner/eaglecraft-server-1-backup/java/bukkit_command/craftbukkit-1.5.2-R1.0.jar
7ff7040b5000-7ff7040b6000 r--s 00010000 00:1245 182192581                /nix/store/x26gyx3nb3kx580i4r9qg9q1iw45xbp9-graalvm8-ce/jre/lib/boot/graaljs-scriptengine.jar
7ff7040b6000-7ff7040bb000 r--s 0005c000 00:1245 182192580                /nix/store/x26gyx3nb3kx580i4r9qg9q1iw45xbp9-graalvm8-ce/jre/lib/boot/graal-sdk.src.zip
7ff7040bb000-7ff7040bc000 r--s 00004000 00:1245 182192582                /nix/store/x26gyx3nb3kx580i4r9qg9q1iw45xbp9-graalvm8-ce/jre/lib/boot/truffleruby-services.jar
7ff7040bc000-7ff7040c4000 r--s 0008b000 00:1245 182192579                /nix/store/x26gyx3nb3kx580i4r9qg9q1iw45xbp9-graalvm8-ce/jre/lib/boot/graal-sdk.jar
7ff7040c4000-7ff7040c5000 r--s 00005000 00:1245 182079328                /nix/store/x26gyx3nb3kx580i4r9qg9q1iw45xbp9-graalvm8-ce/jre/lib/jvmci-services.jar
7ff7040c5000-7ff7040cb000 r--s 000d3000 00:1245 182079321                /nix/store/x26gyx3nb3kx580i4r9qg9q1iw45xbp9-graalvm8-ce/jre/lib/jfr.jar
7ff7040cb000-7ff70421a000 rw-p 00000000 00:00 0 
7ff70421a000-7ff7043eb000 r--s 03ca5000 00:1245 182079350                /nix/store/x26gyx3nb3kx580i4r9qg9q1iw45xbp9-graalvm8-ce/jre/lib/rt.jar
7ff7043eb000-7ff7055c6000 rw-p 00000000 00:00 0 
7ff7055c6000-7ff7055c7000 ---p 00000000 00:00 0 
7ff7055c7000-7ff7056c7000 rw-p 00000000 00:00 0 
7ff7056c7000-7ff7056c8000 ---p 00000000 00:00 0 
7ff7056c8000-7ff7057c8000 rw-p 00000000 00:00 0 
7ff7057c8000-7ff7057c9000 ---p 00000000 00:00 0 
7ff7057c9000-7ff705aa1000 rw-p 00000000 00:00 0 
7ff705aa1000-7ff705e35000 ---p 00000000 00:00 0 
7ff705e35000-7ff705e3d000 r-xp 00000000 00:1245 182079303                /nix/store/x26gyx3nb3kx580i4r9qg9q1iw45xbp9-graalvm8-ce/jre/lib/amd64/libzip.so
7ff705e3d000-7ff70603c000 ---p 00008000 00:1245 182079303                /nix/store/x26gyx3nb3kx580i4r9qg9q1iw45xbp9-graalvm8-ce/jre/lib/amd64/libzip.so
7ff70603c000-7ff70603d000 r--p 00007000 00:1245 182079303                /nix/store/x26gyx3nb3kx580i4r9qg9q1iw45xbp9-graalvm8-ce/jre/lib/amd64/libzip.so
7ff70603d000-7ff70603e000 rw-p 00008000 00:1245 182079303                /nix/store/x26gyx3nb3kx580i4r9qg9q1iw45xbp9-graalvm8-ce/jre/lib/amd64/libzip.so
7ff70603e000-7ff706040000 rw-p 0000b000 00:1245 182079303                /nix/store/x26gyx3nb3kx580i4r9qg9q1iw45xbp9-graalvm8-ce/jre/lib/amd64/libzip.so
7ff706040000-7ff706048000 rw-s 00000000 00:1198 390                      /tmp/hsperfdata_runner/32
7ff706048000-7ff70604b000 r--p 00000000 00:1245 265949927                /nix/store/9bh3986bpragfjmr32gay8p95k91q4gy-glibc-2.33-47/lib/libnss_files-2.33.so
7ff70604b000-7ff706051000 r-xp 00003000 00:1245 265949927                /nix/store/9bh3986bpragfjmr32gay8p95k91q4gy-glibc-2.33-47/lib/libnss_files-2.33.so
7ff706051000-7ff706053000 r--p 00009000 00:1245 265949927                /nix/store/9bh3986bpragfjmr32gay8p95k91q4gy-glibc-2.33-47/lib/libnss_files-2.33.so
7ff706053000-7ff706054000 r--p 0000a000 00:1245 265949927                /nix/store/9bh3986bpragfjmr32gay8p95k91q4gy-glibc-2.33-47/lib/libnss_files-2.33.so
7ff706054000-7ff706055000 rw-p 0000b000 00:1245 265949927                /nix/store/9bh3986bpragfjmr32gay8p95k91q4gy-glibc-2.33-47/lib/libnss_files-2.33.so
7ff706055000-7ff70605c000 rw-p 00000000 00:00 0 
7ff70605c000-7ff70605d000 ---p 00000000 00:00 0 
7ff70605d000-7ff706085000 r-xp 00000000 00:1245 182076983                /nix/store/x26gyx3nb3kx580i4r9qg9q1iw45xbp9-graalvm8-ce/jre/lib/amd64/libjava.so
7ff706085000-7ff706284000 ---p 00028000 00:1245 182076983                /nix/store/x26gyx3nb3kx580i4r9qg9q1iw45xbp9-graalvm8-ce/jre/lib/amd64/libjava.so
7ff706284000-7ff706285000 r--p 00027000 00:1245 182076983                /nix/store/x26gyx3nb3kx580i4r9qg9q1iw45xbp9-graalvm8-ce/jre/lib/amd64/libjava.so
7ff706285000-7ff706287000 rw-p 00028000 00:1245 182076983                /nix/store/x26gyx3nb3kx580i4r9qg9q1iw45xbp9-graalvm8-ce/jre/lib/amd64/libjava.so
7ff706287000-7ff70628c000 rw-p 00034000 00:1245 182076983                /nix/store/x26gyx3nb3kx580i4r9qg9q1iw45xbp9-graalvm8-ce/jre/lib/amd64/libjava.so
7ff70628c000-7ff70629b000 r-xp 00000000 00:1245 182079302                /nix/store/x26gyx3nb3kx580i4r9qg9q1iw45xbp9-graalvm8-ce/jre/lib/amd64/libverify.so
7ff70629b000-7ff70649a000 ---p 0000f000 00:1245 182079302                /nix/store/x26gyx3nb3kx580i4r9qg9q1iw45xbp9-graalvm8-ce/jre/lib/amd64/libverify.so
7ff70649a000-7ff70649c000 r--p 0000e000 00:1245 182079302                /nix/store/x26gyx3nb3kx580i4r9qg9q1iw45xbp9-graalvm8-ce/jre/lib/amd64/libverify.so
7ff70649c000-7ff70649d000 rw-p 00010000 00:1245 182079302                /nix/store/x26gyx3nb3kx580i4r9qg9q1iw45xbp9-graalvm8-ce/jre/lib/amd64/libverify.so
7ff70649d000-7ff70649e000 rw-p 00013000 00:1245 182079302                /nix/store/x26gyx3nb3kx580i4r9qg9q1iw45xbp9-graalvm8-ce/jre/lib/amd64/libverify.so
7ff70649e000-7ff7064a1000 r--p 00000000 00:1245 265949940                /nix/store/9bh3986bpragfjmr32gay8p95k91q4gy-glibc-2.33-47/lib/librt-2.33.so
7ff7064a1000-7ff7064a5000 r-xp 00003000 00:1245 265949940                /nix/store/9bh3986bpragfjmr32gay8p95k91q4gy-glibc-2.33-47/lib/librt-2.33.so
7ff7064a5000-7ff7064a7000 r--p 00007000 00:1245 265949940                /nix/store/9bh3986bpragfjmr32gay8p95k91q4gy-glibc-2.33-47/lib/librt-2.33.so
7ff7064a7000-7ff7064a8000 r--p 00008000 00:1245 265949940                /nix/store/9bh3986bpragfjmr32gay8p95k91q4gy-glibc-2.33-47/lib/librt-2.33.so
7ff7064a8000-7ff7064a9000 rw-p 00009000 00:1245 265949940                /nix/store/9bh3986bpragfjmr32gay8p95k91q4gy-glibc-2.33-47/lib/librt-2.33.so
7ff7064a9000-7ff7064aa000 ---p 00000000 00:00 0 
7ff7064aa000-7ff7064ad000 ---p 00000000 00:00 0 
7ff7064ad000-7ff7065aa000 rw-p 00000000 00:00 0 
7ff7065aa000-7ff7065b9000 r--p 00000000 00:1245 265949909                /nix/store/9bh3986bpragfjmr32gay8p95k91q4gy-glibc-2.33-47/lib/libm-2.33.so
7ff7065b9000-7ff706650000 r-xp 0000f000 00:1245 265949909                /nix/store/9bh3986bpragfjmr32gay8p95k91q4gy-glibc-2.33-47/lib/libm-2.33.so
7ff706650000-7ff7066e9000 r--p 000a6000 00:1245 265949909                /nix/store/9bh3986bpragfjmr32gay8p95k91q4gy-glibc-2.33-47/lib/libm-2.33.so
7ff7066e9000-7ff7066ea000 r--p 0013e000 00:1245 265949909                /nix/store/9bh3986bpragfjmr32gay8p95k91q4gy-glibc-2.33-47/lib/libm-2.33.so
7ff7066ea000-7ff7066eb000 rw-p 0013f000 00:1245 265949909                /nix/store/9bh3986bpragfjmr32gay8p95k91q4gy-glibc-2.33-47/lib/libm-2.33.so
7ff7066eb000-7ff707522000 r-xp 00000000 00:1245 182192051                /nix/store/x26gyx3nb3kx580i4r9qg9q1iw45xbp9-graalvm8-ce/jre/lib/amd64/server/libjvm.so
7ff707522000-7ff707722000 ---p 00e37000 00:1245 182192051                /nix/store/x26gyx3nb3kx580i4r9qg9q1iw45xbp9-graalvm8-ce/jre/lib/amd64/server/libjvm.so
7ff707722000-7ff7077ed000 rw-p 00e37000 00:1245 182192051                /nix/store/x26gyx3nb3kx580i4r9qg9q1iw45xbp9-graalvm8-ce/jre/lib/amd64/server/libjvm.so
7ff7077ed000-7ff707825000 rw-p 00000000 00:00 0 
7ff707825000-7ff70784b000 r--p 00000000 00:1245 265949897                /nix/store/9bh3986bpragfjmr32gay8p95k91q4gy-glibc-2.33-47/lib/libc-2.33.so
7ff70784b000-7ff70798e000 r-xp 00026000 00:1245 265949897                /nix/store/9bh3986bpragfjmr32gay8p95k91q4gy-glibc-2.33-47/lib/libc-2.33.so
7ff70798e000-7ff7079db000 r--p 00169000 00:1245 265949897                /nix/store/9bh3986bpragfjmr32gay8p95k91q4gy-glibc-2.33-47/lib/libc-2.33.so
7ff7079db000-7ff7079de000 r--p 001b5000 00:1245 265949897                /nix/store/9bh3986bpragfjmr32gay8p95k91q4gy-glibc-2.33-47/lib/libc-2.33.so
7ff7079de000-7ff7079e1000 rw-p 001b8000 00:1245 265949897                /nix/store/9bh3986bpragfjmr32gay8p95k91q4gy-glibc-2.33-47/lib/libc-2.33.so
7ff7079e1000-7ff7079ec000 rw-p 00000000 00:00 0 
7ff7079ec000-7ff7079ed000 r--p 00000000 00:1245 265949904                /nix/store/9bh3986bpragfjmr32gay8p95k91q4gy-glibc-2.33-47/lib/libdl-2.33.so
7ff7079ed000-7ff7079ee000 r-xp 00001000 00:1245 265949904                /nix/store/9bh3986bpragfjmr32gay8p95k91q4gy-glibc-2.33-47/lib/libdl-2.33.so
7ff7079ee000-7ff7079ef000 r--p 00002000 00:1245 265949904                /nix/store/9bh3986bpragfjmr32gay8p95k91q4gy-glibc-2.33-47/lib/libdl-2.33.so
7ff7079ef000-7ff7079f0000 r--p 00002000 00:1245 265949904                /nix/store/9bh3986bpragfjmr32gay8p95k91q4gy-glibc-2.33-47/lib/libdl-2.33.so
7ff7079f0000-7ff7079f1000 rw-p 00003000 00:1245 265949904                /nix/store/9bh3986bpragfjmr32gay8p95k91q4gy-glibc-2.33-47/lib/libdl-2.33.so
7ff7079f1000-7ff7079fe000 r-xp 00000000 00:1245 182076968                /nix/store/x26gyx3nb3kx580i4r9qg9q1iw45xbp9-graalvm8-ce/jre/lib/amd64/jli/libjli.so
7ff7079fe000-7ff707bfe000 ---p 0000d000 00:1245 182076968                /nix/store/x26gyx3nb3kx580i4r9qg9q1iw45xbp9-graalvm8-ce/jre/lib/amd64/jli/libjli.so
7ff707bfe000-7ff707bff000 r--p 0000d000 00:1245 182076968                /nix/store/x26gyx3nb3kx580i4r9qg9q1iw45xbp9-graalvm8-ce/jre/lib/amd64/jli/libjli.so
7ff707bff000-7ff707c00000 rw-p 0000e000 00:1245 182076968                /nix/store/x26gyx3nb3kx580i4r9qg9q1iw45xbp9-graalvm8-ce/jre/lib/amd64/jli/libjli.so
7ff707c00000-7ff707c01000 rw-p 00012000 00:1245 182076968                /nix/store/x26gyx3nb3kx580i4r9qg9q1iw45xbp9-graalvm8-ce/jre/lib/amd64/jli/libjli.so
7ff707c01000-7ff707c04000 r--p 00000000 00:1245 266601246                /nix/store/dc3r2nbhckwn41hq5vaxxbj7z0lqdwb1-zlib-1.2.11/lib/libz.so.1.2.11
7ff707c04000-7ff707c15000 r-xp 00003000 00:1245 266601246                /nix/store/dc3r2nbhckwn41hq5vaxxbj7z0lqdwb1-zlib-1.2.11/lib/libz.so.1.2.11
7ff707c15000-7ff707c1b000 r--p 00014000 00:1245 266601246                /nix/store/dc3r2nbhckwn41hq5vaxxbj7z0lqdwb1-zlib-1.2.11/lib/libz.so.1.2.11
7ff707c1b000-7ff707c1c000 ---p 0001a000 00:1245 266601246                /nix/store/dc3r2nbhckwn41hq5vaxxbj7z0lqdwb1-zlib-1.2.11/lib/libz.so.1.2.11
7ff707c1c000-7ff707c1d000 r--p 0001a000 00:1245 266601246                /nix/store/dc3r2nbhckwn41hq5vaxxbj7z0lqdwb1-zlib-1.2.11/lib/libz.so.1.2.11
7ff707c1d000-7ff707c1e000 rw-p 0001b000 00:1245 266601246                /nix/store/dc3r2nbhckwn41hq5vaxxbj7z0lqdwb1-zlib-1.2.11/lib/libz.so.1.2.11
7ff707c1e000-7ff707c25000 r--p 00000000 00:1245 265949934                /nix/store/9bh3986bpragfjmr32gay8p95k91q4gy-glibc-2.33-47/lib/libpthread-2.33.so
7ff707c25000-7ff707c33000 r-xp 00007000 00:1245 265949934                /nix/store/9bh3986bpragfjmr32gay8p95k91q4gy-glibc-2.33-47/lib/libpthread-2.33.so
7ff707c33000-7ff707c38000 r--p 00015000 00:1245 265949934                /nix/store/9bh3986bpragfjmr32gay8p95k91q4gy-glibc-2.33-47/lib/libpthread-2.33.so
7ff707c38000-7ff707c39000 r--p 00019000 00:1245 265949934                /nix/store/9bh3986bpragfjmr32gay8p95k91q4gy-glibc-2.33-47/lib/libpthread-2.33.so
7ff707c39000-7ff707c3a000 rw-p 0001a000 00:1245 265949934                /nix/store/9bh3986bpragfjmr32gay8p95k91q4gy-glibc-2.33-47/lib/libpthread-2.33.so
7ff707c3a000-7ff707c40000 rw-p 00000000 00:00 0 
7ff707c40000-7ff707c41000 r--p 00000000 00:1245 265949888                /nix/store/9bh3986bpragfjmr32gay8p95k91q4gy-glibc-2.33-47/lib/ld-2.33.so
7ff707c41000-7ff707c65000 r-xp 00001000 00:1245 265949888                /nix/store/9bh3986bpragfjmr32gay8p95k91q4gy-glibc-2.33-47/lib/ld-2.33.so
7ff707c65000-7ff707c6f000 r--p 00025000 00:1245 265949888                /nix/store/9bh3986bpragfjmr32gay8p95k91q4gy-glibc-2.33-47/lib/ld-2.33.so
7ff707c6f000-7ff707c71000 r--p 0002e000 00:1245 265949888                /nix/store/9bh3986bpragfjmr32gay8p95k91q4gy-glibc-2.33-47/lib/ld-2.33.so
7ff707c71000-7ff707c73000 rw-p 00030000 00:1245 265949888                /nix/store/9bh3986bpragfjmr32gay8p95k91q4gy-glibc-2.33-47/lib/ld-2.33.so
7ffdc4d96000-7ffdc4dba000 rw-p 00000000 00:00 0                          [stack]
7ffdc4de3000-7ffdc4de7000 r--p 00000000 00:00 0                          [vvar]
7ffdc4de7000-7ffdc4de9000 r-xp 00000000 00:00 0                          [vdso]
ffffffffff600000-ffffffffff601000 --xp 00000000 00:00 0                  [vsyscall]

VM Arguments:
jvm_args: -Xmx512M -Xms512M 
java_command: craftbukkit-1.5.2-R1.0.jar
java_class_path (initial): craftbukkit-1.5.2-R1.0.jar
Launcher Type: SUN_STANDARD

Environment Variables:
JAVA_HOME=/nix/store/x26gyx3nb3kx580i4r9qg9q1iw45xbp9-graalvm8-ce
LD_LIBRARY_PATH=/nix/store/kbz3s60sndry87c2csg4svbbld3224q8-cups-2.3.3-lib/lib:/nix/store/0bdcnb6wnd9dg4wj4aqjwkizzz7lldps-cairo-1.16.0/lib:/nix/store/3jz43ya7j65mh53nj262rilsk1j2jb68-glib-2.68.3/lib:/nix/store/qvmdkg2f09pvlsdr4bqasyiy5g0mbvrd-gtk+3-3.24.30/lib:/nix/store/hisqvx32cd57apbpcsnkpx6k3549wql1-libglvnd-1.4.0/lib:/nix/store/p36pgcv991mq5srvg765b78yqpxvk3qs-mesa-21.3.3-drivers/lib:/nix/store/mav4251if1ahjq5vkpwycyyvnmy459c4-pulseaudio-14.2/lib
DISPLAY=:0

Signal Handlers:
SIGSEGV: [libjvm.so+0xbe9860], sa_mask[0]=11111111011111111101111111111110, sa_flags=SA_RESTART|SA_SIGINFO
SIGBUS: [libjvm.so+0xbe9860], sa_mask[0]=11111111011111111101111111111110, sa_flags=SA_RESTART|SA_SIGINFO
SIGFPE: [libjvm.so+0xa11d10], sa_mask[0]=11111111011111111101111111111110, sa_flags=SA_RESTART|SA_SIGINFO
SIGPIPE: [libjvm.so+0xa11d10], sa_mask[0]=11111111011111111101111111111110, sa_flags=SA_RESTART|SA_SIGINFO
SIGXFSZ: [libjvm.so+0xa11d10], sa_mask[0]=11111111011111111101111111111110, sa_flags=SA_RESTART|SA_SIGINFO
SIGILL: [libjvm.so+0xa11d10], sa_mask[0]=11111111011111111101111111111110, sa_flags=SA_RESTART|SA_SIGINFO
SIGUSR1: SIG_DFL, sa_mask[0]=00000000000000000000000000000000, sa_flags=none
SIGUSR2: [libjvm.so+0xa11be0], sa_mask[0]=00000000000000000000000000000000, sa_flags=SA_RESTART|SA_SIGINFO
SIGHUP: [libjvm.so+0xa12200], sa_mask[0]=11111111011111111101111111111110, sa_flags=SA_RESTART|SA_SIGINFO
SIGINT: [libjvm.so+0xa12200], sa_mask[0]=11111111011111111101111111111110, sa_flags=SA_RESTART|SA_SIGINFO
SIGTERM: [libjvm.so+0xa12200], sa_mask[0]=11111111011111111101111111111110, sa_flags=SA_RESTART|SA_SIGINFO
SIGQUIT: [libjvm.so+0xa12200], sa_mask[0]=11111111011111111101111111111110, sa_flags=SA_RESTART|SA_SIGINFO


---------------  S Y S T E M  ---------------

OS:DISTRIB_ID=Ubuntu
DISTRIB_RELEASE=20.04
DISTRIB_CODENAME=focal
DISTRIB_DESCRIPTION="Ubuntu 20.04.2 LTS"

uname:Linux 6.2.0-1018-gcp #20~22.04.1-Ubuntu SMP Mon Oct 23 12:29:43 UTC 2023 x86_64
libc:glibc 2.33 NPTL 2.33 
rlimit: STACK 8192k, CORE infinity, NPROC infinity, NOFILE 5242, AS infinity
load average:9.16 6.63 5.73

/proc/meminfo:
MemTotal:       32855980 kB
MemFree:         5962096 kB
MemAvailable:   22155544 kB
Buffers:         1855860 kB
Cached:         13055888 kB
SwapCached:            0 kB
Active:          6006584 kB
Inactive:       18605544 kB
Active(anon):      11704 kB
Inactive(anon):  8951772 kB
Active(file):    5994880 kB
Inactive(file):  9653772 kB
Unevictable:       28968 kB
Mlocked:           28968 kB
SwapTotal:             0 kB
SwapFree:              0 kB
Zswap:                 0 kB
Zswapped:              0 kB
Dirty:              6752 kB
Writeback:           304 kB
AnonPages:       9696736 kB
Mapped:          1753264 kB
Shmem:             30504 kB
KReclaimable:    1010488 kB
Slab:            1575744 kB
SReclaimable:    1010488 kB
SUnreclaim:       565256 kB
KernelStack:      166256 kB
PageTables:       234072 kB
SecPageTables:         0 kB
NFS_Unstable:          0 kB
Bounce:                0 kB
WritebackTmp:          0 kB
CommitLimit:    16427988 kB
Committed_AS:   48367100 kB
VmallocTotal:   34359738367 kB
VmallocUsed:      195668 kB
VmallocChunk:          0 kB
Percpu:            18368 kB
HardwareCorrupted:     0 kB
AnonHugePages:    172032 kB
ShmemHugePages:        0 kB
ShmemPmdMapped:        0 kB
FileHugePages:         0 kB
FilePmdMapped:         0 kB
HugePages_Total:       0
HugePages_Free:        0
HugePages_Rsvd:        0
HugePages_Surp:        0
Hugepagesize:       2048 kB
Hugetlb:               0 kB
DirectMap4k:      332600 kB
DirectMap2M:    19587072 kB
DirectMap1G:    15728640 kB


CPU:total 4 (initial active 3) (4 cores per cpu, 1 threads per core) family 23 model 49 stepping 0, cmov, cx8, fxsr, mmx, sse, sse2, sse3, ssse3, sse4.1, sse4.2, popcnt, avx, avx2, aes, clmul, mmxext, 3dnowpref, lzcnt, sse4a, tsc, tscinvbit, tscinv, bmi1

/proc/cpuinfo:
processor	: 0
vendor_id	: AuthenticAMD
cpu family	: 23
model		: 49
model name	: AMD EPYC 7B12
stepping	: 0
microcode	: 0xffffffff
cpu MHz		: 2249.998
cache size	: 512 KB
physical id	: 0
siblings	: 4
core id		: 0
cpu cores	: 2
apicid		: 0
initial apicid	: 0
fpu		: yes
fpu_exception	: yes
cpuid level	: 13
wp		: yes
flags		: fpu vme de pse tsc msr pae mce cx8 apic sep mtrr pge mca cmov pat pse36 clflush mmx fxsr sse sse2 ht syscall nx mmxext fxsr_opt pdpe1gb rdtscp lm constant_tsc rep_good nopl nonstop_tsc cpuid extd_apicid tsc_known_freq pni pclmulqdq ssse3 fma cx16 sse4_1 sse4_2 movbe popcnt aes xsave avx f16c rdrand hypervisor lahf_lm cmp_legacy cr8_legacy abm sse4a misalignsse 3dnowprefetch osvw topoext ssbd ibrs ibpb stibp vmmcall fsgsbase tsc_adjust bmi1 avx2 smep bmi2 rdseed adx smap clflushopt clwb sha_ni xsaveopt xsavec xgetbv1 clzero xsaveerptr arat npt nrip_save umip rdpid
bugs		: sysret_ss_attrs null_seg spectre_v1 spectre_v2 spec_store_bypass retbleed smt_rsb srso
bogomips	: 4499.99
TLB size	: 3072 4K pages
clflush size	: 64
cache_alignment	: 64
address sizes	: 48 bits physical, 48 bits virtual
power management:

processor	: 1
vendor_id	: AuthenticAMD
cpu family	: 23
model		: 49
model name	: AMD EPYC 7B12
stepping	: 0
microcode	: 0xffffffff
cpu MHz		: 2249.998
cache size	: 512 KB
physical id	: 0
siblings	: 4
core id		: 1
cpu cores	: 2
apicid		: 2
initial apicid	: 2
fpu		: yes
fpu_exception	: yes
cpuid level	: 13
wp		: yes
flags		: fpu vme de pse tsc msr pae mce cx8 apic sep mtrr pge mca cmov pat pse36 clflush mmx fxsr sse sse2 ht syscall nx mmxext fxsr_opt pdpe1gb rdtscp lm constant_tsc rep_good nopl nonstop_tsc cpuid extd_apicid tsc_known_freq pni pclmulqdq ssse3 fma cx16 sse4_1 sse4_2 movbe popcnt aes xsave avx f16c rdrand hypervisor lahf_lm cmp_legacy cr8_legacy abm sse4a misalignsse 3dnowprefetch osvw topoext ssbd ibrs ibpb stibp vmmcall fsgsbase tsc_adjust bmi1 avx2 smep bmi2 rdseed adx smap clflushopt clwb sha_ni xsaveopt xsavec xgetbv1 clzero xsaveerptr arat npt nrip_save umip rdpid
bugs		: sysret_ss_attrs null_seg spectre_v1 spectre_v2 spec_store_bypass retbleed smt_rsb srso
bogomips	: 4499.99
TLB size	: 3072 4K pages
clflush size	: 64
cache_alignment	: 64
address sizes	: 48 bits physical, 48 bits virtual
power management:

processor	: 2
vendor_id	: AuthenticAMD
cpu family	: 23
model		: 49
model name	: AMD EPYC 7B12
stepping	: 0
microcode	: 0xffffffff
cpu MHz		: 2249.998
cache size	: 512 KB
physical id	: 0
siblings	: 4
core id		: 0
cpu cores	: 2
apicid		: 1
initial apicid	: 1
fpu		: yes
fpu_exception	: yes
cpuid level	: 13
wp		: yes
flags		: fpu vme de pse tsc msr pae mce cx8 apic sep mtrr pge mca cmov pat pse36 clflush mmx fxsr sse sse2 ht syscall nx mmxext fxsr_opt pdpe1gb rdtscp lm constant_tsc rep_good nopl nonstop_tsc cpuid extd_apicid tsc_known_freq pni pclmulqdq ssse3 fma cx16 sse4_1 sse4_2 movbe popcnt aes xsave avx f16c rdrand hypervisor lahf_lm cmp_legacy cr8_legacy abm sse4a misalignsse 3dnowprefetch osvw topoext ssbd ibrs ibpb stibp vmmcall fsgsbase tsc_adjust bmi1 avx2 smep bmi2 rdseed adx smap clflushopt clwb sha_ni xsaveopt xsavec xgetbv1 clzero xsaveerptr arat npt nrip_save umip rdpid
bugs		: sysret_ss_attrs null_seg spectre_v1 spectre_v2 spec_store_bypass retbleed smt_rsb srso
bogomips	: 4499.99
TLB size	: 3072 4K pages
clflush size	: 64
cache_alignment	: 64
address sizes	: 48 bits physical, 48 bits virtual
power management:

processor	: 3
vendor_id	: AuthenticAMD
cpu family	: 23
model		: 49
model name	: AMD EPYC 7B12
stepping	: 0
microcode	: 0xffffffff
cpu MHz		: 2249.998
cache size	: 512 KB
physical id	: 0
siblings	: 4
core id		: 1
cpu cores	: 2
apicid		: 3
initial apicid	: 3
fpu		: yes
fpu_exception	: yes
cpuid level	: 13
wp		: yes
flags		: fpu vme de pse tsc msr pae mce cx8 apic sep mtrr pge mca cmov pat pse36 clflush mmx fxsr sse sse2 ht syscall nx mmxext fxsr_opt pdpe1gb rdtscp lm constant_tsc rep_good nopl nonstop_tsc cpuid extd_apicid tsc_known_freq pni pclmulqdq ssse3 fma cx16 sse4_1 sse4_2 movbe popcnt aes xsave avx f16c rdrand hypervisor lahf_lm cmp_legacy cr8_legacy abm sse4a misalignsse 3dnowprefetch osvw topoext ssbd ibrs ibpb stibp vmmcall fsgsbase tsc_adjust bmi1 avx2 smep bmi2 rdseed adx smap clflushopt clwb sha_ni xsaveopt xsavec xgetbv1 clzero xsaveerptr arat npt nrip_save umip rdpid
bugs		: sysret_ss_attrs null_seg spectre_v1 spectre_v2 spec_store_bypass retbleed smt_rsb srso
bogomips	: 4499.99
TLB size	: 3072 4K pages
clflush size	: 64
cache_alignment	: 64
address sizes	: 48 bits physical, 48 bits virtual
power management:



Memory: 4k page, physical 32855980k(5961340k free), swap 0k(0k free)

vm_info: OpenJDK 64-Bit Server VM GraalVM CE 21.2.0 (25.302-b07-jvmci-21.2-b08) for linux-amd64 JRE (1.8.0), built on Jul 19 2021 22:50:15 by "buildslave" with gcc 7.3.0

time: Fri Nov 10 03:07:46 2023
timezone: UTC
elapsed time: 5512.663959 seconds (0d 1h 31m 52s)

