#
# A fatal error has been detected by the Java Runtime Environment:
#
#  SIGBUS (0x7) at pc=0x00007f5907505f8d, pid=4676, tid=0x00007f58f0103640
#
# JRE version: OpenJDK Runtime Environment (8.0_302-b07) (build 1.8.0_302-b07)
# Java VM: OpenJDK 64-Bit Server VM GraalVM CE 21.2.0 (25.302-b07-jvmci-21.2-b08 mixed mode linux-amd64 compressed oops)
# Problematic frame:
# V  [libjvm.so+0xac0f8d]  RuntimeService::record_safepoint_begin()+0x4d
#
# Core dump written. Default location: /home/runner/eaglecraft-server-1-backup/java/bukkit_command/core or core.4676
#
# If you would like to submit a bug report, please visit:
#   https://github.com/oracle/graal/issues
#

---------------  T H R E A D  ---------------

Current thread (0x00007f5900122800):  VMThread [stack: 0x00007f58f0004000,0x00007f58f0104000] [id=4687]

siginfo: si_signo: 7 (SIGBUS), si_code: 2 (BUS_ADRERR), si_addr: 0x00007f590639a600

Registers:
RAX=0x00007f590639a600, RBX=0x0000000000000011, RCX=0x0000000000000000, RDX=0x0000000000000001
RSP=0x00007f58f01029b0, RBP=0x00007f58f01029c0, RSI=0x0000000000000000, RDI=0x0000000000000000
R8 =0x0000000000000000, R9 =0x0000000000000000, R10=0x0000000000000000, R11=0x0000000000000000
R12=0x00007f5907b5aa78, R13=0x00007f58f0102c60, R14=0x00007f5907b45be0, R15=0x0000000000000000
RIP=0x00007f5907505f8d, EFLAGS=0x0000000000010202, CSGSFS=0x002b000000000033, ERR=0x0000000000000006
  TRAPNO=0x000000000000000e

Top of Stack: (sp=0x00007f58f01029b0)
0x00007f58f01029b0:   00007f5907b45be0 0000000000000011
0x00007f58f01029c0:   00007f58f0102af0 00007f590750bf63
0x00007f58f01029d0:   0000000000000100 00007f5907b5aa78
0x00007f58f01029e0:   00007f58f0102b50 0000000000000000
0x00007f58f01029f0:   00000011004abae0 00007f5907b45be0
0x00007f58f0102a00:   00007f58f0102af0 00007f5906fd58f0
0x00007f58f0102a10:   00007f58f0102b00 0000003000000018
0x00007f58f0102a20:   00007f58f0102b00 00007f58f0102a30
0x00007f58f0102a30:   00007f5900122800 00007f5900008aa0
0x00007f58f0102a40:   00007f59076e9ed0 0000000000000000
0x00007f58f0102a50:   0000000000000000 0000000000000000
0x00007f58f0102a60:   00007f58f0102a80 00007f5900008aa0
0x00007f58f0102a70:   0000000000000000 0000000000000001
0x00007f58f0102a80:   00000000000003e8 00007f5900122800
0x00007f58f0102a90:   00007f58f0102af0 00007f590740aeea
0x00007f58f0102aa0:   00007f59076c2639 00007f5900389b50
0x00007f58f0102ab0:   00007f58f0102af0 00007f5900389b28
0x00007f58f0102ac0:   00007f5900008b20 0000000000000000
0x00007f58f0102ad0:   00007f5907b5aa78 00007f58f0102c60
0x00007f58f0102ae0:   00007f5907b45be0 0000000000000000
0x00007f58f0102af0:   00007f58f0102da0 00007f5907635927
0x00007f58f0102b00:   00007f58f0102b50 00007f58f0102b10
0x00007f58f0102b10:   00007f5900122800 00007f5900123060
0x00007f58f0102b20:   00007f59001230a0 00007f59001230b0
0x00007f58f0102b30:   00007f5900123188 00000000000000d8
0x00007f58f0102b40:   00007f5900123290 0000000000000000
0x00007f58f0102b50:   00007f58f0102b58 6e69747563657845
0x00007f58f0102b60:   65706f204d562067 203a6e6f69746172
0x00007f58f0102b70:   6942656b6f766552 00656e6f64007361
0x00007f58f0102b80:   697461636f6c6c41 00656e6f64206e6f
0x00007f58f0102b90:   00007f58f0100065 00007f5907464b08
0x00007f58f0102ba0:   0000000000000000 0000000000000009 

Instructions: (pc=0x00007f5907505f8d)
0x00007f5907505f6d:   05 06 26 61 00 48 c7 05 3b 98 65 00 00 00 00 00
0x00007f5907505f7d:   80 38 00 74 19 48 8b 05 5f 98 65 00 48 8b 40 28
0x00007f5907505f8d:   48 83 00 01 48 83 3d 67 98 65 00 00 75 0d 48 83
0x00007f5907505f9d:   c4 08 5b 5d c3 66 0f 1f 44 00 00 48 8b 1d 29 98 

Register to memory mapping:

RAX=0x00007f590639a600 is an unknown value
RBX=0x0000000000000011 is an unknown value
RCX=0x0000000000000000 is an unknown value
RDX=0x0000000000000001 is an unknown value
RSP=0x00007f58f01029b0 is an unknown value
RBP=0x00007f58f01029c0 is an unknown value
RSI=0x0000000000000000 is an unknown value
RDI=0x0000000000000000 is an unknown value
R8 =0x0000000000000000 is an unknown value
R9 =0x0000000000000000 is an unknown value
R10=0x0000000000000000 is an unknown value
R11=0x0000000000000000 is an unknown value
R12=0x00007f5907b5aa78: <offset 0x1115a78> in /nix/store/x26gyx3nb3kx580i4r9qg9q1iw45xbp9-graalvm8-ce/jre/lib/amd64/server/libjvm.so at 0x00007f5906a45000
R13=0x00007f58f0102c60 is an unknown value
R14=0x00007f5907b45be0: <offset 0x1100be0> in /nix/store/x26gyx3nb3kx580i4r9qg9q1iw45xbp9-graalvm8-ce/jre/lib/amd64/server/libjvm.so at 0x00007f5906a45000
R15=0x0000000000000000 is an unknown value


Stack: [0x00007f58f0004000,0x00007f58f0104000],  sp=0x00007f58f01029b0,  free space=1018k
Native frames: (J=compiled Java code, j=interpreted, Vv=VM code, C=native code)
V  [libjvm.so+0xac0f8d]  RuntimeService::record_safepoint_begin()+0x4d
V  [libjvm.so+0xac6f63]  SafepointSynchronize::begin()+0xd3
V  [libjvm.so+0xbf0927]  VMThread::loop()+0x377
V  [libjvm.so+0xbf0d5c]  VMThread::run()+0xac
V  [libjvm.so+0xa13d02]  java_start(Thread*)+0x102

VM_Operation (0x00007f58e14abae0): RevokeBias, mode: safepoint, requested by thread 0x00007f58907c5000


---------------  P R O C E S S  ---------------

Java Threads: ( => current thread )
  0x00007f58907c5000 JavaThread "process reaper" daemon [_thread_blocked, id=5019, stack(0x00007f58e1474000,0x00007f58e14ad000)]
  0x00007f58907dd000 JavaThread "pool-1-thread-1" [_thread_blocked, id=4793, stack(0x00007f58832ff000,0x00007f5883400000)]
  0x00007f58906b3000 JavaThread "File IO Thread" [_thread_blocked, id=4792, stack(0x00007f587beff000,0x00007f587c000000)]
  0x00007f589007d000 JavaThread "Listen thread" [_thread_in_native, id=4748, stack(0x00007f588beff000,0x00007f588c000000)]
  0x00007f5890004800 JavaThread "Thread-5" daemon [_thread_in_native, id=4734, stack(0x00007f589fcfd000,0x00007f589fdfe000)]
  0x00007f590000a000 JavaThread "DestroyJavaVM" [_thread_blocked, id=4679, stack(0x00007f5906804000,0x00007f5906904000)]
  0x00007f59003a3800 JavaThread "Server thread" [_thread_blocked, id=4733, stack(0x00007f589fdfe000,0x00007f589feff000)]
  0x00007f59003a2800 JavaThread "Thread-4" daemon [_thread_blocked, id=4732, stack(0x00007f589feff000,0x00007f58a0000000)]
  0x00007f590030d000 JavaThread "Snooper Timer" daemon [_thread_blocked, id=4715, stack(0x00007f58af8ff000,0x00007f58afa00000)]
  0x00007f58b4038000 JavaThread "Libgraal MBean Registration" daemon [_thread_blocked, id=4705, stack(0x00007f58e00cc000,0x00007f58e01cd000)]
  0x00007f59001d8000 JavaThread "CrashLoopDetector" daemon [_thread_blocked, id=4702, stack(0x00007f58e01cd000,0x00007f58e02ce000)]
  0x00007f5900174800 JavaThread "Service Thread" daemon [_thread_blocked, id=4698, stack(0x00007f58e3514000,0x00007f58e3615000)]
  0x00007f5900167800 JavaThread "C1 CompilerThread1" daemon [_thread_blocked, id=4696, stack(0x00007f58e3616000,0x00007f58e3816000)]
  0x00007f5900164800 JavaThread "JVMCI-native CompilerThread0" daemon [_thread_in_vm, id=4694, stack(0x00007f58e3817000,0x00007f58e3a17000)]
  0x00007f5900161800 JavaThread "Signal Dispatcher" daemon [_thread_blocked, id=4692, stack(0x00007f58e3a17000,0x00007f58e3b18000)]
  0x00007f590012f000 JavaThread "Finalizer" daemon [_thread_blocked, id=4691, stack(0x00007f58e3dfe000,0x00007f58e3eff000)]
  0x00007f590012a800 JavaThread "Reference Handler" daemon [_thread_blocked, id=4688, stack(0x00007f58e3eff000,0x00007f58e4000000)]

Other Threads:
=>0x00007f5900122800 VMThread [stack: 0x00007f58f0004000,0x00007f58f0104000] [id=4687]
  0x00007f590017a000 WatcherThread [stack: 0x00007f58e3414000,0x00007f58e3514000] [id=4701]

VM state:not at safepoint (normal execution)

VM Mutex/Monitor currently owned by a thread:  ([mutex/lock_event])
[0x00007f5900008a20] Threads_lock - owner thread: 0x00007f5900122800

heap address: 0x00000000e0000000, size: 512 MB, Compressed Oops mode: 32-bit
Narrow klass base: 0x0000000000000000, Narrow klass shift: 3
Compressed class space size: 1073741824 Address: 0x0000000100000000

Heap:
 PSYoungGen      total 140288K, used 92150K [0x00000000f5580000, 0x0000000100000000, 0x0000000100000000)
  eden space 103424K, 87% used [0x00000000f5580000,0x00000000fad6da28,0x00000000fba80000)
  from space 36864K, 5% used [0x00000000fdc00000,0x00000000fde10000,0x0000000100000000)
  to   space 34304K, 0% used [0x00000000fba80000,0x00000000fba80000,0x00000000fdc00000)
 ParOldGen       total 349696K, used 106444K [0x00000000e0000000, 0x00000000f5580000, 0x00000000f5580000)
  object space 349696K, 30% used [0x00000000e0000000,0x00000000e67f3248,0x00000000f5580000)
 Metaspace       used 27926K, capacity 28332K, committed 28800K, reserved 1075200K
  class space    used 3206K, capacity 3338K, committed 3456K, reserved 1048576K

Card table byte_map: [0x00007f5905cce000,0x00007f5905dcf000] byte_map_base: 0x00007f59055ce000

Marking Bits: (ParMarkBitMap*) 0x00007f5907b5f080
 Begin Bits: [0x00007f5904920000, 0x00007f5905120000)
 End Bits:   [0x00007f5905120000, 0x00007f5905920000)

Polling page: 0x00007f59063b6000

CodeCache: size=245760Kb used=10869Kb max_used=11655Kb free=234890Kb
 bounds [0x00007f58f1000000, 0x00007f58f1b90000, 0x00007f5900000000]
 total_blobs=3850 nmethods=3317 adapters=444
 compilation: enabled
              stopped_count=0, restarted_count=0

JVMCI Events (8 events):
Event: 0.214 Thread 0x00007f590000a000 created new JVMCI runtime 0 (0x00007f5900081950)
Event: 0.214 Thread 0x00007f590000a000 created new JVMCI runtime -1 (0x00007f590009c5c0)
Event: 0.825 Thread 0x00007f5900164800 loaded JVMCI shared library from /nix/store/x26gyx3nb3kx580i4r9qg9q1iw45xbp9-graalvm8-ce/jre/lib/amd64/libjvmcicompiler.so
Event: 1.108 Thread 0x00007f5900164800 created JavaVM[1]@0x00007f58e0f92798 for JVMCI runtime 0
Event: 1.442 Thread 0x00007f5900164800 initializing JVMCI runtime 0
Event: 1.506 Thread 0x00007f5900164800 initialized JVMCI runtime 0
Event: 2.718 Thread 0x00007f58b4001000 initializing JVMCI runtime -1
Event: 3.520 Thread 0x00007f58b4001000 initialized JVMCI runtime -1

Compilation events (10 events):
Event: 5744.750 Thread 0x00007f5900167800 5090       3       java.util.zip.GZIPOutputStream::finish (135 bytes)
Event: 5744.756 Thread 0x00007f5900167800 nmethod 5090 0x00007f58f1711d10 code [0x00007f58f1712020, 0x00007f58f1714158]
Event: 5744.756 Thread 0x00007f5900167800 5091       3       java.util.zip.GZIPOutputStream::writeTrailer (30 bytes)
Event: 5744.757 Thread 0x00007f5900167800 nmethod 5091 0x00007f58f140bf90 code [0x00007f58f140c180, 0x00007f58f140ca08]
Event: 5744.757 Thread 0x00007f5900167800 5092       3       java.util.zip.CRC32::getValue (10 bytes)
Event: 5744.757 Thread 0x00007f5900167800 nmethod 5092 0x00007f58f17a4890 code [0x00007f58f17a4a00, 0x00007f58f17a4b70]
Event: 5744.757 Thread 0x00007f5900167800 5093       3       java.util.zip.Deflater::getTotalIn (6 bytes)
Event: 5744.757 Thread 0x00007f5900167800 nmethod 5093 0x00007f58f1360810 code [0x00007f58f13609a0, 0x00007f58f1360d48]
Event: 5744.758 Thread 0x00007f5900167800 5094   !   3       java.util.zip.Deflater::getBytesRead (23 bytes)
Event: 5744.758 Thread 0x00007f5900167800 nmethod 5094 0x00007f58f140ce10 code [0x00007f58f140cf80, 0x00007f58f140d2a8]

GC Heap History (10 events):
Event: 4245.551 GC heap before
{Heap before GC invocations=23 (full 1):
 PSYoungGen      total 119808K, used 70432K [0x00000000f5580000, 0x0000000100000000, 0x0000000100000000)
  eden space 68608K, 100% used [0x00000000f5580000,0x00000000f9880000,0x00000000f9880000)
  from space 51200K, 3% used [0x00000000f9880000,0x00000000f9a48000,0x00000000fca80000)
  to   space 48128K, 0% used [0x00000000fd100000,0x00000000fd100000,0x0000000100000000)
 ParOldGen       total 349696K, used 106428K [0x00000000e0000000, 0x00000000f5580000, 0x00000000f5580000)
  object space 349696K, 30% used [0x00000000e0000000,0x00000000e67ef248,0x00000000f5580000)
 Metaspace       used 27888K, capacity 28332K, committed 28800K, reserved 1075200K
  class space    used 3206K, capacity 3338K, committed 3456K, reserved 1048576K
Event: 4245.559 GC heap after
Heap after GC invocations=23 (full 1):
 PSYoungGen      total 129536K, used 1280K [0x00000000f5580000, 0x0000000100000000, 0x0000000100000000)
  eden space 81408K, 0% used [0x00000000f5580000,0x00000000f5580000,0x00000000fa500000)
  from space 48128K, 2% used [0x00000000fd100000,0x00000000fd240000,0x0000000100000000)
  to   space 45056K, 0% used [0x00000000fa500000,0x00000000fa500000,0x00000000fd100000)
 ParOldGen       total 349696K, used 106428K [0x00000000e0000000, 0x00000000f5580000, 0x00000000f5580000)
  object space 349696K, 30% used [0x00000000e0000000,0x00000000e67ef248,0x00000000f5580000)
 Metaspace       used 27888K, capacity 28332K, committed 28800K, reserved 1075200K
  class space    used 3206K, capacity 3338K, committed 3456K, reserved 1048576K
}
Event: 4545.366 GC heap before
{Heap before GC invocations=24 (full 1):
 PSYoungGen      total 129536K, used 82688K [0x00000000f5580000, 0x0000000100000000, 0x0000000100000000)
  eden space 81408K, 100% used [0x00000000f5580000,0x00000000fa500000,0x00000000fa500000)
  from space 48128K, 2% used [0x00000000fd100000,0x00000000fd240000,0x0000000100000000)
  to   space 45056K, 0% used [0x00000000fa500000,0x00000000fa500000,0x00000000fd100000)
 ParOldGen       total 349696K, used 106428K [0x00000000e0000000, 0x00000000f5580000, 0x00000000f5580000)
  object space 349696K, 30% used [0x00000000e0000000,0x00000000e67ef248,0x00000000f5580000)
 Metaspace       used 27891K, capacity 28332K, committed 28800K, reserved 1075200K
  class space    used 3206K, capacity 3338K, committed 3456K, reserved 1048576K
Event: 4545.386 GC heap after
Heap after GC invocations=24 (full 1):
 PSYoungGen      total 126464K, used 2208K [0x00000000f5580000, 0x0000000100000000, 0x0000000100000000)
  eden space 81408K, 0% used [0x00000000f5580000,0x00000000f5580000,0x00000000fa500000)
  from space 45056K, 4% used [0x00000000fa500000,0x00000000fa728000,0x00000000fd100000)
  to   space 41984K, 0% used [0x00000000fd700000,0x00000000fd700000,0x0000000100000000)
 ParOldGen       total 349696K, used 106428K [0x00000000e0000000, 0x00000000f5580000, 0x00000000f5580000)
  object space 349696K, 30% used [0x00000000e0000000,0x00000000e67ef248,0x00000000f5580000)
 Metaspace       used 27891K, capacity 28332K, committed 28800K, reserved 1075200K
  class space    used 3206K, capacity 3338K, committed 3456K, reserved 1048576K
}
Event: 4844.749 GC heap before
{Heap before GC invocations=25 (full 1):
 PSYoungGen      total 126464K, used 83616K [0x00000000f5580000, 0x0000000100000000, 0x0000000100000000)
  eden space 81408K, 100% used [0x00000000f5580000,0x00000000fa500000,0x00000000fa500000)
  from space 45056K, 4% used [0x00000000fa500000,0x00000000fa728000,0x00000000fd100000)
  to   space 41984K, 0% used [0x00000000fd700000,0x00000000fd700000,0x0000000100000000)
 ParOldGen       total 349696K, used 106428K [0x00000000e0000000, 0x00000000f5580000, 0x00000000f5580000)
  object space 349696K, 30% used [0x00000000e0000000,0x00000000e67ef248,0x00000000f5580000)
 Metaspace       used 27910K, capacity 28332K, committed 28800K, reserved 1075200K
  class space    used 3206K, capacity 3338K, committed 3456K, reserved 1048576K
Event: 4844.764 GC heap after
Heap after GC invocations=25 (full 1):
 PSYoungGen      total 135168K, used 1088K [0x00000000f5580000, 0x0000000100000000, 0x0000000100000000)
  eden space 93184K, 0% used [0x00000000f5580000,0x00000000f5580000,0x00000000fb080000)
  from space 41984K, 2% used [0x00000000fd700000,0x00000000fd810000,0x0000000100000000)
  to   space 39424K, 0% used [0x00000000fb080000,0x00000000fb080000,0x00000000fd700000)
 ParOldGen       total 349696K, used 106436K [0x00000000e0000000, 0x00000000f5580000, 0x00000000f5580000)
  object space 349696K, 30% used [0x00000000e0000000,0x00000000e67f1248,0x00000000f5580000)
 Metaspace       used 27910K, capacity 28332K, committed 28800K, reserved 1075200K
  class space    used 3206K, capacity 3338K, committed 3456K, reserved 1048576K
}
Event: 5160.897 GC heap before
{Heap before GC invocations=26 (full 1):
 PSYoungGen      total 135168K, used 94272K [0x00000000f5580000, 0x0000000100000000, 0x0000000100000000)
  eden space 93184K, 100% used [0x00000000f5580000,0x00000000fb080000,0x00000000fb080000)
  from space 41984K, 2% used [0x00000000fd700000,0x00000000fd810000,0x0000000100000000)
  to   space 39424K, 0% used [0x00000000fb080000,0x00000000fb080000,0x00000000fd700000)
 ParOldGen       total 349696K, used 106436K [0x00000000e0000000, 0x00000000f5580000, 0x00000000f5580000)
  object space 349696K, 30% used [0x00000000e0000000,0x00000000e67f1248,0x00000000f5580000)
 Metaspace       used 27912K, capacity 28332K, committed 28800K, reserved 1075200K
  class space    used 3206K, capacity 3338K, committed 3456K, reserved 1048576K
Event: 5160.907 GC heap after
Heap after GC invocations=26 (full 1):
 PSYoungGen      total 132608K, used 320K [0x00000000f5580000, 0x0000000100000000, 0x0000000100000000)
  eden space 93184K, 0% used [0x00000000f5580000,0x00000000f5580000,0x00000000fb080000)
  from space 39424K, 0% used [0x00000000fb080000,0x00000000fb0d0000,0x00000000fd700000)
  to   space 36864K, 0% used [0x00000000fdc00000,0x00000000fdc00000,0x0000000100000000)
 ParOldGen       total 349696K, used 106436K [0x00000000e0000000, 0x00000000f5580000, 0x00000000f5580000)
  object space 349696K, 30% used [0x00000000e0000000,0x00000000e67f1248,0x00000000f5580000)
 Metaspace       used 27912K, capacity 28332K, committed 28800K, reserved 1075200K
  class space    used 3206K, capacity 3338K, committed 3456K, reserved 1048576K
}
Event: 5504.976 GC heap before
{Heap before GC invocations=27 (full 1):
 PSYoungGen      total 132608K, used 93504K [0x00000000f5580000, 0x0000000100000000, 0x0000000100000000)
  eden space 93184K, 100% used [0x00000000f5580000,0x00000000fb080000,0x00000000fb080000)
  from space 39424K, 0% used [0x00000000fb080000,0x00000000fb0d0000,0x00000000fd700000)
  to   space 36864K, 0% used [0x00000000fdc00000,0x00000000fdc00000,0x0000000100000000)
 ParOldGen       total 349696K, used 106436K [0x00000000e0000000, 0x00000000f5580000, 0x00000000f5580000)
  object space 349696K, 30% used [0x00000000e0000000,0x00000000e67f1248,0x00000000f5580000)
 Metaspace       used 27920K, capacity 28332K, committed 28800K, reserved 1075200K
  class space    used 3206K, capacity 3338K, committed 3456K, reserved 1048576K
Event: 5505.006 GC heap after
Heap after GC invocations=27 (full 1):
 PSYoungGen      total 140288K, used 2112K [0x00000000f5580000, 0x0000000100000000, 0x0000000100000000)
  eden space 103424K, 0% used [0x00000000f5580000,0x00000000f5580000,0x00000000fba80000)
  from space 36864K, 5% used [0x00000000fdc00000,0x00000000fde10000,0x0000000100000000)
  to   space 34304K, 0% used [0x00000000fba80000,0x00000000fba80000,0x00000000fdc00000)
 ParOldGen       total 349696K, used 106444K [0x00000000e0000000, 0x00000000f5580000, 0x00000000f5580000)
  object space 349696K, 30% used [0x00000000e0000000,0x00000000e67f3248,0x00000000f5580000)
 Metaspace       used 27920K, capacity 28332K, committed 28800K, reserved 1075200K
  class space    used 3206K, capacity 3338K, committed 3456K, reserved 1048576K
}

Class unloading (0 events):
No events

Deoptimization events (10 events):
Event: 2144.746 Thread 0x00007f59003a3800 Uncommon trap: reason=null_assert_or_unreached0 action=reinterpret pc=0x00007f58f17a4a8d method=net.minecraft.server.v1_5_R3.Chunk.a(Z)Z @ 0
Event: 2157.145 Thread 0x00007f59003a3800 Uncommon trap: reason=null_assert_or_unreached0 action=reinterpret pc=0x00007f58f13dad67 method=net.minecraft.server.v1_5_R3.BlockFluids.g(Lnet/minecraft/server/v1_5_R3/IBlockAccess;III)Lnet/minecraft/server/v1_5_R3/Vec3D; @ 265
Event: 3164.990 Thread 0x00007f59003a3800 Uncommon trap: reason=intrinsic_or_type_checked_inlining action=reinterpret pc=0x00007f58f1360c06 method=java.util.Arrays.copyOf([Ljava/lang/Object;ILjava/lang/Class;)[Ljava/lang/Object; @ 30
Event: 3481.699 Thread 0x00007f59003a3800 Uncommon trap: reason=null_assert_or_unreached0 action=reinterpret pc=0x00007f58f1a2d549 method=net.minecraft.server.v1_5_R3.WorldServer.doTick()V @ 0
Event: 3481.702 Thread 0x00007f59003a3800 Uncommon trap: reason=null_assert_or_unreached0 action=reinterpret pc=0x00007f58f141a18c method=net.minecraft.server.v1_5_R3.World.doTick()V @ 0
Event: 3481.702 Thread 0x00007f59003a3800 Uncommon trap: reason=null_assert_or_unreached0 action=reinterpret pc=0x00007f58f199f385 method=net.minecraft.server.v1_5_R3.WorldServer.o()V @ 0
Event: 3700.397 Thread 0x00007f59003a3800 Uncommon trap: reason=null_assert_or_unreached0 action=reinterpret pc=0x00007f58f181624d method=net.minecraft.server.v1_5_R3.EntityTrackerEntry.track(Ljava/util/List;)V @ 621
Event: 4000.545 Thread 0x00007f59003a3800 Uncommon trap: reason=null_assert_or_unreached0 action=reinterpret pc=0x00007f58f14058f9 method=net.minecraft.server.v1_5_R3.WorldData.setThunderDuration(I)V @ 5
Event: 4000.595 Thread 0x00007f59003a3800 Uncommon trap: reason=null_assert_or_unreached0 action=reinterpret pc=0x00007f58f17f1fa8 method=net.minecraft.server.v1_5_R3.WorldServer.o()V @ 0
Event: 4000.595 Thread 0x00007f59003a3800 Uncommon trap: reason=null_assert_or_unreached0 action=reinterpret pc=0x00007f58f1ad7d7f method=net.minecraft.server.v1_5_R3.World.o()V @ 0

Classes redefined (0 events):
No events

Internal exceptions (10 events):
Event: 2138.946 Thread 0x00007f588400c800 Exception <a 'java/lang/InterruptedException': sleep interrupted> (0x00000000f829bdc8) thrown at [/b/b/e/main/graal-jvmci-8/src/share/vm/prims/jvm.cpp, line 3364]
Event: 2138.995 Thread 0x00007f588400c800 Exception <a 'java/lang/InterruptedException': sleep interrupted> (0x00000000f829c020) thrown at [/b/b/e/main/graal-jvmci-8/src/share/vm/prims/jvm.cpp, line 3364]
Event: 2139.045 Thread 0x00007f588400f000 Exception <a 'java/net/SocketTimeoutException': Read timed out> (0x00000000f8521280) thrown at [/b/b/e/main/graal-jvmci-8/src/share/vm/prims/jni.cpp, line 742]
Event: 2139.047 Thread 0x00007f588400c800 Exception <a 'java/lang/InterruptedException': sleep interrupted> (0x00000000f829c298) thrown at [/b/b/e/main/graal-jvmci-8/src/share/vm/prims/jvm.cpp, line 3364]
Event: 2139.047 Thread 0x00007f588400c800 Exception <a 'java/lang/InterruptedException': sleep interrupted> (0x00000000f829c510) thrown at [/b/b/e/main/graal-jvmci-8/src/share/vm/prims/jvm.cpp, line 3317]
Event: 2139.067 Thread 0x00007f588400f000 Exception <a 'java/lang/InterruptedException'> (0x00000000f8528ba0) thrown at [/b/b/e/main/graal-jvmci-8/src/share/vm/runtime/objectMonitor.cpp, line 1503]
Event: 2747.109 Thread 0x00007f590030d000 Exception <a 'java/net/UnknownHostException'> (0x00000000f55e5a68) thrown at [/b/b/e/main/graal-jvmci-8/src/share/vm/prims/jni.cpp, line 715]
Event: 3647.015 Thread 0x00007f590030d000 Exception <a 'java/net/UnknownHostException'> (0x00000000f73713f0) thrown at [/b/b/e/main/graal-jvmci-8/src/share/vm/prims/jni.cpp, line 715]
Event: 4547.022 Thread 0x00007f590030d000 Exception <a 'java/net/UnknownHostException'> (0x00000000f5b02348) thrown at [/b/b/e/main/graal-jvmci-8/src/share/vm/prims/jni.cpp, line 715]
Event: 5447.016 Thread 0x00007f590030d000 Exception <a 'java/net/UnknownHostException'> (0x00000000fa5f1598) thrown at [/b/b/e/main/graal-jvmci-8/src/share/vm/prims/jni.cpp, line 715]

Events (10 events):
Event: 5744.758 Thread 0x00007f5900167800 flushing nmethod 0x00007f58f14c1950
Event: 5744.763 Executing VM operation: RevokeBias
Event: 5744.763 Executing VM operation: RevokeBias done
Event: 5744.764 Executing VM operation: RevokeBias
Event: 5744.764 Executing VM operation: RevokeBias done
Event: 5744.764 Executing VM operation: RevokeBias
Event: 5744.764 Executing VM operation: RevokeBias done
Event: 5744.764 Executing VM operation: RevokeBias
Event: 5744.764 Executing VM operation: RevokeBias done
Event: 5804.767 Executing VM operation: RevokeBias


Dynamic libraries:
e0000000-100360000 rw-p 00000000 00:00 0 
100360000-140000000 ---p 00000000 00:00 0 
5601a0a00000-5601a0a01000 r-xp 00000000 00:112c 181159222                /nix/store/x26gyx3nb3kx580i4r9qg9q1iw45xbp9-graalvm8-ce/bin/.java-wrapped
5601a0c00000-5601a0c01000 r--p 00000000 00:112c 181159222                /nix/store/x26gyx3nb3kx580i4r9qg9q1iw45xbp9-graalvm8-ce/bin/.java-wrapped
5601a0c01000-5601a0c02000 rw-p 00001000 00:112c 181159222                /nix/store/x26gyx3nb3kx580i4r9qg9q1iw45xbp9-graalvm8-ce/bin/.java-wrapped
5601a0c02000-5601a0c03000 rw-p 00003000 00:112c 181159222                /nix/store/x26gyx3nb3kx580i4r9qg9q1iw45xbp9-graalvm8-ce/bin/.java-wrapped
5601a0c03000-5601a0c04000 rw-p 00004000 00:112c 181159222                /nix/store/x26gyx3nb3kx580i4r9qg9q1iw45xbp9-graalvm8-ce/bin/.java-wrapped
5601a1c74000-5601a1c95000 rw-p 00000000 00:00 0                          [heap]
7f5860000000-7f5860021000 rw-p 00000000 00:00 0 
7f5860021000-7f5864000000 ---p 00000000 00:00 0 
7f5868000000-7f5868087000 rw-p 00000000 00:00 0 
7f5868087000-7f586c000000 ---p 00000000 00:00 0 
7f586f700000-7f586f800000 rw-p 00000000 00:00 0 
7f586f8ff000-7f586f902000 ---p 00000000 00:00 0 
7f586f902000-7f586fb00000 rw-p 00000000 00:00 0 
7f586fbfe000-7f586fcbe000 rw-p 00000000 00:00 0 
7f586fcbe000-7f586fe01000 ---p 00000000 00:00 0 
7f586fe01000-7f586feff000 rw-p 00000000 00:00 0 
7f586feff000-7f586ff02000 ---p 00000000 00:00 0 
7f586ff02000-7f5870100000 rw-p 00000000 00:00 0 
7f5870200000-7f5870300000 rw-p 00000000 00:00 0 
7f5870400000-7f5870500000 rw-p 00000000 00:00 0 
7f5870600000-7f5870700000 rw-p 00000000 00:00 0 
7f5870800000-7f5870900000 rw-p 00000000 00:00 0 
7f5870a00000-7f5870b00000 rw-p 00000000 00:00 0 
7f5870bf3000-7f5870bfc000 r-xp 00000000 00:112c 182078940                /nix/store/x26gyx3nb3kx580i4r9qg9q1iw45xbp9-graalvm8-ce/jre/lib/amd64/libmanagement.so
7f5870bfc000-7f5870dfb000 ---p 00009000 00:112c 182078940                /nix/store/x26gyx3nb3kx580i4r9qg9q1iw45xbp9-graalvm8-ce/jre/lib/amd64/libmanagement.so
7f5870dfb000-7f5870dfc000 r--p 00008000 00:112c 182078940                /nix/store/x26gyx3nb3kx580i4r9qg9q1iw45xbp9-graalvm8-ce/jre/lib/amd64/libmanagement.so
7f5870dfc000-7f5870dfd000 rw-p 00009000 00:112c 182078940                /nix/store/x26gyx3nb3kx580i4r9qg9q1iw45xbp9-graalvm8-ce/jre/lib/amd64/libmanagement.so
7f5870dfd000-7f5870e00000 rw-p 0000d000 00:112c 182078940                /nix/store/x26gyx3nb3kx580i4r9qg9q1iw45xbp9-graalvm8-ce/jre/lib/amd64/libmanagement.so
7f5870e00000-7f5870f00000 rw-p 00000000 00:00 0 
7f5871000000-7f5871100000 rw-p 00000000 00:00 0 
7f5871200000-7f58713c0000 rw-p 00000000 00:00 0 
7f58713c0000-7f58715c0000 rw-p 00000000 00:00 0 
7f58715c0000-7f58717c0000 rw-p 00000000 00:00 0 
7f58717c0000-7f5871900000 rw-p 00000000 00:00 0 
7f5871a00000-7f5871b00000 rw-p 00000000 00:00 0 
7f5871c00000-7f5871d00000 rw-p 00000000 00:00 0 
7f5871e00000-7f5871f00000 rw-p 00000000 00:00 0 
7f5872000000-7f5872100000 rw-p 00000000 00:00 0 
7f5872200000-7f58723c0000 rw-p 00000000 00:00 0 
7f58723c0000-7f5872500000 rw-p 00000000 00:00 0 
7f5872600000-7f5872700000 rw-p 00000000 00:00 0 
7f5872800000-7f5872900000 rw-p 00000000 00:00 0 
7f5872a00000-7f5872b00000 rw-p 00000000 00:00 0 
7f5872c00000-7f5872d00000 rw-p 00000000 00:00 0 
7f5872e00000-7f5872f00000 rw-p 00000000 00:00 0 
7f5873000000-7f5873100000 rw-p 00000000 00:00 0 
7f5873200000-7f5873300000 rw-p 00000000 00:00 0 
7f5873400000-7f5873500000 rw-p 00000000 00:00 0 
7f5873600000-7f5873700000 rw-p 00000000 00:00 0 
7f5873800000-7f5873900000 rw-p 00000000 00:00 0 
7f5873a00000-7f5873b00000 rw-p 00000000 00:00 0 
7f5873c00000-7f5873d00000 rw-p 00000000 00:00 0 
7f5873e00000-7f5873f00000 rw-p 00000000 00:00 0 
7f5874000000-7f5874056000 rw-p 00000000 00:00 0 
7f5874056000-7f5878000000 ---p 00000000 00:00 0 
7f5878100000-7f5878200000 rw-p 00000000 00:00 0 
7f5878300000-7f5878400000 rw-p 00000000 00:00 0 
7f5878500000-7f5878600000 rw-p 00000000 00:00 0 
7f5878700000-7f5878800000 rw-p 00000000 00:00 0 
7f5878900000-7f5878a00000 rw-p 00000000 00:00 0 
7f5878b00000-7f5878c00000 rw-p 00000000 00:00 0 
7f5878d00000-7f5878e00000 rw-p 00000000 00:00 0 
7f5878f00000-7f5879000000 rw-p 00000000 00:00 0 
7f5879100000-7f5879200000 rw-p 00000000 00:00 0 
7f5879300000-7f5879400000 rw-p 00000000 00:00 0 
7f5879500000-7f5879600000 rw-p 00000000 00:00 0 
7f5879700000-7f5879800000 rw-p 00000000 00:00 0 
7f5879900000-7f5879a00000 rw-p 00000000 00:00 0 
7f5879b00000-7f5879c00000 rw-p 00000000 00:00 0 
7f5879d00000-7f5879e00000 rw-p 00000000 00:00 0 
7f5879f00000-7f587a000000 rw-p 00000000 00:00 0 
7f587a100000-7f587a200000 rw-p 00000000 00:00 0 
7f587a300000-7f587a400000 rw-p 00000000 00:00 0 
7f587a500000-7f587a600000 rw-p 00000000 00:00 0 
7f587a700000-7f587a800000 rw-p 00000000 00:00 0 
7f587a900000-7f587aa00000 rw-p 00000000 00:00 0 
7f587ab00000-7f587ac00000 rw-p 00000000 00:00 0 
7f587ad00000-7f587ae00000 rw-p 00000000 00:00 0 
7f587af00000-7f587b000000 rw-p 00000000 00:00 0 
7f587b100000-7f587b200000 rw-p 00000000 00:00 0 
7f587b300000-7f587b400000 rw-p 00000000 00:00 0 
7f587b500000-7f587b600000 rw-p 00000000 00:00 0 
7f587b700000-7f587b800000 rw-p 00000000 00:00 0 
7f587b900000-7f587ba00000 rw-p 00000000 00:00 0 
7f587bb00000-7f587bc00000 rw-p 00000000 00:00 0 
7f587bd00000-7f587be00000 rw-p 00000000 00:00 0 
7f587beff000-7f587bf02000 ---p 00000000 00:00 0 
7f587bf02000-7f587c000000 rw-p 00000000 00:00 0 
7f587c000000-7f587c078000 rw-p 00000000 00:00 0 
7f587c078000-7f5880000000 ---p 00000000 00:00 0 
7f5880100000-7f5880200000 rw-p 00000000 00:00 0 
7f5880300000-7f58804c0000 rw-p 00000000 00:00 0 
7f58804c0000-7f5880600000 rw-p 00000000 00:00 0 
7f5880700000-7f5880800000 rw-p 00000000 00:00 0 
7f5880900000-7f5880a00000 rw-p 00000000 00:00 0 
7f5880b00000-7f5880c00000 rw-p 00000000 00:00 0 
7f5880d00000-7f5880e00000 rw-p 00000000 00:00 0 
7f5880f00000-7f5881000000 rw-p 00000000 00:00 0 
7f5881100000-7f5881200000 rw-p 00000000 00:00 0 
7f5881300000-7f5881400000 rw-p 00000000 00:00 0 
7f5881500000-7f5881600000 rw-p 00000000 00:00 0 
7f5881700000-7f5881800000 rw-p 00000000 00:00 0 
7f5881900000-7f5881a00000 rw-p 00000000 00:00 0 
7f5881b00000-7f5881c00000 rw-p 00000000 00:00 0 
7f5881d00000-7f5881e00000 rw-p 00000000 00:00 0 
7f5881f00000-7f5882000000 rw-p 00000000 00:00 0 
7f5882100000-7f5882200000 rw-p 00000000 00:00 0 
7f5882300000-7f5882400000 rw-p 00000000 00:00 0 
7f5882500000-7f5882600000 rw-p 00000000 00:00 0 
7f5882700000-7f5882800000 rw-p 00000000 00:00 0 
7f5882900000-7f5882a00000 rw-p 00000000 00:00 0 
7f5882b00000-7f5882c00000 rw-p 00000000 00:00 0 
7f5882d00000-7f5882e00000 rw-p 00000000 00:00 0 
7f5882f00000-7f5883000000 rw-p 00000000 00:00 0 
7f5883100000-7f5883200000 rw-p 00000000 00:00 0 
7f58832ff000-7f5883302000 ---p 00000000 00:00 0 
7f5883302000-7f5883500000 rw-p 00000000 00:00 0 
7f5883600000-7f5883700000 rw-p 00000000 00:00 0 
7f5883800000-7f5883900000 rw-p 00000000 00:00 0 
7f5883a00000-7f5883b00000 rw-p 00000000 00:00 0 
7f5883c00000-7f5883d00000 rw-p 00000000 00:00 0 
7f5883e00000-7f5883f00000 rw-p 00000000 00:00 0 
7f5884000000-7f5884021000 rw-p 00000000 00:00 0 
7f5884021000-7f5888000000 ---p 00000000 00:00 0 
7f5888100000-7f5888200000 rw-p 00000000 00:00 0 
7f5888300000-7f5888400000 rw-p 00000000 00:00 0 
7f5888500000-7f5888600000 rw-p 00000000 00:00 0 
7f5888700000-7f5888800000 rw-p 00000000 00:00 0 
7f5888900000-7f5888a00000 rw-p 00000000 00:00 0 
7f5888b00000-7f5888c00000 rw-p 00000000 00:00 0 
7f5888d00000-7f5888e00000 rw-p 00000000 00:00 0 
7f5888f00000-7f5889000000 rw-p 00000000 00:00 0 
7f5889100000-7f5889200000 rw-p 00000000 00:00 0 
7f5889300000-7f5889400000 rw-p 00000000 00:00 0 
7f5889500000-7f5889600000 rw-p 00000000 00:00 0 
7f5889700000-7f5889800000 rw-p 00000000 00:00 0 
7f5889900000-7f5889a00000 rw-p 00000000 00:00 0 
7f5889b00000-7f5889c00000 rw-p 00000000 00:00 0 
7f5889d00000-7f5889e00000 rw-p 00000000 00:00 0 
7f5889f00000-7f588a000000 rw-p 00000000 00:00 0 
7f588a100000-7f588a2c0000 rw-p 00000000 00:00 0 
7f588a2c0000-7f588a400000 rw-p 00000000 00:00 0 
7f588a500000-7f588a600000 rw-p 00000000 00:00 0 
7f588a700000-7f588a800000 rw-p 00000000 00:00 0 
7f588a900000-7f588aa00000 rw-p 00000000 00:00 0 
7f588ab00000-7f588ac00000 rw-p 00000000 00:00 0 
7f588ad00000-7f588ae00000 rw-p 00000000 00:00 0 
7f588af00000-7f588b000000 rw-p 00000000 00:00 0 
7f588b100000-7f588b200000 rw-p 00000000 00:00 0 
7f588b300000-7f588b400000 rw-p 00000000 00:00 0 
7f588b500000-7f588b600000 rw-p 00000000 00:00 0 
7f588b700000-7f588b800000 rw-p 00000000 00:00 0 
7f588b900000-7f588ba00000 rw-p 00000000 00:00 0 
7f588bb00000-7f588bc00000 rw-p 00000000 00:00 0 
7f588bd00000-7f588be00000 rw-p 00000000 00:00 0 
7f588beff000-7f588bf02000 ---p 00000000 00:00 0 
7f588bf02000-7f588c100000 rw-p 00000000 00:00 0 
7f588c200000-7f588c300000 rw-p 00000000 00:00 0 
7f588c400000-7f588c500000 rw-p 00000000 00:00 0 
7f588c600000-7f588c700000 rw-p 00000000 00:00 0 
7f588c800000-7f588c900000 rw-p 00000000 00:00 0 
7f588ca00000-7f588cb00000 rw-p 00000000 00:00 0 
7f588cc00000-7f588cd00000 rw-p 00000000 00:00 0 
7f588ce00000-7f588cf00000 rw-p 00000000 00:00 0 
7f588d000000-7f588d100000 rw-p 00000000 00:00 0 
7f588d200000-7f588d300000 rw-p 00000000 00:00 0 
7f588d400000-7f588d500000 rw-p 00000000 00:00 0 
7f588d600000-7f588d700000 rw-p 00000000 00:00 0 
7f588d800000-7f588d900000 rw-p 00000000 00:00 0 
7f588da00000-7f588db00000 rw-p 00000000 00:00 0 
7f588dc00000-7f588dd00000 rw-p 00000000 00:00 0 
7f588de00000-7f588df00000 rw-p 00000000 00:00 0 
7f588e000000-7f588e100000 rw-p 00000000 00:00 0 
7f588e200000-7f588e300000 rw-p 00000000 00:00 0 
7f588e400000-7f588e500000 rw-p 00000000 00:00 0 
7f588e600000-7f588e700000 rw-p 00000000 00:00 0 
7f588e800000-7f588e900000 rw-p 00000000 00:00 0 
7f588ea00000-7f588eb00000 rw-p 00000000 00:00 0 
7f588ec00000-7f588ed00000 rw-p 00000000 00:00 0 
7f588ee00000-7f588ef00000 rw-p 00000000 00:00 0 
7f588f000000-7f588f100000 rw-p 00000000 00:00 0 
7f588f200000-7f588f300000 rw-p 00000000 00:00 0 
7f588f400000-7f588f500000 rw-p 00000000 00:00 0 
7f588f600000-7f588f700000 rw-p 00000000 00:00 0 
7f588f800000-7f588f900000 rw-p 00000000 00:00 0 
7f588fa00000-7f588fb00000 rw-p 00000000 00:00 0 
7f588fc00000-7f588fd00000 rw-p 00000000 00:00 0 
7f588fe00000-7f588ff00000 rw-p 00000000 00:00 0 
7f5890000000-7f5892078000 rw-p 00000000 00:00 0 
7f5892078000-7f5894000000 ---p 00000000 00:00 0 
7f5894000000-7f5894021000 rw-p 00000000 00:00 0 
7f5894021000-7f5898000000 ---p 00000000 00:00 0 
7f5898000000-7f5898021000 rw-p 00000000 00:00 0 
7f5898021000-7f589c000000 ---p 00000000 00:00 0 
7f589c100000-7f589c200000 rw-p 00000000 00:00 0 
7f589c300000-7f589c400000 rw-p 00000000 00:00 0 
7f589c500000-7f589c600000 rw-p 00000000 00:00 0 
7f589c700000-7f589c800000 rw-p 00000000 00:00 0 
7f589c900000-7f589ca00000 rw-p 00000000 00:00 0 
7f589cb00000-7f589cc00000 rw-p 00000000 00:00 0 
7f589cd00000-7f589ce00000 rw-p 00000000 00:00 0 
7f589cf00000-7f589d000000 rw-p 00000000 00:00 0 
7f589d100000-7f589d200000 rw-p 00000000 00:00 0 
7f589d300000-7f589d400000 rw-p 00000000 00:00 0 
7f589d500000-7f589d600000 rw-p 00000000 00:00 0 
7f589d700000-7f589d800000 rw-p 00000000 00:00 0 
7f589d900000-7f589da00000 rw-p 00000000 00:00 0 
7f589db00000-7f589dc00000 rw-p 00000000 00:00 0 
7f589dd00000-7f589de00000 rw-p 00000000 00:00 0 
7f589df00000-7f589e000000 rw-p 00000000 00:00 0 
7f589e100000-7f589e200000 rw-p 00000000 00:00 0 
7f589e300000-7f589e4c0000 rw-p 00000000 00:00 0 
7f589e4c0000-7f589e600000 rw-p 00000000 00:00 0 
7f589e700000-7f589e800000 rw-p 00000000 00:00 0 
7f589e900000-7f589ea00000 rw-p 00000000 00:00 0 
7f589eb00000-7f589ec00000 rw-p 00000000 00:00 0 
7f589ed00000-7f589ee00000 rw-p 00000000 00:00 0 
7f589ef00000-7f589f000000 rw-p 00000000 00:00 0 
7f589f100000-7f589f200000 rw-p 00000000 00:00 0 
7f589f300000-7f589f400000 rw-p 00000000 00:00 0 
7f589f4b8000-7f589f4ea000 r-xp 00000000 00:112c 182079299                /nix/store/x26gyx3nb3kx580i4r9qg9q1iw45xbp9-graalvm8-ce/jre/lib/amd64/libsunec.so
7f589f4ea000-7f589f6e9000 ---p 00032000 00:112c 182079299                /nix/store/x26gyx3nb3kx580i4r9qg9q1iw45xbp9-graalvm8-ce/jre/lib/amd64/libsunec.so
7f589f6e9000-7f589f6ee000 r--p 00031000 00:112c 182079299                /nix/store/x26gyx3nb3kx580i4r9qg9q1iw45xbp9-graalvm8-ce/jre/lib/amd64/libsunec.so
7f589f6ee000-7f589f6f0000 rw-p 00036000 00:112c 182079299                /nix/store/x26gyx3nb3kx580i4r9qg9q1iw45xbp9-graalvm8-ce/jre/lib/amd64/libsunec.so
7f589f6f0000-7f589f800000 rw-p 00000000 00:00 0 
7f589f900000-7f589fa00000 rw-p 00000000 00:00 0 
7f589fb00000-7f589fc00000 rw-p 00000000 00:00 0 
7f589fcfd000-7f589fd00000 ---p 00000000 00:00 0 
7f589fd00000-7f589fdfe000 rw-p 00000000 00:00 0 
7f589fdfe000-7f589fe01000 ---p 00000000 00:00 0 
7f589fe01000-7f589feff000 rw-p 00000000 00:00 0 
7f589feff000-7f589ff02000 ---p 00000000 00:00 0 
7f589ff02000-7f58a0000000 rw-p 00000000 00:00 0 
7f58a0000000-7f58a0021000 rw-p 00000000 00:00 0 
7f58a0021000-7f58a4000000 ---p 00000000 00:00 0 
7f58a4000000-7f58a4021000 rw-p 00000000 00:00 0 
7f58a4021000-7f58a8000000 ---p 00000000 00:00 0 
7f58a8000000-7f58a8021000 rw-p 00000000 00:00 0 
7f58a8021000-7f58ac000000 ---p 00000000 00:00 0 
7f58ac100000-7f58ac200000 rw-p 00000000 00:00 0 
7f58ac300000-7f58ac400000 rw-p 00000000 00:00 0 
7f58ac500000-7f58ac600000 rw-p 00000000 00:00 0 
7f58ac700000-7f58ac800000 rw-p 00000000 00:00 0 
7f58ac900000-7f58aca00000 rw-p 00000000 00:00 0 
7f58acb00000-7f58acc00000 rw-p 00000000 00:00 0 
7f58acd00000-7f58ace00000 rw-p 00000000 00:00 0 
7f58acf00000-7f58ad000000 rw-p 00000000 00:00 0 
7f58ad100000-7f58ad200000 rw-p 00000000 00:00 0 
7f58ad300000-7f58ad400000 rw-p 00000000 00:00 0 
7f58ad500000-7f58ad600000 rw-p 00000000 00:00 0 
7f58ad700000-7f58ad800000 rw-p 00000000 00:00 0 
7f58ad900000-7f58ada00000 rw-p 00000000 00:00 0 
7f58adb00000-7f58adc00000 rw-p 00000000 00:00 0 
7f58add00000-7f58ade00000 rw-p 00000000 00:00 0 
7f58adf00000-7f58ae000000 rw-p 00000000 00:00 0 
7f58ae100000-7f58ae200000 rw-p 00000000 00:00 0 
7f58ae300000-7f58ae400000 rw-p 00000000 00:00 0 
7f58ae500000-7f58ae600000 rw-p 00000000 00:00 0 
7f58ae700000-7f58ae8c0000 rw-p 00000000 00:00 0 
7f58ae8c0000-7f58aea00000 rw-p 00000000 00:00 0 
7f58aeb00000-7f58aec00000 rw-p 00000000 00:00 0 
7f58aed00000-7f58aee00000 rw-p 00000000 00:00 0 
7f58aef00000-7f58af000000 rw-p 00000000 00:00 0 
7f58af100000-7f58af200000 rw-p 00000000 00:00 0 
7f58af300000-7f58af400000 rw-p 00000000 00:00 0 
7f58af500000-7f58af600000 rw-p 00000000 00:00 0 
7f58af700000-7f58af800000 rw-p 00000000 00:00 0 
7f58af8ff000-7f58af902000 ---p 00000000 00:00 0 
7f58af902000-7f58afb00000 rw-p 00000000 00:00 0 
7f58afc00000-7f58afd00000 rw-p 00000000 00:00 0 
7f58afe00000-7f58aff00000 rw-p 00000000 00:00 0 
7f58b0000000-7f58b0100000 rw-p 00000000 00:00 0 
7f58b0200000-7f58b0300000 rw-p 00000000 00:00 0 
7f58b0400000-7f58b0500000 rw-p 00000000 00:00 0 
7f58b0600000-7f58b0700000 rw-p 00000000 00:00 0 
7f58b0800000-7f58b0900000 rw-p 00000000 00:00 0 
7f58b0a00000-7f58b0b00000 rw-p 00000000 00:00 0 
7f58b0c00000-7f58b0d00000 rw-p 00000000 00:00 0 
7f58b0e00000-7f58b0f00000 rw-p 00000000 00:00 0 
7f58b1000000-7f58b1100000 rw-p 00000000 00:00 0 
7f58b1200000-7f58b1300000 rw-p 00000000 00:00 0 
7f58b1400000-7f58b1500000 rw-p 00000000 00:00 0 
7f58b1600000-7f58b1700000 rw-p 00000000 00:00 0 
7f58b1800000-7f58b1900000 rw-p 00000000 00:00 0 
7f58b1a00000-7f58b1b00000 rw-p 00000000 00:00 0 
7f58b1c00000-7f58b1d00000 rw-p 00000000 00:00 0 
7f58b1e00000-7f58b1f00000 rw-p 00000000 00:00 0 
7f58b2000000-7f58b2100000 rw-p 00000000 00:00 0 
7f58b2200000-7f58b2300000 rw-p 00000000 00:00 0 
7f58b2400000-7f58b2500000 rw-p 00000000 00:00 0 
7f58b2600000-7f58b2700000 rw-p 00000000 00:00 0 
7f58b2800000-7f58b2900000 rw-p 00000000 00:00 0 
7f58b2a00000-7f58b2b00000 rw-p 00000000 00:00 0 
7f58b2c00000-7f58b2d00000 rw-p 00000000 00:00 0 
7f58b2e00000-7f58b2f00000 rw-p 00000000 00:00 0 
7f58b3000000-7f58b3100000 rw-p 00000000 00:00 0 
7f58b3200000-7f58b3300000 rw-p 00000000 00:00 0 
7f58b3400000-7f58b3500000 rw-p 00000000 00:00 0 
7f58b3600000-7f58b3700000 rw-p 00000000 00:00 0 
7f58b3800000-7f58b3900000 rw-p 00000000 00:00 0 
7f58b3a00000-7f58b3b00000 rw-p 00000000 00:00 0 
7f58b3c00000-7f58b3d00000 rw-p 00000000 00:00 0 
7f58b3e00000-7f58b3f00000 rw-p 00000000 00:00 0 
7f58b4000000-7f58b4055000 rw-p 00000000 00:00 0 
7f58b4055000-7f58b8000000 ---p 00000000 00:00 0 
7f58b8000000-7f58b8376000 rw-p 00000000 00:00 0 
7f58b8376000-7f58bc000000 ---p 00000000 00:00 0 
7f58bc000000-7f58bc100000 rw-p 00000000 00:00 0 
7f58bc200000-7f58bc300000 rw-p 00000000 00:00 0 
7f58bc400000-7f58bc500000 rw-p 00000000 00:00 0 
7f58bc600000-7f58bc700000 rw-p 00000000 00:00 0 
7f58bc800000-7f58bc900000 rw-p 00000000 00:00 0 
7f58bca00000-7f58bcb00000 rw-p 00000000 00:00 0 
7f58bcc00000-7f58bcd00000 rw-p 00000000 00:00 0 
7f58bce00000-7f58bcf00000 rw-p 00000000 00:00 0 
7f58bd000000-7f58bd100000 rw-p 00000000 00:00 0 
7f58bd200000-7f58bd300000 rw-p 00000000 00:00 0 
7f58bd400000-7f58bd500000 rw-p 00000000 00:00 0 
7f58bd600000-7f58bd700000 rw-p 00000000 00:00 0 
7f58bd800000-7f58bd900000 rw-p 00000000 00:00 0 
7f58bda00000-7f58bdb00000 rw-p 00000000 00:00 0 
7f58bdc00000-7f58bdd00000 rw-p 00000000 00:00 0 
7f58bde00000-7f58bdf00000 rw-p 00000000 00:00 0 
7f58be000000-7f58be100000 rw-p 00000000 00:00 0 
7f58be200000-7f58be300000 rw-p 00000000 00:00 0 
7f58be400000-7f58be500000 rw-p 00000000 00:00 0 
7f58be600000-7f58be700000 rw-p 00000000 00:00 0 
7f58be800000-7f58be900000 rw-p 00000000 00:00 0 
7f58bea00000-7f58beb00000 rw-p 00000000 00:00 0 
7f58bec00000-7f58bed00000 rw-p 00000000 00:00 0 
7f58bee00000-7f58bef00000 rw-p 00000000 00:00 0 
7f58bf000000-7f58bf100000 rw-p 00000000 00:00 0 
7f58bf200000-7f58bf300000 rw-p 00000000 00:00 0 
7f58bf3ff000-7f58bf400000 ---p 00000000 00:00 0 
7f58bf400000-7f58bf403000 ---p 00000000 00:00 0 
7f58bf403000-7f58bfd00000 rw-p 00000000 00:00 0 
7f58bfe00000-7f58bff00000 rw-p 00000000 00:00 0 
7f58c0000000-7f58c0021000 rw-p 00000000 00:00 0 
7f58c0021000-7f58c4000000 ---p 00000000 00:00 0 
7f58c4000000-7f58c4021000 rw-p 00000000 00:00 0 
7f58c4021000-7f58c8000000 ---p 00000000 00:00 0 
7f58c8000000-7f58c813d000 rw-p 00000000 00:00 0 
7f58c813d000-7f58cc000000 ---p 00000000 00:00 0 
7f58cc000000-7f58cc6cb000 rw-p 00000000 00:00 0 
7f58cc6cb000-7f58d0000000 ---p 00000000 00:00 0 
7f58d0000000-7f58d0021000 rw-p 00000000 00:00 0 
7f58d0021000-7f58d4000000 ---p 00000000 00:00 0 
7f58d4000000-7f58d4021000 rw-p 00000000 00:00 0 
7f58d4021000-7f58d8000000 ---p 00000000 00:00 0 
7f58d8000000-7f58d8021000 rw-p 00000000 00:00 0 
7f58d8021000-7f58dc000000 ---p 00000000 00:00 0 
7f58dc000000-7f58dc2fc000 rw-p 00000000 00:00 0 
7f58dc2fc000-7f58e0000000 ---p 00000000 00:00 0 
7f58e0087000-7f58e009a000 r--s 0034b000 00:112c 182079349                /nix/store/x26gyx3nb3kx580i4r9qg9q1iw45xbp9-graalvm8-ce/jre/lib/resources.jar
7f58e009a000-7f58e009e000 r--p 00000000 00:112c 265949937                /nix/store/9bh3986bpragfjmr32gay8p95k91q4gy-glibc-2.33-47/lib/libresolv-2.33.so
7f58e009e000-7f58e00aa000 r-xp 00004000 00:112c 265949937                /nix/store/9bh3986bpragfjmr32gay8p95k91q4gy-glibc-2.33-47/lib/libresolv-2.33.so
7f58e00aa000-7f58e00ad000 r--p 00010000 00:112c 265949937                /nix/store/9bh3986bpragfjmr32gay8p95k91q4gy-glibc-2.33-47/lib/libresolv-2.33.so
7f58e00ad000-7f58e00ae000 ---p 00013000 00:112c 265949937                /nix/store/9bh3986bpragfjmr32gay8p95k91q4gy-glibc-2.33-47/lib/libresolv-2.33.so
7f58e00ae000-7f58e00af000 r--p 00013000 00:112c 265949937                /nix/store/9bh3986bpragfjmr32gay8p95k91q4gy-glibc-2.33-47/lib/libresolv-2.33.so
7f58e00af000-7f58e00b0000 rw-p 00014000 00:112c 265949937                /nix/store/9bh3986bpragfjmr32gay8p95k91q4gy-glibc-2.33-47/lib/libresolv-2.33.so
7f58e00b0000-7f58e00b2000 rw-p 00000000 00:00 0 
7f58e00b2000-7f58e00b5000 r--p 00000000 00:112c 265949908                /nix/store/9bh3986bpragfjmr32gay8p95k91q4gy-glibc-2.33-47/lib/libgcc_s.so.1
7f58e00b5000-7f58e00c6000 r-xp 00003000 00:112c 265949908                /nix/store/9bh3986bpragfjmr32gay8p95k91q4gy-glibc-2.33-47/lib/libgcc_s.so.1
7f58e00c6000-7f58e00c9000 r--p 00014000 00:112c 265949908                /nix/store/9bh3986bpragfjmr32gay8p95k91q4gy-glibc-2.33-47/lib/libgcc_s.so.1
7f58e00c9000-7f58e00ca000 ---p 00017000 00:112c 265949908                /nix/store/9bh3986bpragfjmr32gay8p95k91q4gy-glibc-2.33-47/lib/libgcc_s.so.1
7f58e00ca000-7f58e00cb000 r--p 00017000 00:112c 265949908                /nix/store/9bh3986bpragfjmr32gay8p95k91q4gy-glibc-2.33-47/lib/libgcc_s.so.1
7f58e00cb000-7f58e00cc000 rw-p 00018000 00:112c 265949908                /nix/store/9bh3986bpragfjmr32gay8p95k91q4gy-glibc-2.33-47/lib/libgcc_s.so.1
7f58e00cc000-7f58e00cf000 ---p 00000000 00:00 0 
7f58e00cf000-7f58e01cd000 rw-p 00000000 00:00 0 
7f58e01cd000-7f58e01d0000 ---p 00000000 00:00 0 
7f58e01d0000-7f58e02ce000 rw-p 00000000 00:00 0 
7f58e02ce000-7f58e02e6000 r-xp 00000000 00:112c 182079293                /nix/store/x26gyx3nb3kx580i4r9qg9q1iw45xbp9-graalvm8-ce/jre/lib/amd64/libnet.so
7f58e02e6000-7f58e04e6000 ---p 00018000 00:112c 182079293                /nix/store/x26gyx3nb3kx580i4r9qg9q1iw45xbp9-graalvm8-ce/jre/lib/amd64/libnet.so
7f58e04e6000-7f58e04e7000 r--p 00018000 00:112c 182079293                /nix/store/x26gyx3nb3kx580i4r9qg9q1iw45xbp9-graalvm8-ce/jre/lib/amd64/libnet.so
7f58e04e7000-7f58e04e8000 rw-p 00019000 00:112c 182079293                /nix/store/x26gyx3nb3kx580i4r9qg9q1iw45xbp9-graalvm8-ce/jre/lib/amd64/libnet.so
7f58e04e8000-7f58e04ea000 rw-p 00020000 00:112c 182079293                /nix/store/x26gyx3nb3kx580i4r9qg9q1iw45xbp9-graalvm8-ce/jre/lib/amd64/libnet.so
7f58e04ea000-7f58e04fb000 r-xp 00000000 00:112c 182079294                /nix/store/x26gyx3nb3kx580i4r9qg9q1iw45xbp9-graalvm8-ce/jre/lib/amd64/libnio.so
7f58e04fb000-7f58e06fa000 ---p 00011000 00:112c 182079294                /nix/store/x26gyx3nb3kx580i4r9qg9q1iw45xbp9-graalvm8-ce/jre/lib/amd64/libnio.so
7f58e06fa000-7f58e06fb000 r--p 00010000 00:112c 182079294                /nix/store/x26gyx3nb3kx580i4r9qg9q1iw45xbp9-graalvm8-ce/jre/lib/amd64/libnio.so
7f58e06fb000-7f58e06fc000 rw-p 00011000 00:112c 182079294                /nix/store/x26gyx3nb3kx580i4r9qg9q1iw45xbp9-graalvm8-ce/jre/lib/amd64/libnio.so
7f58e06fc000-7f58e0700000 rw-p 00018000 00:112c 182079294                /nix/store/x26gyx3nb3kx580i4r9qg9q1iw45xbp9-graalvm8-ce/jre/lib/amd64/libnio.so
7f58e0700000-7f58e0baa000 r--p 00e97000 00:112c 182076995                /nix/store/x26gyx3nb3kx580i4r9qg9q1iw45xbp9-graalvm8-ce/jre/lib/amd64/libjvmcicompiler.so
7f58e0baa000-7f58e0c00000 r--p 00000000 00:00 0 
7f58e0c00000-7f58e0cd7000 rw-p 00000000 00:00 0 
7f58e0cd7000-7f58e1000000 rw-p 0146e000 00:112c 182076995                /nix/store/x26gyx3nb3kx580i4r9qg9q1iw45xbp9-graalvm8-ce/jre/lib/amd64/libjvmcicompiler.so
7f58e1000000-7f58e1442000 r--p 01797000 00:112c 182076995                /nix/store/x26gyx3nb3kx580i4r9qg9q1iw45xbp9-graalvm8-ce/jre/lib/amd64/libjvmcicompiler.so
7f58e144b000-7f58e1458000 r--s 000c0000 00:1134 84266                    /home/runner/eaglecraft-server-1-backup/java/bukkit_command/plugins/Worldedit.jar
7f58e1458000-7f58e1474000 r--s 00393000 00:112c 182192671                /nix/store/x26gyx3nb3kx580i4r9qg9q1iw45xbp9-graalvm8-ce/jre/lib/ext/cldrdata.jar
7f58e1474000-7f58e1477000 ---p 00000000 00:00 0 
7f58e1477000-7f58e14ad000 rw-p 00000000 00:00 0 
7f58e14ad000-7f58e1527000 r--s 011a7000 00:112c 182193735                /nix/store/x26gyx3nb3kx580i4r9qg9q1iw45xbp9-graalvm8-ce/jre/lib/jvmci/graal.jar
7f58e1527000-7f58e3102000 r-xp 00000000 00:112c 182076995                /nix/store/x26gyx3nb3kx580i4r9qg9q1iw45xbp9-graalvm8-ce/jre/lib/amd64/libjvmcicompiler.so
7f58e3102000-7f58e3301000 ---p 01bdb000 00:112c 182076995                /nix/store/x26gyx3nb3kx580i4r9qg9q1iw45xbp9-graalvm8-ce/jre/lib/amd64/libjvmcicompiler.so
7f58e3301000-7f58e3302000 r--p 01bda000 00:112c 182076995                /nix/store/x26gyx3nb3kx580i4r9qg9q1iw45xbp9-graalvm8-ce/jre/lib/amd64/libjvmcicompiler.so
7f58e3302000-7f58e3304000 rw-p 01bdb000 00:112c 182076995                /nix/store/x26gyx3nb3kx580i4r9qg9q1iw45xbp9-graalvm8-ce/jre/lib/amd64/libjvmcicompiler.so
7f58e3304000-7f58e3309000 rw-p 01e01000 00:112c 182076995                /nix/store/x26gyx3nb3kx580i4r9qg9q1iw45xbp9-graalvm8-ce/jre/lib/amd64/libjvmcicompiler.so
7f58e3309000-7f58e339d000 r--s 00bcb000 00:1134 310                      /home/runner/eaglecraft-server-1-backup/java/bukkit_command/craftbukkit-1.5.2-R1.0.jar
7f58e339e000-7f58e33a0000 r--s 00000000 00:1134 112467                   /home/runner/eaglecraft-server-1-backup/java/bukkit_command/plugins/EaglerPluginUpdater.jar (deleted)
7f58e33a0000-7f58e33a1000 r--s 00000000 00:1134 275                      /home/runner/eaglecraft-server-1-backup/java/bukkit_command/plugins/AutoSaver.jar
7f58e33a1000-7f58e33a3000 r--p 00000000 00:112c 265949924                /nix/store/9bh3986bpragfjmr32gay8p95k91q4gy-glibc-2.33-47/lib/libnss_dns-2.33.so
7f58e33a3000-7f58e33a6000 r-xp 00002000 00:112c 265949924                /nix/store/9bh3986bpragfjmr32gay8p95k91q4gy-glibc-2.33-47/lib/libnss_dns-2.33.so
7f58e33a6000-7f58e33a7000 r--p 00005000 00:112c 265949924                /nix/store/9bh3986bpragfjmr32gay8p95k91q4gy-glibc-2.33-47/lib/libnss_dns-2.33.so
7f58e33a7000-7f58e33a8000 r--p 00005000 00:112c 265949924                /nix/store/9bh3986bpragfjmr32gay8p95k91q4gy-glibc-2.33-47/lib/libnss_dns-2.33.so
7f58e33a8000-7f58e33a9000 rw-p 00006000 00:112c 265949924                /nix/store/9bh3986bpragfjmr32gay8p95k91q4gy-glibc-2.33-47/lib/libnss_dns-2.33.so
7f58e33a9000-7f58e33aa000 r--s 00003000 00:1134 112466                   /home/runner/eaglecraft-server-1-backup/java/bukkit_command/plugins/EaglerPluginInstaller.jar (deleted)
7f58e33aa000-7f58e33b0000 r--s 0003d000 00:112c 182193566                /nix/store/x26gyx3nb3kx580i4r9qg9q1iw45xbp9-graalvm8-ce/jre/lib/ext/sunjce_provider.jar
7f58e33b0000-7f58e33b2000 r--s 00008000 00:112c 182193565                /nix/store/x26gyx3nb3kx580i4r9qg9q1iw45xbp9-graalvm8-ce/jre/lib/ext/sunec.jar
7f58e33b2000-7f58e33b6000 r--s 00040000 00:112c 182193578                /nix/store/x26gyx3nb3kx580i4r9qg9q1iw45xbp9-graalvm8-ce/jre/lib/ext/sunpkcs11.jar
7f58e33b6000-7f58e33c1000 r--s 00116000 00:112c 182193165                /nix/store/x26gyx3nb3kx580i4r9qg9q1iw45xbp9-graalvm8-ce/jre/lib/ext/localedata.jar
7f58e33c1000-7f58e33c4000 ---p 00000000 00:00 0 
7f58e33c4000-7f58e33fa000 rw-p 00000000 00:00 0 
7f58e33fa000-7f58e340b000 r--s 001c4000 00:112c 182079322                /nix/store/x26gyx3nb3kx580i4r9qg9q1iw45xbp9-graalvm8-ce/jre/lib/jsse.jar
7f58e340b000-7f58e340f000 r--s 00089000 00:112c 182196473                /nix/store/x26gyx3nb3kx580i4r9qg9q1iw45xbp9-graalvm8-ce/jre/lib/jvmci/jvmci-hotspot.jar
7f58e340f000-7f58e3413000 r--s 0004f000 00:112c 182196470                /nix/store/x26gyx3nb3kx580i4r9qg9q1iw45xbp9-graalvm8-ce/jre/lib/jvmci/jvmci-api.jar
7f58e3413000-7f58e3414000 ---p 00000000 00:00 0 
7f58e3414000-7f58e3514000 rw-p 00000000 00:00 0 
7f58e3514000-7f58e3517000 ---p 00000000 00:00 0 
7f58e3517000-7f58e3615000 rw-p 00000000 00:00 0 
7f58e3615000-7f58e3616000 ---p 00000000 00:00 0 
7f58e3616000-7f58e3619000 ---p 00000000 00:00 0 
7f58e3619000-7f58e3816000 rw-p 00000000 00:00 0 
7f58e3816000-7f58e3817000 ---p 00000000 00:00 0 
7f58e3817000-7f58e381a000 ---p 00000000 00:00 0 
7f58e381a000-7f58e3a17000 rw-p 00000000 00:00 0 
7f58e3a17000-7f58e3a1a000 ---p 00000000 00:00 0 
7f58e3a1a000-7f58e3b18000 rw-p 00000000 00:00 0 
7f58e3b18000-7f58e3dfe000 r--p 00000000 00:110d 28444448                 /usr/lib/locale/locale-archive
7f58e3dfe000-7f58e3e01000 ---p 00000000 00:00 0 
7f58e3e01000-7f58e3eff000 rw-p 00000000 00:00 0 
7f58e3eff000-7f58e3f02000 ---p 00000000 00:00 0 
7f58e3f02000-7f58e4000000 rw-p 00000000 00:00 0 
7f58e4000000-7f58e4021000 rw-p 00000000 00:00 0 
7f58e4021000-7f58e8000000 ---p 00000000 00:00 0 
7f58e8000000-7f58e8021000 rw-p 00000000 00:00 0 
7f58e8021000-7f58ec000000 ---p 00000000 00:00 0 
7f58ec000000-7f58ec021000 rw-p 00000000 00:00 0 
7f58ec021000-7f58f0000000 ---p 00000000 00:00 0 
7f58f0000000-7f58f0002000 r--s 00016000 00:112c 182079319                /nix/store/x26gyx3nb3kx580i4r9qg9q1iw45xbp9-graalvm8-ce/jre/lib/jce.jar
7f58f0002000-7f58f0003000 r--s 00000000 00:112c 182193734                /nix/store/x26gyx3nb3kx580i4r9qg9q1iw45xbp9-graalvm8-ce/jre/lib/jvmci/graal-truffle-jfr-impl.jar
7f58f0003000-7f58f0004000 ---p 00000000 00:00 0 
7f58f0004000-7f58f0d5e000 rw-p 00000000 00:00 0 
7f58f0d5e000-7f58f0f2f000 r--s 03ca5000 00:112c 182079350                /nix/store/x26gyx3nb3kx580i4r9qg9q1iw45xbp9-graalvm8-ce/jre/lib/rt.jar
7f58f0f2f000-7f58f1000000 rw-p 00000000 00:00 0 
7f58f1000000-7f58f1b90000 rwxp 00000000 00:00 0 
7f58f1b90000-7f5900000000 ---p 00000000 00:00 0 
7f5900000000-7f5900521000 rw-p 00000000 00:00 0 
7f5900521000-7f5904000000 ---p 00000000 00:00 0 
7f5904000000-7f5904001000 r--s 00010000 00:112c 182192581                /nix/store/x26gyx3nb3kx580i4r9qg9q1iw45xbp9-graalvm8-ce/jre/lib/boot/graaljs-scriptengine.jar
7f5904001000-7f5904006000 r--s 0005c000 00:112c 182192580                /nix/store/x26gyx3nb3kx580i4r9qg9q1iw45xbp9-graalvm8-ce/jre/lib/boot/graal-sdk.src.zip
7f5904006000-7f5904007000 r--s 00004000 00:112c 182192582                /nix/store/x26gyx3nb3kx580i4r9qg9q1iw45xbp9-graalvm8-ce/jre/lib/boot/truffleruby-services.jar
7f5904007000-7f590400f000 r--s 0008b000 00:112c 182192579                /nix/store/x26gyx3nb3kx580i4r9qg9q1iw45xbp9-graalvm8-ce/jre/lib/boot/graal-sdk.jar
7f590400f000-7f5904010000 r--s 00005000 00:112c 182079328                /nix/store/x26gyx3nb3kx580i4r9qg9q1iw45xbp9-graalvm8-ce/jre/lib/jvmci-services.jar
7f5904010000-7f5904016000 r--s 000d3000 00:112c 182079321                /nix/store/x26gyx3nb3kx580i4r9qg9q1iw45xbp9-graalvm8-ce/jre/lib/jfr.jar
7f5904016000-7f5905920000 rw-p 00000000 00:00 0 
7f5905920000-7f5905921000 ---p 00000000 00:00 0 
7f5905921000-7f5905a21000 rw-p 00000000 00:00 0 
7f5905a21000-7f5905a22000 ---p 00000000 00:00 0 
7f5905a22000-7f5905b22000 rw-p 00000000 00:00 0 
7f5905b22000-7f5905b23000 ---p 00000000 00:00 0 
7f5905b23000-7f5905dfe000 rw-p 00000000 00:00 0 
7f5905dfe000-7f590618f000 ---p 00000000 00:00 0 
7f590618f000-7f5906197000 r-xp 00000000 00:112c 182079303                /nix/store/x26gyx3nb3kx580i4r9qg9q1iw45xbp9-graalvm8-ce/jre/lib/amd64/libzip.so
7f5906197000-7f5906396000 ---p 00008000 00:112c 182079303                /nix/store/x26gyx3nb3kx580i4r9qg9q1iw45xbp9-graalvm8-ce/jre/lib/amd64/libzip.so
7f5906396000-7f5906397000 r--p 00007000 00:112c 182079303                /nix/store/x26gyx3nb3kx580i4r9qg9q1iw45xbp9-graalvm8-ce/jre/lib/amd64/libzip.so
7f5906397000-7f5906398000 rw-p 00008000 00:112c 182079303                /nix/store/x26gyx3nb3kx580i4r9qg9q1iw45xbp9-graalvm8-ce/jre/lib/amd64/libzip.so
7f5906398000-7f590639a000 rw-p 0000b000 00:112c 182079303                /nix/store/x26gyx3nb3kx580i4r9qg9q1iw45xbp9-graalvm8-ce/jre/lib/amd64/libzip.so
7f590639a000-7f59063a2000 rw-s 00000000 00:110a 530                      /tmp/hsperfdata_runner/4676
7f59063a2000-7f59063a5000 r--p 00000000 00:112c 265949927                /nix/store/9bh3986bpragfjmr32gay8p95k91q4gy-glibc-2.33-47/lib/libnss_files-2.33.so
7f59063a5000-7f59063ab000 r-xp 00003000 00:112c 265949927                /nix/store/9bh3986bpragfjmr32gay8p95k91q4gy-glibc-2.33-47/lib/libnss_files-2.33.so
7f59063ab000-7f59063ad000 r--p 00009000 00:112c 265949927                /nix/store/9bh3986bpragfjmr32gay8p95k91q4gy-glibc-2.33-47/lib/libnss_files-2.33.so
7f59063ad000-7f59063ae000 r--p 0000a000 00:112c 265949927                /nix/store/9bh3986bpragfjmr32gay8p95k91q4gy-glibc-2.33-47/lib/libnss_files-2.33.so
7f59063ae000-7f59063af000 rw-p 0000b000 00:112c 265949927                /nix/store/9bh3986bpragfjmr32gay8p95k91q4gy-glibc-2.33-47/lib/libnss_files-2.33.so
7f59063af000-7f59063b6000 rw-p 00000000 00:00 0 
7f59063b6000-7f59063b7000 r--p 00000000 00:00 0 
7f59063b7000-7f59063df000 r-xp 00000000 00:112c 182076983                /nix/store/x26gyx3nb3kx580i4r9qg9q1iw45xbp9-graalvm8-ce/jre/lib/amd64/libjava.so
7f59063df000-7f59065de000 ---p 00028000 00:112c 182076983                /nix/store/x26gyx3nb3kx580i4r9qg9q1iw45xbp9-graalvm8-ce/jre/lib/amd64/libjava.so
7f59065de000-7f59065df000 r--p 00027000 00:112c 182076983                /nix/store/x26gyx3nb3kx580i4r9qg9q1iw45xbp9-graalvm8-ce/jre/lib/amd64/libjava.so
7f59065df000-7f59065e1000 rw-p 00028000 00:112c 182076983                /nix/store/x26gyx3nb3kx580i4r9qg9q1iw45xbp9-graalvm8-ce/jre/lib/amd64/libjava.so
7f59065e1000-7f59065e6000 rw-p 00034000 00:112c 182076983                /nix/store/x26gyx3nb3kx580i4r9qg9q1iw45xbp9-graalvm8-ce/jre/lib/amd64/libjava.so
7f59065e6000-7f59065f5000 r-xp 00000000 00:112c 182079302                /nix/store/x26gyx3nb3kx580i4r9qg9q1iw45xbp9-graalvm8-ce/jre/lib/amd64/libverify.so
7f59065f5000-7f59067f4000 ---p 0000f000 00:112c 182079302                /nix/store/x26gyx3nb3kx580i4r9qg9q1iw45xbp9-graalvm8-ce/jre/lib/amd64/libverify.so
7f59067f4000-7f59067f6000 r--p 0000e000 00:112c 182079302                /nix/store/x26gyx3nb3kx580i4r9qg9q1iw45xbp9-graalvm8-ce/jre/lib/amd64/libverify.so
7f59067f6000-7f59067f7000 rw-p 00010000 00:112c 182079302                /nix/store/x26gyx3nb3kx580i4r9qg9q1iw45xbp9-graalvm8-ce/jre/lib/amd64/libverify.so
7f59067f7000-7f59067f8000 rw-p 00013000 00:112c 182079302                /nix/store/x26gyx3nb3kx580i4r9qg9q1iw45xbp9-graalvm8-ce/jre/lib/amd64/libverify.so
7f59067f8000-7f59067fb000 r--p 00000000 00:112c 265949940                /nix/store/9bh3986bpragfjmr32gay8p95k91q4gy-glibc-2.33-47/lib/librt-2.33.so
7f59067fb000-7f59067ff000 r-xp 00003000 00:112c 265949940                /nix/store/9bh3986bpragfjmr32gay8p95k91q4gy-glibc-2.33-47/lib/librt-2.33.so
7f59067ff000-7f5906801000 r--p 00007000 00:112c 265949940                /nix/store/9bh3986bpragfjmr32gay8p95k91q4gy-glibc-2.33-47/lib/librt-2.33.so
7f5906801000-7f5906802000 r--p 00008000 00:112c 265949940                /nix/store/9bh3986bpragfjmr32gay8p95k91q4gy-glibc-2.33-47/lib/librt-2.33.so
7f5906802000-7f5906803000 rw-p 00009000 00:112c 265949940                /nix/store/9bh3986bpragfjmr32gay8p95k91q4gy-glibc-2.33-47/lib/librt-2.33.so
7f5906803000-7f5906804000 ---p 00000000 00:00 0 
7f5906804000-7f5906807000 ---p 00000000 00:00 0 
7f5906807000-7f5906904000 rw-p 00000000 00:00 0 
7f5906904000-7f5906913000 r--p 00000000 00:112c 265949909                /nix/store/9bh3986bpragfjmr32gay8p95k91q4gy-glibc-2.33-47/lib/libm-2.33.so
7f5906913000-7f59069aa000 r-xp 0000f000 00:112c 265949909                /nix/store/9bh3986bpragfjmr32gay8p95k91q4gy-glibc-2.33-47/lib/libm-2.33.so
7f59069aa000-7f5906a43000 r--p 000a6000 00:112c 265949909                /nix/store/9bh3986bpragfjmr32gay8p95k91q4gy-glibc-2.33-47/lib/libm-2.33.so
7f5906a43000-7f5906a44000 r--p 0013e000 00:112c 265949909                /nix/store/9bh3986bpragfjmr32gay8p95k91q4gy-glibc-2.33-47/lib/libm-2.33.so
7f5906a44000-7f5906a45000 rw-p 0013f000 00:112c 265949909                /nix/store/9bh3986bpragfjmr32gay8p95k91q4gy-glibc-2.33-47/lib/libm-2.33.so
7f5906a45000-7f590787c000 r-xp 00000000 00:112c 182192051                /nix/store/x26gyx3nb3kx580i4r9qg9q1iw45xbp9-graalvm8-ce/jre/lib/amd64/server/libjvm.so
7f590787c000-7f5907a7c000 ---p 00e37000 00:112c 182192051                /nix/store/x26gyx3nb3kx580i4r9qg9q1iw45xbp9-graalvm8-ce/jre/lib/amd64/server/libjvm.so
7f5907a7c000-7f5907b47000 rw-p 00e37000 00:112c 182192051                /nix/store/x26gyx3nb3kx580i4r9qg9q1iw45xbp9-graalvm8-ce/jre/lib/amd64/server/libjvm.so
7f5907b47000-7f5907b7f000 rw-p 00000000 00:00 0 
7f5907b7f000-7f5907ba5000 r--p 00000000 00:112c 265949897                /nix/store/9bh3986bpragfjmr32gay8p95k91q4gy-glibc-2.33-47/lib/libc-2.33.so
7f5907ba5000-7f5907ce8000 r-xp 00026000 00:112c 265949897                /nix/store/9bh3986bpragfjmr32gay8p95k91q4gy-glibc-2.33-47/lib/libc-2.33.so
7f5907ce8000-7f5907d35000 r--p 00169000 00:112c 265949897                /nix/store/9bh3986bpragfjmr32gay8p95k91q4gy-glibc-2.33-47/lib/libc-2.33.so
7f5907d35000-7f5907d38000 r--p 001b5000 00:112c 265949897                /nix/store/9bh3986bpragfjmr32gay8p95k91q4gy-glibc-2.33-47/lib/libc-2.33.so
7f5907d38000-7f5907d3b000 rw-p 001b8000 00:112c 265949897                /nix/store/9bh3986bpragfjmr32gay8p95k91q4gy-glibc-2.33-47/lib/libc-2.33.so
7f5907d3b000-7f5907d46000 rw-p 00000000 00:00 0 
7f5907d46000-7f5907d47000 r--p 00000000 00:112c 265949904                /nix/store/9bh3986bpragfjmr32gay8p95k91q4gy-glibc-2.33-47/lib/libdl-2.33.so
7f5907d47000-7f5907d48000 r-xp 00001000 00:112c 265949904                /nix/store/9bh3986bpragfjmr32gay8p95k91q4gy-glibc-2.33-47/lib/libdl-2.33.so
7f5907d48000-7f5907d49000 r--p 00002000 00:112c 265949904                /nix/store/9bh3986bpragfjmr32gay8p95k91q4gy-glibc-2.33-47/lib/libdl-2.33.so
7f5907d49000-7f5907d4a000 r--p 00002000 00:112c 265949904                /nix/store/9bh3986bpragfjmr32gay8p95k91q4gy-glibc-2.33-47/lib/libdl-2.33.so
7f5907d4a000-7f5907d4b000 rw-p 00003000 00:112c 265949904                /nix/store/9bh3986bpragfjmr32gay8p95k91q4gy-glibc-2.33-47/lib/libdl-2.33.so
7f5907d4b000-7f5907d58000 r-xp 00000000 00:112c 182076968                /nix/store/x26gyx3nb3kx580i4r9qg9q1iw45xbp9-graalvm8-ce/jre/lib/amd64/jli/libjli.so
7f5907d58000-7f5907f58000 ---p 0000d000 00:112c 182076968                /nix/store/x26gyx3nb3kx580i4r9qg9q1iw45xbp9-graalvm8-ce/jre/lib/amd64/jli/libjli.so
7f5907f58000-7f5907f59000 r--p 0000d000 00:112c 182076968                /nix/store/x26gyx3nb3kx580i4r9qg9q1iw45xbp9-graalvm8-ce/jre/lib/amd64/jli/libjli.so
7f5907f59000-7f5907f5a000 rw-p 0000e000 00:112c 182076968                /nix/store/x26gyx3nb3kx580i4r9qg9q1iw45xbp9-graalvm8-ce/jre/lib/amd64/jli/libjli.so
7f5907f5a000-7f5907f5b000 rw-p 00012000 00:112c 182076968                /nix/store/x26gyx3nb3kx580i4r9qg9q1iw45xbp9-graalvm8-ce/jre/lib/amd64/jli/libjli.so
7f5907f5b000-7f5907f5e000 r--p 00000000 00:112c 266601246                /nix/store/dc3r2nbhckwn41hq5vaxxbj7z0lqdwb1-zlib-1.2.11/lib/libz.so.1.2.11
7f5907f5e000-7f5907f6f000 r-xp 00003000 00:112c 266601246                /nix/store/dc3r2nbhckwn41hq5vaxxbj7z0lqdwb1-zlib-1.2.11/lib/libz.so.1.2.11
7f5907f6f000-7f5907f75000 r--p 00014000 00:112c 266601246                /nix/store/dc3r2nbhckwn41hq5vaxxbj7z0lqdwb1-zlib-1.2.11/lib/libz.so.1.2.11
7f5907f75000-7f5907f76000 ---p 0001a000 00:112c 266601246                /nix/store/dc3r2nbhckwn41hq5vaxxbj7z0lqdwb1-zlib-1.2.11/lib/libz.so.1.2.11
7f5907f76000-7f5907f77000 r--p 0001a000 00:112c 266601246                /nix/store/dc3r2nbhckwn41hq5vaxxbj7z0lqdwb1-zlib-1.2.11/lib/libz.so.1.2.11
7f5907f77000-7f5907f78000 rw-p 0001b000 00:112c 266601246                /nix/store/dc3r2nbhckwn41hq5vaxxbj7z0lqdwb1-zlib-1.2.11/lib/libz.so.1.2.11
7f5907f78000-7f5907f7f000 r--p 00000000 00:112c 265949934                /nix/store/9bh3986bpragfjmr32gay8p95k91q4gy-glibc-2.33-47/lib/libpthread-2.33.so
7f5907f7f000-7f5907f8d000 r-xp 00007000 00:112c 265949934                /nix/store/9bh3986bpragfjmr32gay8p95k91q4gy-glibc-2.33-47/lib/libpthread-2.33.so
7f5907f8d000-7f5907f92000 r--p 00015000 00:112c 265949934                /nix/store/9bh3986bpragfjmr32gay8p95k91q4gy-glibc-2.33-47/lib/libpthread-2.33.so
7f5907f92000-7f5907f93000 r--p 00019000 00:112c 265949934                /nix/store/9bh3986bpragfjmr32gay8p95k91q4gy-glibc-2.33-47/lib/libpthread-2.33.so
7f5907f93000-7f5907f94000 rw-p 0001a000 00:112c 265949934                /nix/store/9bh3986bpragfjmr32gay8p95k91q4gy-glibc-2.33-47/lib/libpthread-2.33.so
7f5907f94000-7f5907f9a000 rw-p 00000000 00:00 0 
7f5907f9a000-7f5907f9b000 r--p 00000000 00:112c 265949888                /nix/store/9bh3986bpragfjmr32gay8p95k91q4gy-glibc-2.33-47/lib/ld-2.33.so
7f5907f9b000-7f5907fbf000 r-xp 00001000 00:112c 265949888                /nix/store/9bh3986bpragfjmr32gay8p95k91q4gy-glibc-2.33-47/lib/ld-2.33.so
7f5907fbf000-7f5907fc9000 r--p 00025000 00:112c 265949888                /nix/store/9bh3986bpragfjmr32gay8p95k91q4gy-glibc-2.33-47/lib/ld-2.33.so
7f5907fc9000-7f5907fcb000 r--p 0002e000 00:112c 265949888                /nix/store/9bh3986bpragfjmr32gay8p95k91q4gy-glibc-2.33-47/lib/ld-2.33.so
7f5907fcb000-7f5907fcd000 rw-p 00030000 00:112c 265949888                /nix/store/9bh3986bpragfjmr32gay8p95k91q4gy-glibc-2.33-47/lib/ld-2.33.so
7fff117c5000-7fff117e9000 rw-p 00000000 00:00 0                          [stack]
7fff117f2000-7fff117f6000 r--p 00000000 00:00 0                          [vvar]
7fff117f6000-7fff117f8000 r-xp 00000000 00:00 0                          [vdso]
ffffffffff600000-ffffffffff601000 --xp 00000000 00:00 0                  [vsyscall]

VM Arguments:
jvm_args: -Xmx512M -Xms512M 
java_command: craftbukkit-1.5.2-R1.0.jar
java_class_path (initial): craftbukkit-1.5.2-R1.0.jar
Launcher Type: SUN_STANDARD

Environment Variables:
JAVA_HOME=/nix/store/x26gyx3nb3kx580i4r9qg9q1iw45xbp9-graalvm8-ce
LD_LIBRARY_PATH=/nix/store/kbz3s60sndry87c2csg4svbbld3224q8-cups-2.3.3-lib/lib:/nix/store/0bdcnb6wnd9dg4wj4aqjwkizzz7lldps-cairo-1.16.0/lib:/nix/store/3jz43ya7j65mh53nj262rilsk1j2jb68-glib-2.68.3/lib:/nix/store/qvmdkg2f09pvlsdr4bqasyiy5g0mbvrd-gtk+3-3.24.30/lib:/nix/store/hisqvx32cd57apbpcsnkpx6k3549wql1-libglvnd-1.4.0/lib:/nix/store/p36pgcv991mq5srvg765b78yqpxvk3qs-mesa-21.3.3-drivers/lib:/nix/store/mav4251if1ahjq5vkpwycyyvnmy459c4-pulseaudio-14.2/lib
DISPLAY=:0

Signal Handlers:
SIGSEGV: [libjvm.so+0xbe9860], sa_mask[0]=11111111011111111101111111111110, sa_flags=SA_RESTART|SA_SIGINFO
SIGBUS: [libjvm.so+0xbe9860], sa_mask[0]=11111111011111111101111111111110, sa_flags=SA_RESTART|SA_SIGINFO
SIGFPE: [libjvm.so+0xa11d10], sa_mask[0]=11111111011111111101111111111110, sa_flags=SA_RESTART|SA_SIGINFO
SIGPIPE: [libjvm.so+0xa11d10], sa_mask[0]=11111111011111111101111111111110, sa_flags=SA_RESTART|SA_SIGINFO
SIGXFSZ: [libjvm.so+0xa11d10], sa_mask[0]=11111111011111111101111111111110, sa_flags=SA_RESTART|SA_SIGINFO
SIGILL: [libjvm.so+0xa11d10], sa_mask[0]=11111111011111111101111111111110, sa_flags=SA_RESTART|SA_SIGINFO
SIGUSR1: SIG_DFL, sa_mask[0]=00000000000000000000000000000000, sa_flags=none
SIGUSR2: [libjvm.so+0xa11be0], sa_mask[0]=00000000000000000000000000000000, sa_flags=SA_RESTART|SA_SIGINFO
SIGHUP: [libjvm.so+0xa12200], sa_mask[0]=11111111011111111101111111111110, sa_flags=SA_RESTART|SA_SIGINFO
SIGINT: [libjvm.so+0xa12200], sa_mask[0]=11111111011111111101111111111110, sa_flags=SA_RESTART|SA_SIGINFO
SIGTERM: [libjvm.so+0xa12200], sa_mask[0]=11111111011111111101111111111110, sa_flags=SA_RESTART|SA_SIGINFO
SIGQUIT: [libjvm.so+0xa12200], sa_mask[0]=11111111011111111101111111111110, sa_flags=SA_RESTART|SA_SIGINFO


---------------  S Y S T E M  ---------------

OS:DISTRIB_ID=Ubuntu
DISTRIB_RELEASE=20.04
DISTRIB_CODENAME=focal
DISTRIB_DESCRIPTION="Ubuntu 20.04.2 LTS"

uname:Linux 6.2.0-1017-gcp #19~22.04.1-Ubuntu SMP Fri Oct 13 15:33:25 UTC 2023 x86_64
libc:glibc 2.33 NPTL 2.33 
rlimit: STACK 8192k, CORE infinity, NPROC infinity, NOFILE 5242, AS infinity
load average:25.64 10.36 7.58

/proc/meminfo:
MemTotal:       32855992 kB
MemFree:          748252 kB
MemAvailable:   16811296 kB
Buffers:          858160 kB
Cached:         13971004 kB
SwapCached:            0 kB
Active:          6098832 kB
Inactive:       23030892 kB
Active(anon):      15864 kB
Inactive(anon): 13902412 kB
Active(file):    6082968 kB
Inactive(file):  9128480 kB
Unevictable:       28360 kB
Mlocked:           28360 kB
SwapTotal:             0 kB
SwapFree:              0 kB
Zswap:                 0 kB
Zswapped:              0 kB
Dirty:              6360 kB
Writeback:          1600 kB
AnonPages:      14232684 kB
Mapped:          1283872 kB
Shmem:             56120 kB
KReclaimable:    1448360 kB
Slab:            2136484 kB
SReclaimable:    1448360 kB
SUnreclaim:       688124 kB
KernelStack:      190328 kB
PageTables:       297928 kB
SecPageTables:         0 kB
NFS_Unstable:          0 kB
Bounce:                0 kB
WritebackTmp:          0 kB
CommitLimit:    16427996 kB
Committed_AS:   58547340 kB
VmallocTotal:   34359738367 kB
VmallocUsed:      221824 kB
VmallocChunk:          0 kB
Percpu:            20896 kB
HardwareCorrupted:     0 kB
AnonHugePages:   1054720 kB
ShmemHugePages:        0 kB
ShmemPmdMapped:        0 kB
FileHugePages:         0 kB
FilePmdMapped:         0 kB
HugePages_Total:       0
HugePages_Free:        0
HugePages_Rsvd:        0
HugePages_Surp:        0
Hugepagesize:       2048 kB
Hugetlb:               0 kB
DirectMap4k:      940856 kB
DirectMap2M:    25270272 kB
DirectMap1G:     9437184 kB


CPU:total 4 (initial active 3) (4 cores per cpu, 1 threads per core) family 23 model 49 stepping 0, cmov, cx8, fxsr, mmx, sse, sse2, sse3, ssse3, sse4.1, sse4.2, popcnt, avx, avx2, aes, clmul, mmxext, 3dnowpref, lzcnt, sse4a, tsc, tscinvbit, tscinv, bmi1

/proc/cpuinfo:
processor	: 0
vendor_id	: AuthenticAMD
cpu family	: 23
model		: 49
model name	: AMD EPYC 7B12
stepping	: 0
microcode	: 0xffffffff
cpu MHz		: 2249.998
cache size	: 512 KB
physical id	: 0
siblings	: 4
core id		: 0
cpu cores	: 2
apicid		: 0
initial apicid	: 0
fpu		: yes
fpu_exception	: yes
cpuid level	: 13
wp		: yes
flags		: fpu vme de pse tsc msr pae mce cx8 apic sep mtrr pge mca cmov pat pse36 clflush mmx fxsr sse sse2 ht syscall nx mmxext fxsr_opt pdpe1gb rdtscp lm constant_tsc rep_good nopl nonstop_tsc cpuid extd_apicid tsc_known_freq pni pclmulqdq ssse3 fma cx16 sse4_1 sse4_2 movbe popcnt aes xsave avx f16c rdrand hypervisor lahf_lm cmp_legacy cr8_legacy abm sse4a misalignsse 3dnowprefetch osvw topoext ssbd ibrs ibpb stibp vmmcall fsgsbase tsc_adjust bmi1 avx2 smep bmi2 rdseed adx smap clflushopt clwb sha_ni xsaveopt xsavec xgetbv1 clzero xsaveerptr arat npt nrip_save umip rdpid
bugs		: sysret_ss_attrs null_seg spectre_v1 spectre_v2 spec_store_bypass retbleed smt_rsb srso
bogomips	: 4499.99
TLB size	: 3072 4K pages
clflush size	: 64
cache_alignment	: 64
address sizes	: 48 bits physical, 48 bits virtual
power management:

processor	: 1
vendor_id	: AuthenticAMD
cpu family	: 23
model		: 49
model name	: AMD EPYC 7B12
stepping	: 0
microcode	: 0xffffffff
cpu MHz		: 2249.998
cache size	: 512 KB
physical id	: 0
siblings	: 4
core id		: 1
cpu cores	: 2
apicid		: 2
initial apicid	: 2
fpu		: yes
fpu_exception	: yes
cpuid level	: 13
wp		: yes
flags		: fpu vme de pse tsc msr pae mce cx8 apic sep mtrr pge mca cmov pat pse36 clflush mmx fxsr sse sse2 ht syscall nx mmxext fxsr_opt pdpe1gb rdtscp lm constant_tsc rep_good nopl nonstop_tsc cpuid extd_apicid tsc_known_freq pni pclmulqdq ssse3 fma cx16 sse4_1 sse4_2 movbe popcnt aes xsave avx f16c rdrand hypervisor lahf_lm cmp_legacy cr8_legacy abm sse4a misalignsse 3dnowprefetch osvw topoext ssbd ibrs ibpb stibp vmmcall fsgsbase tsc_adjust bmi1 avx2 smep bmi2 rdseed adx smap clflushopt clwb sha_ni xsaveopt xsavec xgetbv1 clzero xsaveerptr arat npt nrip_save umip rdpid
bugs		: sysret_ss_attrs null_seg spectre_v1 spectre_v2 spec_store_bypass retbleed smt_rsb srso
bogomips	: 4499.99
TLB size	: 3072 4K pages
clflush size	: 64
cache_alignment	: 64
address sizes	: 48 bits physical, 48 bits virtual
power management:

processor	: 2
vendor_id	: AuthenticAMD
cpu family	: 23
model		: 49
model name	: AMD EPYC 7B12
stepping	: 0
microcode	: 0xffffffff
cpu MHz		: 2249.998
cache size	: 512 KB
physical id	: 0
siblings	: 4
core id		: 0
cpu cores	: 2
apicid		: 1
initial apicid	: 1
fpu		: yes
fpu_exception	: yes
cpuid level	: 13
wp		: yes
flags		: fpu vme de pse tsc msr pae mce cx8 apic sep mtrr pge mca cmov pat pse36 clflush mmx fxsr sse sse2 ht syscall nx mmxext fxsr_opt pdpe1gb rdtscp lm constant_tsc rep_good nopl nonstop_tsc cpuid extd_apicid tsc_known_freq pni pclmulqdq ssse3 fma cx16 sse4_1 sse4_2 movbe popcnt aes xsave avx f16c rdrand hypervisor lahf_lm cmp_legacy cr8_legacy abm sse4a misalignsse 3dnowprefetch osvw topoext ssbd ibrs ibpb stibp vmmcall fsgsbase tsc_adjust bmi1 avx2 smep bmi2 rdseed adx smap clflushopt clwb sha_ni xsaveopt xsavec xgetbv1 clzero xsaveerptr arat npt nrip_save umip rdpid
bugs		: sysret_ss_attrs null_seg spectre_v1 spectre_v2 spec_store_bypass retbleed smt_rsb srso
bogomips	: 4499.99
TLB size	: 3072 4K pages
clflush size	: 64
cache_alignment	: 64
address sizes	: 48 bits physical, 48 bits virtual
power management:

processor	: 3
vendor_id	: AuthenticAMD
cpu family	: 23
model		: 49
model name	: AMD EPYC 7B12
stepping	: 0
microcode	: 0xffffffff
cpu MHz		: 2249.998
cache size	: 512 KB
physical id	: 0
siblings	: 4
core id		: 1
cpu cores	: 2
apicid		: 3
initial apicid	: 3
fpu		: yes
fpu_exception	: yes
cpuid level	: 13
wp		: yes
flags		: fpu vme de pse tsc msr pae mce cx8 apic sep mtrr pge mca cmov pat pse36 clflush mmx fxsr sse sse2 ht syscall nx mmxext fxsr_opt pdpe1gb rdtscp lm constant_tsc rep_good nopl nonstop_tsc cpuid extd_apicid tsc_known_freq pni pclmulqdq ssse3 fma cx16 sse4_1 sse4_2 movbe popcnt aes xsave avx f16c rdrand hypervisor lahf_lm cmp_legacy cr8_legacy abm sse4a misalignsse 3dnowprefetch osvw topoext ssbd ibrs ibpb stibp vmmcall fsgsbase tsc_adjust bmi1 avx2 smep bmi2 rdseed adx smap clflushopt clwb sha_ni xsaveopt xsavec xgetbv1 clzero xsaveerptr arat npt nrip_save umip rdpid
bugs		: sysret_ss_attrs null_seg spectre_v1 spectre_v2 spec_store_bypass retbleed smt_rsb srso
bogomips	: 4499.99
TLB size	: 3072 4K pages
clflush size	: 64
cache_alignment	: 64
address sizes	: 48 bits physical, 48 bits virtual
power management:



Memory: 4k page, physical 32855992k(746992k free), swap 0k(0k free)

vm_info: OpenJDK 64-Bit Server VM GraalVM CE 21.2.0 (25.302-b07-jvmci-21.2-b08) for linux-amd64 JRE (1.8.0), built on Jul 19 2021 22:50:15 by "buildslave" with gcc 7.3.0

time: Tue Oct 31 18:51:47 2023
timezone: UTC
elapsed time: 5865.903062 seconds (0d 1h 37m 45s)

